ARM GAS  C:\Users\Ya\AppData\Local\Temp\ccLQkuur.s 			page 1


   1              		.cpu cortex-m33
   2              		.arch armv8-m.main
   3              		.fpu fpv5-sp-d16
   4              		.arch_extension dsp
   5              		.eabi_attribute 27, 1
   6              		.eabi_attribute 28, 1
   7              		.eabi_attribute 20, 1
   8              		.eabi_attribute 21, 1
   9              		.eabi_attribute 23, 3
  10              		.eabi_attribute 24, 1
  11              		.eabi_attribute 25, 1
  12              		.eabi_attribute 26, 1
  13              		.eabi_attribute 30, 1
  14              		.eabi_attribute 34, 1
  15              		.eabi_attribute 18, 4
  16              		.file	"linked_list.c"
  17              		.text
  18              	.Ltext0:
  19              		.cfi_sections	.debug_frame
  20              		.file 1 "Src/linked_list.c"
  21              		.section	.text.MX_ADCQueue_Config,"ax",%progbits
  22              		.align	1
  23              		.global	MX_ADCQueue_Config
  24              		.syntax unified
  25              		.thumb
  26              		.thumb_func
  28              	MX_ADCQueue_Config:
  29              	.LFB340:
   1:Src/linked_list.c **** /* USER CODE BEGIN Header */
   2:Src/linked_list.c **** /**
   3:Src/linked_list.c ****   ******************************************************************************
   4:Src/linked_list.c ****   * File Name          : linked_list.c
   5:Src/linked_list.c ****   * Description        : This file provides code for the configuration
   6:Src/linked_list.c ****   *                      of the LinkedList.
   7:Src/linked_list.c ****   ******************************************************************************
   8:Src/linked_list.c ****   * @attention
   9:Src/linked_list.c ****   *
  10:Src/linked_list.c ****   * Copyright (c) 2021 STMicroelectronics.
  11:Src/linked_list.c ****   * All rights reserved.
  12:Src/linked_list.c ****   *
  13:Src/linked_list.c ****   * This software is licensed under terms that can be found in the LICENSE file
  14:Src/linked_list.c ****   * in the root directory of this software component.
  15:Src/linked_list.c ****   * If no LICENSE file comes with this software, it is provided AS-IS.
  16:Src/linked_list.c ****   *
  17:Src/linked_list.c ****   ******************************************************************************
  18:Src/linked_list.c ****   */
  19:Src/linked_list.c **** /* USER CODE END Header */
  20:Src/linked_list.c **** /* Includes ------------------------------------------------------------------*/
  21:Src/linked_list.c **** #include "linked_list.h"
  22:Src/linked_list.c **** 
  23:Src/linked_list.c **** /* Private includes ----------------------------------------------------------*/
  24:Src/linked_list.c **** /* USER CODE BEGIN Includes */
  25:Src/linked_list.c **** 
  26:Src/linked_list.c **** /* USER CODE END Includes */
  27:Src/linked_list.c **** 
  28:Src/linked_list.c **** DMA_NodeTypeDef ADCNode;
  29:Src/linked_list.c **** DMA_QListTypeDef ADCQueue;
ARM GAS  C:\Users\Ya\AppData\Local\Temp\ccLQkuur.s 			page 2


  30:Src/linked_list.c **** 
  31:Src/linked_list.c **** /* Private typedef -----------------------------------------------------------*/
  32:Src/linked_list.c **** /* USER CODE BEGIN PTD */
  33:Src/linked_list.c **** 
  34:Src/linked_list.c **** /* USER CODE END PTD */
  35:Src/linked_list.c **** 
  36:Src/linked_list.c **** /* Private define ------------------------------------------------------------*/
  37:Src/linked_list.c **** /* USER CODE BEGIN PD */
  38:Src/linked_list.c **** 
  39:Src/linked_list.c **** /* USER CODE END PD */
  40:Src/linked_list.c **** 
  41:Src/linked_list.c **** /* Private macro -------------------------------------------------------------*/
  42:Src/linked_list.c **** /* USER CODE BEGIN PM */
  43:Src/linked_list.c **** 
  44:Src/linked_list.c **** /* USER CODE END PM */
  45:Src/linked_list.c **** 
  46:Src/linked_list.c **** /**
  47:Src/linked_list.c ****   * @brief  DMA Linked-list ADCQueue configuration
  48:Src/linked_list.c ****   * @param  None
  49:Src/linked_list.c ****   * @retval None
  50:Src/linked_list.c ****   */
  51:Src/linked_list.c **** HAL_StatusTypeDef MX_ADCQueue_Config(void)
  52:Src/linked_list.c **** {
  30              		.loc 1 52 1 view -0
  31              		.cfi_startproc
  32              		@ args = 0, pretend = 0, frame = 112
  33              		@ frame_needed = 0, uses_anonymous_args = 0
  34 0000 70B5     		push	{r4, r5, r6, lr}
  35              		.cfi_def_cfa_offset 16
  36              		.cfi_offset 4, -16
  37              		.cfi_offset 5, -12
  38              		.cfi_offset 6, -8
  39              		.cfi_offset 14, -4
  40 0002 9CB0     		sub	sp, sp, #112
  41              		.cfi_def_cfa_offset 128
  53:Src/linked_list.c ****   HAL_StatusTypeDef ret = HAL_OK;
  42              		.loc 1 53 3 view .LVU1
  43              	.LVL0:
  54:Src/linked_list.c ****   /* DMA node configuration declaration */
  55:Src/linked_list.c ****   DMA_NodeConfTypeDef pNodeConfig;
  44              		.loc 1 55 3 view .LVU2
  56:Src/linked_list.c **** 
  57:Src/linked_list.c ****   /* Set node configuration ################################################*/
  58:Src/linked_list.c ****   pNodeConfig.NodeType = DMA_GPDMA_LINEAR_NODE;
  45              		.loc 1 58 3 view .LVU3
  46              		.loc 1 58 24 is_stmt 0 view .LVU4
  47 0004 2123     		movs	r3, #33
  48 0006 0193     		str	r3, [sp, #4]
  59:Src/linked_list.c ****   pNodeConfig.Init.Request = GPDMA1_REQUEST_ADC1;
  49              		.loc 1 59 3 is_stmt 1 view .LVU5
  50              		.loc 1 59 28 is_stmt 0 view .LVU6
  51 0008 0023     		movs	r3, #0
  52 000a 0293     		str	r3, [sp, #8]
  60:Src/linked_list.c ****   pNodeConfig.Init.BlkHWRequest = DMA_BREQ_SINGLE_BURST;
  53              		.loc 1 60 3 is_stmt 1 view .LVU7
  54              		.loc 1 60 33 is_stmt 0 view .LVU8
  55 000c 0393     		str	r3, [sp, #12]
ARM GAS  C:\Users\Ya\AppData\Local\Temp\ccLQkuur.s 			page 3


  61:Src/linked_list.c ****   pNodeConfig.Init.Direction = DMA_PERIPH_TO_MEMORY;
  56              		.loc 1 61 3 is_stmt 1 view .LVU9
  57              		.loc 1 61 30 is_stmt 0 view .LVU10
  58 000e 0493     		str	r3, [sp, #16]
  62:Src/linked_list.c ****   pNodeConfig.Init.SrcInc = DMA_SINC_FIXED;
  59              		.loc 1 62 3 is_stmt 1 view .LVU11
  60              		.loc 1 62 27 is_stmt 0 view .LVU12
  61 0010 0593     		str	r3, [sp, #20]
  63:Src/linked_list.c ****   pNodeConfig.Init.DestInc = DMA_DINC_INCREMENTED;
  62              		.loc 1 63 3 is_stmt 1 view .LVU13
  63              		.loc 1 63 28 is_stmt 0 view .LVU14
  64 0012 4FF40022 		mov	r2, #524288
  65 0016 0692     		str	r2, [sp, #24]
  64:Src/linked_list.c ****   pNodeConfig.Init.SrcDataWidth = DMA_SRC_DATAWIDTH_WORD;
  66              		.loc 1 64 3 is_stmt 1 view .LVU15
  67              		.loc 1 64 33 is_stmt 0 view .LVU16
  68 0018 0222     		movs	r2, #2
  69 001a 0792     		str	r2, [sp, #28]
  65:Src/linked_list.c ****   pNodeConfig.Init.DestDataWidth = DMA_DEST_DATAWIDTH_WORD;
  70              		.loc 1 65 3 is_stmt 1 view .LVU17
  71              		.loc 1 65 34 is_stmt 0 view .LVU18
  72 001c 4FF40032 		mov	r2, #131072
  73 0020 0892     		str	r2, [sp, #32]
  66:Src/linked_list.c ****   pNodeConfig.Init.SrcBurstLength = 1;
  74              		.loc 1 66 3 is_stmt 1 view .LVU19
  75              		.loc 1 66 35 is_stmt 0 view .LVU20
  76 0022 0122     		movs	r2, #1
  77 0024 0A92     		str	r2, [sp, #40]
  67:Src/linked_list.c ****   pNodeConfig.Init.DestBurstLength = 1;
  78              		.loc 1 67 3 is_stmt 1 view .LVU21
  79              		.loc 1 67 36 is_stmt 0 view .LVU22
  80 0026 0B92     		str	r2, [sp, #44]
  68:Src/linked_list.c ****   pNodeConfig.Init.TransferAllocatedPort = DMA_SRC_ALLOCATED_PORT0|DMA_DEST_ALLOCATED_PORT0;
  81              		.loc 1 68 3 is_stmt 1 view .LVU23
  82              		.loc 1 68 42 is_stmt 0 view .LVU24
  83 0028 0C93     		str	r3, [sp, #48]
  69:Src/linked_list.c ****   pNodeConfig.Init.TransferEventMode = DMA_TCEM_BLOCK_TRANSFER;
  84              		.loc 1 69 3 is_stmt 1 view .LVU25
  85              		.loc 1 69 38 is_stmt 0 view .LVU26
  86 002a 0D93     		str	r3, [sp, #52]
  70:Src/linked_list.c ****   pNodeConfig.TriggerConfig.TriggerPolarity = DMA_TRIG_POLARITY_MASKED;
  87              		.loc 1 70 3 is_stmt 1 view .LVU27
  88              		.loc 1 70 45 is_stmt 0 view .LVU28
  89 002c 1293     		str	r3, [sp, #72]
  71:Src/linked_list.c ****   pNodeConfig.DataHandlingConfig.DataExchange = DMA_EXCHANGE_NONE;
  90              		.loc 1 71 3 is_stmt 1 view .LVU29
  91              		.loc 1 71 47 is_stmt 0 view .LVU30
  92 002e 0F93     		str	r3, [sp, #60]
  72:Src/linked_list.c ****   pNodeConfig.DataHandlingConfig.DataAlignment = DMA_DATA_RIGHTALIGN_ZEROPADDED;
  93              		.loc 1 72 3 is_stmt 1 view .LVU31
  94              		.loc 1 72 48 is_stmt 0 view .LVU32
  95 0030 1093     		str	r3, [sp, #64]
  73:Src/linked_list.c ****   pNodeConfig.SrcAddress = 0;
  96              		.loc 1 73 3 is_stmt 1 view .LVU33
  97              		.loc 1 73 26 is_stmt 0 view .LVU34
  98 0032 1993     		str	r3, [sp, #100]
  74:Src/linked_list.c ****   pNodeConfig.DstAddress = 0;
ARM GAS  C:\Users\Ya\AppData\Local\Temp\ccLQkuur.s 			page 4


  99              		.loc 1 74 3 is_stmt 1 view .LVU35
 100              		.loc 1 74 26 is_stmt 0 view .LVU36
 101 0034 1A93     		str	r3, [sp, #104]
  75:Src/linked_list.c ****   pNodeConfig.DataSize = 0;
 102              		.loc 1 75 3 is_stmt 1 view .LVU37
 103              		.loc 1 75 24 is_stmt 0 view .LVU38
 104 0036 1B93     		str	r3, [sp, #108]
  76:Src/linked_list.c **** 
  77:Src/linked_list.c ****   /* Build ADCNode Node */
  78:Src/linked_list.c ****   ret |= HAL_DMAEx_List_BuildNode(&pNodeConfig, &ADCNode);
 105              		.loc 1 78 3 is_stmt 1 view .LVU39
 106              		.loc 1 78 10 is_stmt 0 view .LVU40
 107 0038 094E     		ldr	r6, .L3
 108 003a 3146     		mov	r1, r6
 109 003c 01A8     		add	r0, sp, #4
 110 003e FFF7FEFF 		bl	HAL_DMAEx_List_BuildNode
 111              	.LVL1:
 112 0042 0446     		mov	r4, r0
 113              	.LVL2:
  79:Src/linked_list.c **** 
  80:Src/linked_list.c ****   /* Insert ADCNode to Queue */
  81:Src/linked_list.c ****   ret |= HAL_DMAEx_List_InsertNode_Tail(&ADCQueue, &ADCNode);
 114              		.loc 1 81 3 is_stmt 1 view .LVU41
 115              		.loc 1 81 10 is_stmt 0 view .LVU42
 116 0044 074D     		ldr	r5, .L3+4
 117 0046 3146     		mov	r1, r6
 118 0048 2846     		mov	r0, r5
 119 004a FFF7FEFF 		bl	HAL_DMAEx_List_InsertNode_Tail
 120              	.LVL3:
 121              		.loc 1 81 7 view .LVU43
 122 004e 0443     		orrs	r4, r4, r0
 123              	.LVL4:
 124              		.loc 1 81 7 view .LVU44
 125 0050 E4B2     		uxtb	r4, r4
 126              	.LVL5:
  82:Src/linked_list.c **** 
  83:Src/linked_list.c ****   ret |= HAL_DMAEx_List_SetCircularMode(&ADCQueue);
 127              		.loc 1 83 3 is_stmt 1 view .LVU45
 128              		.loc 1 83 10 is_stmt 0 view .LVU46
 129 0052 2846     		mov	r0, r5
 130 0054 FFF7FEFF 		bl	HAL_DMAEx_List_SetCircularMode
 131              	.LVL6:
 132              		.loc 1 83 7 view .LVU47
 133 0058 2043     		orrs	r0, r0, r4
 134              	.LVL7:
  84:Src/linked_list.c **** 
  85:Src/linked_list.c ****    return ret;
 135              		.loc 1 85 4 is_stmt 1 view .LVU48
  86:Src/linked_list.c **** }
 136              		.loc 1 86 1 is_stmt 0 view .LVU49
 137 005a C0B2     		uxtb	r0, r0
 138              		.loc 1 86 1 view .LVU50
 139 005c 1CB0     		add	sp, sp, #112
 140              		.cfi_def_cfa_offset 16
 141              		@ sp needed
 142 005e 70BD     		pop	{r4, r5, r6, pc}
 143              	.L4:
ARM GAS  C:\Users\Ya\AppData\Local\Temp\ccLQkuur.s 			page 5


 144              		.align	2
 145              	.L3:
 146 0060 00000000 		.word	ADCNode
 147 0064 00000000 		.word	ADCQueue
 148              		.cfi_endproc
 149              	.LFE340:
 151              		.global	ADCQueue
 152              		.section	.bss.ADCQueue,"aw",%nobits
 153              		.align	2
 156              	ADCQueue:
 157 0000 00000000 		.space	24
 157      00000000 
 157      00000000 
 157      00000000 
 157      00000000 
 158              		.global	ADCNode
 159              		.section	.bss.ADCNode,"aw",%nobits
 160              		.align	2
 163              	ADCNode:
 164 0000 00000000 		.space	36
 164      00000000 
 164      00000000 
 164      00000000 
 164      00000000 
 165              		.text
 166              	.Letext0:
 167              		.file 2 "c:\\users\\ya\\appdata\\roaming\\code\\user\\globalstorage\\bmd.stm32-for-vscode\\@xpack-
 168              		.file 3 "c:\\users\\ya\\appdata\\roaming\\code\\user\\globalstorage\\bmd.stm32-for-vscode\\@xpack-
 169              		.file 4 "Drivers/STM32U5xx_HAL_Driver/Inc/stm32u5xx_hal_def.h"
 170              		.file 5 "Drivers/STM32U5xx_HAL_Driver/Inc/stm32u5xx_hal_dma.h"
 171              		.file 6 "Drivers/STM32U5xx_HAL_Driver/Inc/stm32u5xx_hal_dma_ex.h"
 172              		.file 7 "Inc/main.h"
ARM GAS  C:\Users\Ya\AppData\Local\Temp\ccLQkuur.s 			page 6


DEFINED SYMBOLS
                            *ABS*:0000000000000000 linked_list.c
C:\Users\Ya\AppData\Local\Temp\ccLQkuur.s:22     .text.MX_ADCQueue_Config:0000000000000000 $t
C:\Users\Ya\AppData\Local\Temp\ccLQkuur.s:28     .text.MX_ADCQueue_Config:0000000000000000 MX_ADCQueue_Config
C:\Users\Ya\AppData\Local\Temp\ccLQkuur.s:146    .text.MX_ADCQueue_Config:0000000000000060 $d
C:\Users\Ya\AppData\Local\Temp\ccLQkuur.s:163    .bss.ADCNode:0000000000000000 ADCNode
C:\Users\Ya\AppData\Local\Temp\ccLQkuur.s:156    .bss.ADCQueue:0000000000000000 ADCQueue
C:\Users\Ya\AppData\Local\Temp\ccLQkuur.s:153    .bss.ADCQueue:0000000000000000 $d
C:\Users\Ya\AppData\Local\Temp\ccLQkuur.s:160    .bss.ADCNode:0000000000000000 $d

UNDEFINED SYMBOLS
HAL_DMAEx_List_BuildNode
HAL_DMAEx_List_InsertNode_Tail
HAL_DMAEx_List_SetCircularMode
