ARM GAS  C:\Users\Ya\AppData\Local\Temp\cctLkAaA.s 			page 1


   1              		.cpu cortex-m33
   2              		.arch armv8-m.main
   3              		.fpu fpv5-sp-d16
   4              		.arch_extension dsp
   5              		.eabi_attribute 27, 1
   6              		.eabi_attribute 28, 1
   7              		.eabi_attribute 20, 1
   8              		.eabi_attribute 21, 1
   9              		.eabi_attribute 23, 3
  10              		.eabi_attribute 24, 1
  11              		.eabi_attribute 25, 1
  12              		.eabi_attribute 26, 1
  13              		.eabi_attribute 30, 1
  14              		.eabi_attribute 34, 1
  15              		.eabi_attribute 18, 4
  16              		.file	"main.c"
  17              		.text
  18              	.Ltext0:
  19              		.cfi_sections	.debug_frame
  20              		.file 1 "Src/main.c"
  21              		.section	.text.MX_GPIO_Init,"ax",%progbits
  22              		.align	1
  23              		.syntax unified
  24              		.thumb
  25              		.thumb_func
  27              	MX_GPIO_Init:
  28              	.LFB346:
   1:Src/main.c    **** /* USER CODE BEGIN Header */
   2:Src/main.c    **** /**
   3:Src/main.c    ****  ******************************************************************************
   4:Src/main.c    ****  * @file           : main.c
   5:Src/main.c    ****  * @brief          : Main program body
   6:Src/main.c    ****  ******************************************************************************
   7:Src/main.c    ****  * @attention
   8:Src/main.c    ****  *
   9:Src/main.c    ****  * Copyright (c) 2021 STMicroelectronics.
  10:Src/main.c    ****  * All rights reserved.
  11:Src/main.c    ****  *
  12:Src/main.c    ****  * This software is licensed under terms that can be found in the LICENSE file
  13:Src/main.c    ****  * in the root directory of this software component.
  14:Src/main.c    ****  * If no LICENSE file comes with this software, it is provided AS-IS.
  15:Src/main.c    ****  *
  16:Src/main.c    ****  ******************************************************************************
  17:Src/main.c    ****  */
  18:Src/main.c    **** /* USER CODE END Header */
  19:Src/main.c    **** /* Includes ------------------------------------------------------------------*/
  20:Src/main.c    **** #include "main.h"
  21:Src/main.c    **** 
  22:Src/main.c    **** /* Private includes ----------------------------------------------------------*/
  23:Src/main.c    **** /* USER CODE BEGIN Includes */
  24:Src/main.c    **** 
  25:Src/main.c    **** /* USER CODE END Includes */
  26:Src/main.c    **** 
  27:Src/main.c    **** /* Private typedef -----------------------------------------------------------*/
  28:Src/main.c    **** /* USER CODE BEGIN PTD */
  29:Src/main.c    **** 
  30:Src/main.c    **** /* USER CODE END PTD */
ARM GAS  C:\Users\Ya\AppData\Local\Temp\cctLkAaA.s 			page 2


  31:Src/main.c    **** 
  32:Src/main.c    **** /* Private define ------------------------------------------------------------*/
  33:Src/main.c    **** /* USER CODE BEGIN PD */
  34:Src/main.c    **** /* USER CODE END PD */
  35:Src/main.c    **** 
  36:Src/main.c    **** /* Private macro -------------------------------------------------------------*/
  37:Src/main.c    **** /* USER CODE BEGIN PM */
  38:Src/main.c    **** 
  39:Src/main.c    **** /* USER CODE END PM */
  40:Src/main.c    **** 
  41:Src/main.c    **** /* Private variables ---------------------------------------------------------*/
  42:Src/main.c    **** ADC_HandleTypeDef hadc1;
  43:Src/main.c    **** 
  44:Src/main.c    **** DMA_HandleTypeDef handle_GPDMA1_Channel10;
  45:Src/main.c    **** 
  46:Src/main.c    **** /* USER CODE BEGIN PV */
  47:Src/main.c    **** 
  48:Src/main.c    **** /* USER CODE END PV */
  49:Src/main.c    **** 
  50:Src/main.c    **** /* Private function prototypes -----------------------------------------------*/
  51:Src/main.c    **** void SystemClock_Config(void);
  52:Src/main.c    **** static void SystemPower_Config(void);
  53:Src/main.c    **** static void MX_GPIO_Init(void);
  54:Src/main.c    **** static void MX_GPDMA1_Init(void);
  55:Src/main.c    **** static void MX_ICACHE_Init(void);
  56:Src/main.c    **** static void MX_ADC1_Init(void);
  57:Src/main.c    **** /* USER CODE BEGIN PFP */
  58:Src/main.c    **** 
  59:Src/main.c    **** /* USER CODE END PFP */
  60:Src/main.c    **** 
  61:Src/main.c    **** /* Private user code ---------------------------------------------------------*/
  62:Src/main.c    **** /* USER CODE BEGIN 0 */
  63:Src/main.c    **** #define ADC_CONVERTED_DATA_BUFFER_SIZE ((uint32_t)12) /* Size of array aADCxConvertedData[] */
  64:Src/main.c    **** /* Variable containing ADC conversions data */
  65:Src/main.c    **** uint32_t aADCxConvertedData[ADC_CONVERTED_DATA_BUFFER_SIZE];
  66:Src/main.c    **** /* USER CODE END 0 */
  67:Src/main.c    **** 
  68:Src/main.c    **** /**
  69:Src/main.c    ****   * @brief  The application entry point.
  70:Src/main.c    ****   * @retval int
  71:Src/main.c    ****   */
  72:Src/main.c    **** int main(void)
  73:Src/main.c    **** {
  74:Src/main.c    ****   /* USER CODE BEGIN 1 */
  75:Src/main.c    ****   /* STM32U5xx HAL library initialization:
  76:Src/main.c    ****        - Configure the Flash prefetch
  77:Src/main.c    ****        - Configure the Systick to generate an interrupt each 1 msec
  78:Src/main.c    ****        - Set NVIC Group Priority to 3
  79:Src/main.c    ****        - Low Level Initialization
  80:Src/main.c    ****      */
  81:Src/main.c    ****   /* USER CODE END 1 */
  82:Src/main.c    **** 
  83:Src/main.c    ****   /* MCU Configuration--------------------------------------------------------*/
  84:Src/main.c    **** 
  85:Src/main.c    ****   /* Reset of all peripherals, Initializes the Flash interface and the Systick. */
  86:Src/main.c    ****   HAL_Init();
  87:Src/main.c    **** 
ARM GAS  C:\Users\Ya\AppData\Local\Temp\cctLkAaA.s 			page 3


  88:Src/main.c    ****   /* USER CODE BEGIN Init */
  89:Src/main.c    **** 
  90:Src/main.c    ****   /* USER CODE END Init */
  91:Src/main.c    **** 
  92:Src/main.c    ****   /* Configure the system clock */
  93:Src/main.c    ****   SystemClock_Config();
  94:Src/main.c    **** 
  95:Src/main.c    ****   /* Configure the System Power */
  96:Src/main.c    ****   SystemPower_Config();
  97:Src/main.c    **** 
  98:Src/main.c    ****   /* USER CODE BEGIN SysInit */
  99:Src/main.c    **** 
 100:Src/main.c    ****   /* USER CODE END SysInit */
 101:Src/main.c    **** 
 102:Src/main.c    ****   /* Initialize all configured peripherals */
 103:Src/main.c    ****   MX_GPIO_Init();
 104:Src/main.c    ****   MX_GPDMA1_Init();
 105:Src/main.c    ****   MX_ICACHE_Init();
 106:Src/main.c    ****   MX_ADC1_Init();
 107:Src/main.c    ****   /* USER CODE BEGIN 2 */
 108:Src/main.c    ****   MX_ADCQueue_Config();
 109:Src/main.c    ****   __HAL_LINKDMA(&hadc1, DMA_Handle, handle_GPDMA1_Channel10);
 110:Src/main.c    ****   if (HAL_DMAEx_List_LinkQ(&handle_GPDMA1_Channel10, &ADCQueue) != HAL_OK)
 111:Src/main.c    ****   {
 112:Src/main.c    ****     Error_Handler();
 113:Src/main.c    ****   }
 114:Src/main.c    ****   if (HAL_ADC_Start_DMA(&hadc1,
 115:Src/main.c    ****                         (uint32_t *)aADCxConvertedData,
 116:Src/main.c    ****                         (ADC_CONVERTED_DATA_BUFFER_SIZE)) != HAL_OK)
 117:Src/main.c    ****   {
 118:Src/main.c    ****     Error_Handler();
 119:Src/main.c    ****   }
 120:Src/main.c    ****   /* USER CODE END 2 */
 121:Src/main.c    **** 
 122:Src/main.c    ****   /* Infinite loop */
 123:Src/main.c    ****   /* USER CODE BEGIN WHILE */
 124:Src/main.c    ****   while (1)
 125:Src/main.c    ****   {
 126:Src/main.c    **** 
 127:Src/main.c    ****     HAL_ADC_Start_DMA(&hadc1, aADCxConvertedData, 1);
 128:Src/main.c    **** 
 129:Src/main.c    ****     /* USER CODE END WHILE */
 130:Src/main.c    **** 
 131:Src/main.c    ****     /* USER CODE BEGIN 3 */
 132:Src/main.c    ****   }
 133:Src/main.c    ****   /* USER CODE END 3 */
 134:Src/main.c    **** }
 135:Src/main.c    **** 
 136:Src/main.c    **** /**
 137:Src/main.c    ****   * @brief System Clock Configuration
 138:Src/main.c    ****   * @retval None
 139:Src/main.c    ****   */
 140:Src/main.c    **** void SystemClock_Config(void)
 141:Src/main.c    **** {
 142:Src/main.c    ****   RCC_OscInitTypeDef RCC_OscInitStruct = {0};
 143:Src/main.c    ****   RCC_ClkInitTypeDef RCC_ClkInitStruct = {0};
 144:Src/main.c    **** 
ARM GAS  C:\Users\Ya\AppData\Local\Temp\cctLkAaA.s 			page 4


 145:Src/main.c    ****   /** Configure the main internal regulator output voltage
 146:Src/main.c    ****   */
 147:Src/main.c    ****   if (HAL_PWREx_ControlVoltageScaling(PWR_REGULATOR_VOLTAGE_SCALE1) != HAL_OK)
 148:Src/main.c    ****   {
 149:Src/main.c    ****     Error_Handler();
 150:Src/main.c    ****   }
 151:Src/main.c    **** 
 152:Src/main.c    ****   /** Initializes the CPU, AHB and APB buses clocks
 153:Src/main.c    ****   */
 154:Src/main.c    ****   RCC_OscInitStruct.OscillatorType = RCC_OSCILLATORTYPE_HSI|RCC_OSCILLATORTYPE_MSI;
 155:Src/main.c    ****   RCC_OscInitStruct.HSIState = RCC_HSI_ON;
 156:Src/main.c    ****   RCC_OscInitStruct.HSICalibrationValue = RCC_HSICALIBRATION_DEFAULT;
 157:Src/main.c    ****   RCC_OscInitStruct.MSIState = RCC_MSI_ON;
 158:Src/main.c    ****   RCC_OscInitStruct.MSICalibrationValue = RCC_MSICALIBRATION_DEFAULT;
 159:Src/main.c    ****   RCC_OscInitStruct.MSIClockRange = RCC_MSIRANGE_4;
 160:Src/main.c    ****   RCC_OscInitStruct.PLL.PLLState = RCC_PLL_ON;
 161:Src/main.c    ****   RCC_OscInitStruct.PLL.PLLSource = RCC_PLLSOURCE_MSI;
 162:Src/main.c    ****   RCC_OscInitStruct.PLL.PLLMBOOST = RCC_PLLMBOOST_DIV1;
 163:Src/main.c    ****   RCC_OscInitStruct.PLL.PLLM = 1;
 164:Src/main.c    ****   RCC_OscInitStruct.PLL.PLLN = 80;
 165:Src/main.c    ****   RCC_OscInitStruct.PLL.PLLP = 2;
 166:Src/main.c    ****   RCC_OscInitStruct.PLL.PLLQ = 2;
 167:Src/main.c    ****   RCC_OscInitStruct.PLL.PLLR = 2;
 168:Src/main.c    ****   RCC_OscInitStruct.PLL.PLLRGE = RCC_PLLVCIRANGE_0;
 169:Src/main.c    ****   RCC_OscInitStruct.PLL.PLLFRACN = 0;
 170:Src/main.c    ****   if (HAL_RCC_OscConfig(&RCC_OscInitStruct) != HAL_OK)
 171:Src/main.c    ****   {
 172:Src/main.c    ****     Error_Handler();
 173:Src/main.c    ****   }
 174:Src/main.c    **** 
 175:Src/main.c    ****   /** Initializes the CPU, AHB and APB buses clocks
 176:Src/main.c    ****   */
 177:Src/main.c    ****   RCC_ClkInitStruct.ClockType = RCC_CLOCKTYPE_HCLK|RCC_CLOCKTYPE_SYSCLK
 178:Src/main.c    ****                               |RCC_CLOCKTYPE_PCLK1|RCC_CLOCKTYPE_PCLK2
 179:Src/main.c    ****                               |RCC_CLOCKTYPE_PCLK3;
 180:Src/main.c    ****   RCC_ClkInitStruct.SYSCLKSource = RCC_SYSCLKSOURCE_PLLCLK;
 181:Src/main.c    ****   RCC_ClkInitStruct.AHBCLKDivider = RCC_SYSCLK_DIV1;
 182:Src/main.c    ****   RCC_ClkInitStruct.APB1CLKDivider = RCC_HCLK_DIV1;
 183:Src/main.c    ****   RCC_ClkInitStruct.APB2CLKDivider = RCC_HCLK_DIV1;
 184:Src/main.c    ****   RCC_ClkInitStruct.APB3CLKDivider = RCC_HCLK_DIV1;
 185:Src/main.c    **** 
 186:Src/main.c    ****   if (HAL_RCC_ClockConfig(&RCC_ClkInitStruct, FLASH_LATENCY_4) != HAL_OK)
 187:Src/main.c    ****   {
 188:Src/main.c    ****     Error_Handler();
 189:Src/main.c    ****   }
 190:Src/main.c    **** }
 191:Src/main.c    **** 
 192:Src/main.c    **** /**
 193:Src/main.c    ****   * @brief Power Configuration
 194:Src/main.c    ****   * @retval None
 195:Src/main.c    ****   */
 196:Src/main.c    **** static void SystemPower_Config(void)
 197:Src/main.c    **** {
 198:Src/main.c    ****   HAL_PWREx_EnableVddIO2();
 199:Src/main.c    **** 
 200:Src/main.c    ****   /*
 201:Src/main.c    ****    * Disable the internal Pull-Up in Dead Battery pins of UCPD peripheral
ARM GAS  C:\Users\Ya\AppData\Local\Temp\cctLkAaA.s 			page 5


 202:Src/main.c    ****    */
 203:Src/main.c    ****   HAL_PWREx_DisableUCPDDeadBattery();
 204:Src/main.c    **** 
 205:Src/main.c    ****   /*
 206:Src/main.c    ****    * Switch to SMPS regulator instead of LDO
 207:Src/main.c    ****    */
 208:Src/main.c    ****   if (HAL_PWREx_ConfigSupply(PWR_SMPS_SUPPLY) != HAL_OK)
 209:Src/main.c    ****   {
 210:Src/main.c    ****     Error_Handler();
 211:Src/main.c    ****   }
 212:Src/main.c    **** /* USER CODE BEGIN PWR */
 213:Src/main.c    **** /* USER CODE END PWR */
 214:Src/main.c    **** }
 215:Src/main.c    **** 
 216:Src/main.c    **** /**
 217:Src/main.c    ****   * @brief ADC1 Initialization Function
 218:Src/main.c    ****   * @param None
 219:Src/main.c    ****   * @retval None
 220:Src/main.c    ****   */
 221:Src/main.c    **** static void MX_ADC1_Init(void)
 222:Src/main.c    **** {
 223:Src/main.c    **** 
 224:Src/main.c    ****   /* USER CODE BEGIN ADC1_Init 0 */
 225:Src/main.c    **** 
 226:Src/main.c    ****   /* USER CODE END ADC1_Init 0 */
 227:Src/main.c    **** 
 228:Src/main.c    ****   ADC_ChannelConfTypeDef sConfig = {0};
 229:Src/main.c    **** 
 230:Src/main.c    ****   /* USER CODE BEGIN ADC1_Init 1 */
 231:Src/main.c    **** 
 232:Src/main.c    ****   /* USER CODE END ADC1_Init 1 */
 233:Src/main.c    **** 
 234:Src/main.c    ****   /** Common config
 235:Src/main.c    ****   */
 236:Src/main.c    ****   hadc1.Instance = ADC1;
 237:Src/main.c    ****   hadc1.Init.ClockPrescaler = ADC_CLOCK_ASYNC_DIV1;
 238:Src/main.c    ****   hadc1.Init.Resolution = ADC_RESOLUTION_14B;
 239:Src/main.c    ****   hadc1.Init.GainCompensation = 0;
 240:Src/main.c    ****   hadc1.Init.ScanConvMode = ADC_SCAN_ENABLE;
 241:Src/main.c    ****   hadc1.Init.EOCSelection = ADC_EOC_SEQ_CONV;
 242:Src/main.c    ****   hadc1.Init.LowPowerAutoWait = DISABLE;
 243:Src/main.c    ****   hadc1.Init.ContinuousConvMode = ENABLE;
 244:Src/main.c    ****   hadc1.Init.NbrOfConversion = 6;
 245:Src/main.c    ****   hadc1.Init.DiscontinuousConvMode = DISABLE;
 246:Src/main.c    ****   hadc1.Init.ExternalTrigConv = ADC_SOFTWARE_START;
 247:Src/main.c    ****   hadc1.Init.ExternalTrigConvEdge = ADC_EXTERNALTRIGCONVEDGE_NONE;
 248:Src/main.c    ****   hadc1.Init.DMAContinuousRequests = DISABLE;
 249:Src/main.c    ****   hadc1.Init.TriggerFrequencyMode = ADC_TRIGGER_FREQ_HIGH;
 250:Src/main.c    ****   hadc1.Init.Overrun = ADC_OVR_DATA_OVERWRITTEN;
 251:Src/main.c    ****   hadc1.Init.LeftBitShift = ADC_LEFTBITSHIFT_NONE;
 252:Src/main.c    ****   hadc1.Init.ConversionDataManagement = ADC_CONVERSIONDATA_DMA_CIRCULAR;
 253:Src/main.c    ****   hadc1.Init.OversamplingMode = DISABLE;
 254:Src/main.c    ****   if (HAL_ADC_Init(&hadc1) != HAL_OK)
 255:Src/main.c    ****   {
 256:Src/main.c    ****     Error_Handler();
 257:Src/main.c    ****   }
 258:Src/main.c    **** 
ARM GAS  C:\Users\Ya\AppData\Local\Temp\cctLkAaA.s 			page 6


 259:Src/main.c    ****   /** Configure Regular Channel
 260:Src/main.c    ****   */
 261:Src/main.c    ****   sConfig.Channel = ADC_CHANNEL_8;
 262:Src/main.c    ****   sConfig.Rank = ADC_REGULAR_RANK_1;
 263:Src/main.c    ****   sConfig.SamplingTime = ADC_SAMPLETIME_5CYCLE;
 264:Src/main.c    ****   sConfig.SingleDiff = ADC_SINGLE_ENDED;
 265:Src/main.c    ****   sConfig.OffsetNumber = ADC_OFFSET_NONE;
 266:Src/main.c    ****   sConfig.Offset = 0;
 267:Src/main.c    ****   if (HAL_ADC_ConfigChannel(&hadc1, &sConfig) != HAL_OK)
 268:Src/main.c    ****   {
 269:Src/main.c    ****     Error_Handler();
 270:Src/main.c    ****   }
 271:Src/main.c    **** 
 272:Src/main.c    ****   /** Configure Regular Channel
 273:Src/main.c    ****   */
 274:Src/main.c    ****   sConfig.Channel = ADC_CHANNEL_7;
 275:Src/main.c    ****   sConfig.Rank = ADC_REGULAR_RANK_2;
 276:Src/main.c    ****   if (HAL_ADC_ConfigChannel(&hadc1, &sConfig) != HAL_OK)
 277:Src/main.c    ****   {
 278:Src/main.c    ****     Error_Handler();
 279:Src/main.c    ****   }
 280:Src/main.c    **** 
 281:Src/main.c    ****   /** Configure Regular Channel
 282:Src/main.c    ****   */
 283:Src/main.c    ****   sConfig.Channel = ADC_CHANNEL_4;
 284:Src/main.c    ****   sConfig.Rank = ADC_REGULAR_RANK_3;
 285:Src/main.c    ****   if (HAL_ADC_ConfigChannel(&hadc1, &sConfig) != HAL_OK)
 286:Src/main.c    ****   {
 287:Src/main.c    ****     Error_Handler();
 288:Src/main.c    ****   }
 289:Src/main.c    **** 
 290:Src/main.c    ****   /** Configure Regular Channel
 291:Src/main.c    ****   */
 292:Src/main.c    ****   sConfig.Channel = ADC_CHANNEL_15;
 293:Src/main.c    ****   sConfig.Rank = ADC_REGULAR_RANK_4;
 294:Src/main.c    ****   if (HAL_ADC_ConfigChannel(&hadc1, &sConfig) != HAL_OK)
 295:Src/main.c    ****   {
 296:Src/main.c    ****     Error_Handler();
 297:Src/main.c    ****   }
 298:Src/main.c    **** 
 299:Src/main.c    ****   /** Configure Regular Channel
 300:Src/main.c    ****   */
 301:Src/main.c    ****   sConfig.Channel = ADC_CHANNEL_2;
 302:Src/main.c    ****   sConfig.Rank = ADC_REGULAR_RANK_5;
 303:Src/main.c    ****   sConfig.SamplingTime = ADC_SAMPLETIME_12CYCLES;
 304:Src/main.c    ****   if (HAL_ADC_ConfigChannel(&hadc1, &sConfig) != HAL_OK)
 305:Src/main.c    ****   {
 306:Src/main.c    ****     Error_Handler();
 307:Src/main.c    ****   }
 308:Src/main.c    **** 
 309:Src/main.c    ****   /** Configure Regular Channel
 310:Src/main.c    ****   */
 311:Src/main.c    ****   sConfig.Channel = ADC_CHANNEL_1;
 312:Src/main.c    ****   sConfig.Rank = ADC_REGULAR_RANK_6;
 313:Src/main.c    ****   sConfig.SamplingTime = ADC_SAMPLETIME_5CYCLE;
 314:Src/main.c    ****   if (HAL_ADC_ConfigChannel(&hadc1, &sConfig) != HAL_OK)
 315:Src/main.c    ****   {
ARM GAS  C:\Users\Ya\AppData\Local\Temp\cctLkAaA.s 			page 7


 316:Src/main.c    ****     Error_Handler();
 317:Src/main.c    ****   }
 318:Src/main.c    ****   /* USER CODE BEGIN ADC1_Init 2 */
 319:Src/main.c    **** 
 320:Src/main.c    ****   /* USER CODE END ADC1_Init 2 */
 321:Src/main.c    **** 
 322:Src/main.c    **** }
 323:Src/main.c    **** 
 324:Src/main.c    **** /**
 325:Src/main.c    ****   * @brief GPDMA1 Initialization Function
 326:Src/main.c    ****   * @param None
 327:Src/main.c    ****   * @retval None
 328:Src/main.c    ****   */
 329:Src/main.c    **** static void MX_GPDMA1_Init(void)
 330:Src/main.c    **** {
 331:Src/main.c    **** 
 332:Src/main.c    ****   /* USER CODE BEGIN GPDMA1_Init 0 */
 333:Src/main.c    **** 
 334:Src/main.c    ****   /* USER CODE END GPDMA1_Init 0 */
 335:Src/main.c    **** 
 336:Src/main.c    ****   /* Peripheral clock enable */
 337:Src/main.c    ****   __HAL_RCC_GPDMA1_CLK_ENABLE();
 338:Src/main.c    **** 
 339:Src/main.c    ****   /* GPDMA1 interrupt Init */
 340:Src/main.c    ****     HAL_NVIC_SetPriority(GPDMA1_Channel10_IRQn, 0, 0);
 341:Src/main.c    ****     HAL_NVIC_EnableIRQ(GPDMA1_Channel10_IRQn);
 342:Src/main.c    **** 
 343:Src/main.c    ****   /* USER CODE BEGIN GPDMA1_Init 1 */
 344:Src/main.c    **** 
 345:Src/main.c    ****   /* USER CODE END GPDMA1_Init 1 */
 346:Src/main.c    ****   handle_GPDMA1_Channel10.Instance = GPDMA1_Channel10;
 347:Src/main.c    ****   handle_GPDMA1_Channel10.InitLinkedList.Priority = DMA_LOW_PRIORITY_LOW_WEIGHT;
 348:Src/main.c    ****   handle_GPDMA1_Channel10.InitLinkedList.LinkStepMode = DMA_LSM_FULL_EXECUTION;
 349:Src/main.c    ****   handle_GPDMA1_Channel10.InitLinkedList.LinkAllocatedPort = DMA_LINK_ALLOCATED_PORT1;
 350:Src/main.c    ****   handle_GPDMA1_Channel10.InitLinkedList.TransferEventMode = DMA_TCEM_LAST_LL_ITEM_TRANSFER;
 351:Src/main.c    ****   handle_GPDMA1_Channel10.InitLinkedList.LinkedListMode = DMA_LINKEDLIST_CIRCULAR;
 352:Src/main.c    ****   if (HAL_DMAEx_List_Init(&handle_GPDMA1_Channel10) != HAL_OK)
 353:Src/main.c    ****   {
 354:Src/main.c    ****     Error_Handler();
 355:Src/main.c    ****   }
 356:Src/main.c    ****   if (HAL_DMA_ConfigChannelAttributes(&handle_GPDMA1_Channel10, DMA_CHANNEL_NPRIV) != HAL_OK)
 357:Src/main.c    ****   {
 358:Src/main.c    ****     Error_Handler();
 359:Src/main.c    ****   }
 360:Src/main.c    ****   /* USER CODE BEGIN GPDMA1_Init 2 */
 361:Src/main.c    **** 
 362:Src/main.c    ****   /* USER CODE END GPDMA1_Init 2 */
 363:Src/main.c    **** 
 364:Src/main.c    **** }
 365:Src/main.c    **** 
 366:Src/main.c    **** /**
 367:Src/main.c    ****   * @brief ICACHE Initialization Function
 368:Src/main.c    ****   * @param None
 369:Src/main.c    ****   * @retval None
 370:Src/main.c    ****   */
 371:Src/main.c    **** static void MX_ICACHE_Init(void)
 372:Src/main.c    **** {
ARM GAS  C:\Users\Ya\AppData\Local\Temp\cctLkAaA.s 			page 8


 373:Src/main.c    **** 
 374:Src/main.c    ****   /* USER CODE BEGIN ICACHE_Init 0 */
 375:Src/main.c    **** 
 376:Src/main.c    ****   /* USER CODE END ICACHE_Init 0 */
 377:Src/main.c    **** 
 378:Src/main.c    ****   /* USER CODE BEGIN ICACHE_Init 1 */
 379:Src/main.c    **** 
 380:Src/main.c    ****   /* USER CODE END ICACHE_Init 1 */
 381:Src/main.c    **** 
 382:Src/main.c    ****   /** Enable instruction cache in 1-way (direct mapped cache)
 383:Src/main.c    ****   */
 384:Src/main.c    ****   if (HAL_ICACHE_ConfigAssociativityMode(ICACHE_1WAY) != HAL_OK)
 385:Src/main.c    ****   {
 386:Src/main.c    ****     Error_Handler();
 387:Src/main.c    ****   }
 388:Src/main.c    ****   if (HAL_ICACHE_Enable() != HAL_OK)
 389:Src/main.c    ****   {
 390:Src/main.c    ****     Error_Handler();
 391:Src/main.c    ****   }
 392:Src/main.c    ****   /* USER CODE BEGIN ICACHE_Init 2 */
 393:Src/main.c    **** 
 394:Src/main.c    ****   /* USER CODE END ICACHE_Init 2 */
 395:Src/main.c    **** 
 396:Src/main.c    **** }
 397:Src/main.c    **** 
 398:Src/main.c    **** /**
 399:Src/main.c    ****   * @brief GPIO Initialization Function
 400:Src/main.c    ****   * @param None
 401:Src/main.c    ****   * @retval None
 402:Src/main.c    ****   */
 403:Src/main.c    **** static void MX_GPIO_Init(void)
 404:Src/main.c    **** {
  29              		.loc 1 404 1 view -0
  30              		.cfi_startproc
  31              		@ args = 0, pretend = 0, frame = 40
  32              		@ frame_needed = 0, uses_anonymous_args = 0
  33 0000 00B5     		push	{lr}
  34              		.cfi_def_cfa_offset 4
  35              		.cfi_offset 14, -4
  36 0002 8BB0     		sub	sp, sp, #44
  37              		.cfi_def_cfa_offset 48
 405:Src/main.c    ****   GPIO_InitTypeDef GPIO_InitStruct = {0};
  38              		.loc 1 405 3 view .LVU1
  39              		.loc 1 405 20 is_stmt 0 view .LVU2
  40 0004 0023     		movs	r3, #0
  41 0006 0593     		str	r3, [sp, #20]
  42 0008 0693     		str	r3, [sp, #24]
  43 000a 0793     		str	r3, [sp, #28]
  44 000c 0893     		str	r3, [sp, #32]
  45 000e 0993     		str	r3, [sp, #36]
 406:Src/main.c    **** /* USER CODE BEGIN MX_GPIO_Init_1 */
 407:Src/main.c    **** /* USER CODE END MX_GPIO_Init_1 */
 408:Src/main.c    **** 
 409:Src/main.c    ****   /* GPIO Ports Clock Enable */
 410:Src/main.c    ****   __HAL_RCC_GPIOC_CLK_ENABLE();
  46              		.loc 1 410 3 is_stmt 1 view .LVU3
  47              	.LBB4:
ARM GAS  C:\Users\Ya\AppData\Local\Temp\cctLkAaA.s 			page 9


  48              		.loc 1 410 3 view .LVU4
  49              		.loc 1 410 3 view .LVU5
  50 0010 1E4B     		ldr	r3, .L3
  51 0012 D3F88C20 		ldr	r2, [r3, #140]
  52 0016 42F00402 		orr	r2, r2, #4
  53 001a C3F88C20 		str	r2, [r3, #140]
  54              		.loc 1 410 3 view .LVU6
  55 001e D3F88C20 		ldr	r2, [r3, #140]
  56 0022 02F00402 		and	r2, r2, #4
  57 0026 0192     		str	r2, [sp, #4]
  58              		.loc 1 410 3 view .LVU7
  59 0028 019A     		ldr	r2, [sp, #4]
  60              	.LBE4:
  61              		.loc 1 410 3 view .LVU8
 411:Src/main.c    ****   __HAL_RCC_GPIOA_CLK_ENABLE();
  62              		.loc 1 411 3 view .LVU9
  63              	.LBB5:
  64              		.loc 1 411 3 view .LVU10
  65              		.loc 1 411 3 view .LVU11
  66 002a D3F88C20 		ldr	r2, [r3, #140]
  67 002e 42F00102 		orr	r2, r2, #1
  68 0032 C3F88C20 		str	r2, [r3, #140]
  69              		.loc 1 411 3 view .LVU12
  70 0036 D3F88C20 		ldr	r2, [r3, #140]
  71 003a 02F00102 		and	r2, r2, #1
  72 003e 0292     		str	r2, [sp, #8]
  73              		.loc 1 411 3 view .LVU13
  74 0040 029A     		ldr	r2, [sp, #8]
  75              	.LBE5:
  76              		.loc 1 411 3 view .LVU14
 412:Src/main.c    ****   __HAL_RCC_GPIOB_CLK_ENABLE();
  77              		.loc 1 412 3 view .LVU15
  78              	.LBB6:
  79              		.loc 1 412 3 view .LVU16
  80              		.loc 1 412 3 view .LVU17
  81 0042 D3F88C20 		ldr	r2, [r3, #140]
  82 0046 42F00202 		orr	r2, r2, #2
  83 004a C3F88C20 		str	r2, [r3, #140]
  84              		.loc 1 412 3 view .LVU18
  85 004e D3F88C20 		ldr	r2, [r3, #140]
  86 0052 02F00202 		and	r2, r2, #2
  87 0056 0392     		str	r2, [sp, #12]
  88              		.loc 1 412 3 view .LVU19
  89 0058 039A     		ldr	r2, [sp, #12]
  90              	.LBE6:
  91              		.loc 1 412 3 view .LVU20
 413:Src/main.c    ****   __HAL_RCC_GPIOG_CLK_ENABLE();
  92              		.loc 1 413 3 view .LVU21
  93              	.LBB7:
  94              		.loc 1 413 3 view .LVU22
  95              		.loc 1 413 3 view .LVU23
  96 005a D3F88C20 		ldr	r2, [r3, #140]
  97 005e 42F04002 		orr	r2, r2, #64
  98 0062 C3F88C20 		str	r2, [r3, #140]
  99              		.loc 1 413 3 view .LVU24
 100 0066 D3F88C30 		ldr	r3, [r3, #140]
 101 006a 03F04003 		and	r3, r3, #64
ARM GAS  C:\Users\Ya\AppData\Local\Temp\cctLkAaA.s 			page 10


 102 006e 0493     		str	r3, [sp, #16]
 103              		.loc 1 413 3 view .LVU25
 104 0070 049B     		ldr	r3, [sp, #16]
 105              	.LBE7:
 106              		.loc 1 413 3 view .LVU26
 414:Src/main.c    **** 
 415:Src/main.c    ****   /*Configure GPIO pin : PG15 */
 416:Src/main.c    ****   GPIO_InitStruct.Pin = GPIO_PIN_15;
 107              		.loc 1 416 3 view .LVU27
 108              		.loc 1 416 23 is_stmt 0 view .LVU28
 109 0072 4FF40043 		mov	r3, #32768
 110 0076 0593     		str	r3, [sp, #20]
 417:Src/main.c    ****   GPIO_InitStruct.Mode = GPIO_MODE_IT_RISING;
 111              		.loc 1 417 3 is_stmt 1 view .LVU29
 112              		.loc 1 417 24 is_stmt 0 view .LVU30
 113 0078 054B     		ldr	r3, .L3+4
 114 007a 0693     		str	r3, [sp, #24]
 418:Src/main.c    ****   GPIO_InitStruct.Pull = GPIO_NOPULL;
 115              		.loc 1 418 3 is_stmt 1 view .LVU31
 419:Src/main.c    ****   HAL_GPIO_Init(GPIOG, &GPIO_InitStruct);
 116              		.loc 1 419 3 view .LVU32
 117 007c 05A9     		add	r1, sp, #20
 118 007e 0548     		ldr	r0, .L3+8
 119 0080 FFF7FEFF 		bl	HAL_GPIO_Init
 120              	.LVL0:
 420:Src/main.c    **** 
 421:Src/main.c    **** /* USER CODE BEGIN MX_GPIO_Init_2 */
 422:Src/main.c    **** /* USER CODE END MX_GPIO_Init_2 */
 423:Src/main.c    **** }
 121              		.loc 1 423 1 is_stmt 0 view .LVU33
 122 0084 0BB0     		add	sp, sp, #44
 123              		.cfi_def_cfa_offset 4
 124              		@ sp needed
 125 0086 5DF804FB 		ldr	pc, [sp], #4
 126              	.L4:
 127 008a 00BF     		.align	2
 128              	.L3:
 129 008c 000C0246 		.word	1174539264
 130 0090 00001110 		.word	269549568
 131 0094 00180242 		.word	1107433472
 132              		.cfi_endproc
 133              	.LFE346:
 135              		.section	.text.HAL_ADC_ConvHalfCpltCallback,"ax",%progbits
 136              		.align	1
 137              		.global	HAL_ADC_ConvHalfCpltCallback
 138              		.syntax unified
 139              		.thumb
 140              		.thumb_func
 142              	HAL_ADC_ConvHalfCpltCallback:
 143              	.LVL1:
 144              	.LFB347:
 424:Src/main.c    **** 
 425:Src/main.c    **** /* USER CODE BEGIN 4 */
 426:Src/main.c    **** 
 427:Src/main.c    **** /**
 428:Src/main.c    ****  * @brief  Conversion complete callback in non-blocking mode
 429:Src/main.c    ****  * @param  hadc: ADC handle
ARM GAS  C:\Users\Ya\AppData\Local\Temp\cctLkAaA.s 			page 11


 430:Src/main.c    ****  * @retval None
 431:Src/main.c    ****  */
 432:Src/main.c    **** void HAL_ADC_ConvHalfCpltCallback(ADC_HandleTypeDef *hadc)
 433:Src/main.c    **** {
 145              		.loc 1 433 1 is_stmt 1 view -0
 146              		.cfi_startproc
 147              		@ args = 0, pretend = 0, frame = 0
 148              		@ frame_needed = 0, uses_anonymous_args = 0
 149              		@ link register save eliminated.
 434:Src/main.c    ****   /* Add code to be performed after DMA half complete */
 435:Src/main.c    **** }
 150              		.loc 1 435 1 view .LVU35
 151 0000 7047     		bx	lr
 152              		.cfi_endproc
 153              	.LFE347:
 155              		.section	.text.HAL_ADC_ConvCpltCallback,"ax",%progbits
 156              		.align	1
 157              		.global	HAL_ADC_ConvCpltCallback
 158              		.syntax unified
 159              		.thumb
 160              		.thumb_func
 162              	HAL_ADC_ConvCpltCallback:
 163              	.LVL2:
 164              	.LFB348:
 436:Src/main.c    **** 
 437:Src/main.c    **** /**
 438:Src/main.c    ****  * @brief  Conversion DMA half-transfer callback in non-blocking mode
 439:Src/main.c    ****  * @param  hadc: ADC handle
 440:Src/main.c    ****  * @retval None
 441:Src/main.c    ****  */
 442:Src/main.c    **** void HAL_ADC_ConvCpltCallback(ADC_HandleTypeDef *hadc)
 443:Src/main.c    **** {
 165              		.loc 1 443 1 view -0
 166              		.cfi_startproc
 167              		@ args = 0, pretend = 0, frame = 0
 168              		@ frame_needed = 0, uses_anonymous_args = 0
 169              		@ link register save eliminated.
 444:Src/main.c    ****   /* Add code to be performed after DMA full complete */
 445:Src/main.c    **** }
 170              		.loc 1 445 1 view .LVU37
 171 0000 7047     		bx	lr
 172              		.cfi_endproc
 173              	.LFE348:
 175              		.section	.text.Error_Handler,"ax",%progbits
 176              		.align	1
 177              		.global	Error_Handler
 178              		.syntax unified
 179              		.thumb
 180              		.thumb_func
 182              	Error_Handler:
 183              	.LFB349:
 446:Src/main.c    **** /* USER CODE END 4 */
 447:Src/main.c    **** 
 448:Src/main.c    **** /**
 449:Src/main.c    ****   * @brief  This function is executed in case of error occurrence.
 450:Src/main.c    ****   * @retval None
 451:Src/main.c    ****   */
ARM GAS  C:\Users\Ya\AppData\Local\Temp\cctLkAaA.s 			page 12


 452:Src/main.c    **** void Error_Handler(void)
 453:Src/main.c    **** {
 184              		.loc 1 453 1 view -0
 185              		.cfi_startproc
 186              		@ Volatile: function does not return.
 187              		@ args = 0, pretend = 0, frame = 0
 188              		@ frame_needed = 0, uses_anonymous_args = 0
 189              		@ link register save eliminated.
 454:Src/main.c    ****   /* USER CODE BEGIN Error_Handler_Debug */
 455:Src/main.c    ****   /* User can add his own implementation to report the HAL error return state */
 456:Src/main.c    ****   __disable_irq();
 190              		.loc 1 456 3 view .LVU39
 191              	.LBB8:
 192              	.LBI8:
 193              		.file 2 "Drivers/CMSIS/Include/cmsis_gcc.h"
   1:Drivers/CMSIS/Include/cmsis_gcc.h **** /**************************************************************************//**
   2:Drivers/CMSIS/Include/cmsis_gcc.h ****  * @file     cmsis_gcc.h
   3:Drivers/CMSIS/Include/cmsis_gcc.h ****  * @brief    CMSIS compiler GCC header file
   4:Drivers/CMSIS/Include/cmsis_gcc.h ****  * @version  V5.2.0
   5:Drivers/CMSIS/Include/cmsis_gcc.h ****  * @date     08. May 2019
   6:Drivers/CMSIS/Include/cmsis_gcc.h ****  ******************************************************************************/
   7:Drivers/CMSIS/Include/cmsis_gcc.h **** /*
   8:Drivers/CMSIS/Include/cmsis_gcc.h ****  * Copyright (c) 2009-2019 Arm Limited. All rights reserved.
   9:Drivers/CMSIS/Include/cmsis_gcc.h ****  *
  10:Drivers/CMSIS/Include/cmsis_gcc.h ****  * SPDX-License-Identifier: Apache-2.0
  11:Drivers/CMSIS/Include/cmsis_gcc.h ****  *
  12:Drivers/CMSIS/Include/cmsis_gcc.h ****  * Licensed under the Apache License, Version 2.0 (the License); you may
  13:Drivers/CMSIS/Include/cmsis_gcc.h ****  * not use this file except in compliance with the License.
  14:Drivers/CMSIS/Include/cmsis_gcc.h ****  * You may obtain a copy of the License at
  15:Drivers/CMSIS/Include/cmsis_gcc.h ****  *
  16:Drivers/CMSIS/Include/cmsis_gcc.h ****  * www.apache.org/licenses/LICENSE-2.0
  17:Drivers/CMSIS/Include/cmsis_gcc.h ****  *
  18:Drivers/CMSIS/Include/cmsis_gcc.h ****  * Unless required by applicable law or agreed to in writing, software
  19:Drivers/CMSIS/Include/cmsis_gcc.h ****  * distributed under the License is distributed on an AS IS BASIS, WITHOUT
  20:Drivers/CMSIS/Include/cmsis_gcc.h ****  * WARRANTIES OR CONDITIONS OF ANY KIND, either express or implied.
  21:Drivers/CMSIS/Include/cmsis_gcc.h ****  * See the License for the specific language governing permissions and
  22:Drivers/CMSIS/Include/cmsis_gcc.h ****  * limitations under the License.
  23:Drivers/CMSIS/Include/cmsis_gcc.h ****  */
  24:Drivers/CMSIS/Include/cmsis_gcc.h **** 
  25:Drivers/CMSIS/Include/cmsis_gcc.h **** #ifndef __CMSIS_GCC_H
  26:Drivers/CMSIS/Include/cmsis_gcc.h **** #define __CMSIS_GCC_H
  27:Drivers/CMSIS/Include/cmsis_gcc.h **** 
  28:Drivers/CMSIS/Include/cmsis_gcc.h **** /* ignore some GCC warnings */
  29:Drivers/CMSIS/Include/cmsis_gcc.h **** #pragma GCC diagnostic push
  30:Drivers/CMSIS/Include/cmsis_gcc.h **** #pragma GCC diagnostic ignored "-Wsign-conversion"
  31:Drivers/CMSIS/Include/cmsis_gcc.h **** #pragma GCC diagnostic ignored "-Wconversion"
  32:Drivers/CMSIS/Include/cmsis_gcc.h **** #pragma GCC diagnostic ignored "-Wunused-parameter"
  33:Drivers/CMSIS/Include/cmsis_gcc.h **** 
  34:Drivers/CMSIS/Include/cmsis_gcc.h **** /* Fallback for __has_builtin */
  35:Drivers/CMSIS/Include/cmsis_gcc.h **** #ifndef __has_builtin
  36:Drivers/CMSIS/Include/cmsis_gcc.h ****   #define __has_builtin(x) (0)
  37:Drivers/CMSIS/Include/cmsis_gcc.h **** #endif
  38:Drivers/CMSIS/Include/cmsis_gcc.h **** 
  39:Drivers/CMSIS/Include/cmsis_gcc.h **** /* CMSIS compiler specific defines */
  40:Drivers/CMSIS/Include/cmsis_gcc.h **** #ifndef   __ASM
  41:Drivers/CMSIS/Include/cmsis_gcc.h ****   #define __ASM                                  __asm
  42:Drivers/CMSIS/Include/cmsis_gcc.h **** #endif
ARM GAS  C:\Users\Ya\AppData\Local\Temp\cctLkAaA.s 			page 13


  43:Drivers/CMSIS/Include/cmsis_gcc.h **** #ifndef   __INLINE
  44:Drivers/CMSIS/Include/cmsis_gcc.h ****   #define __INLINE                               inline
  45:Drivers/CMSIS/Include/cmsis_gcc.h **** #endif
  46:Drivers/CMSIS/Include/cmsis_gcc.h **** #ifndef   __STATIC_INLINE
  47:Drivers/CMSIS/Include/cmsis_gcc.h ****   #define __STATIC_INLINE                        static inline
  48:Drivers/CMSIS/Include/cmsis_gcc.h **** #endif
  49:Drivers/CMSIS/Include/cmsis_gcc.h **** #ifndef   __STATIC_FORCEINLINE                 
  50:Drivers/CMSIS/Include/cmsis_gcc.h ****   #define __STATIC_FORCEINLINE                   __attribute__((always_inline)) static inline
  51:Drivers/CMSIS/Include/cmsis_gcc.h **** #endif                                           
  52:Drivers/CMSIS/Include/cmsis_gcc.h **** #ifndef   __NO_RETURN
  53:Drivers/CMSIS/Include/cmsis_gcc.h ****   #define __NO_RETURN                            __attribute__((__noreturn__))
  54:Drivers/CMSIS/Include/cmsis_gcc.h **** #endif
  55:Drivers/CMSIS/Include/cmsis_gcc.h **** #ifndef   __USED
  56:Drivers/CMSIS/Include/cmsis_gcc.h ****   #define __USED                                 __attribute__((used))
  57:Drivers/CMSIS/Include/cmsis_gcc.h **** #endif
  58:Drivers/CMSIS/Include/cmsis_gcc.h **** #ifndef   __WEAK
  59:Drivers/CMSIS/Include/cmsis_gcc.h ****   #define __WEAK                                 __attribute__((weak))
  60:Drivers/CMSIS/Include/cmsis_gcc.h **** #endif
  61:Drivers/CMSIS/Include/cmsis_gcc.h **** #ifndef   __PACKED
  62:Drivers/CMSIS/Include/cmsis_gcc.h ****   #define __PACKED                               __attribute__((packed, aligned(1)))
  63:Drivers/CMSIS/Include/cmsis_gcc.h **** #endif
  64:Drivers/CMSIS/Include/cmsis_gcc.h **** #ifndef   __PACKED_STRUCT
  65:Drivers/CMSIS/Include/cmsis_gcc.h ****   #define __PACKED_STRUCT                        struct __attribute__((packed, aligned(1)))
  66:Drivers/CMSIS/Include/cmsis_gcc.h **** #endif
  67:Drivers/CMSIS/Include/cmsis_gcc.h **** #ifndef   __PACKED_UNION
  68:Drivers/CMSIS/Include/cmsis_gcc.h ****   #define __PACKED_UNION                         union __attribute__((packed, aligned(1)))
  69:Drivers/CMSIS/Include/cmsis_gcc.h **** #endif
  70:Drivers/CMSIS/Include/cmsis_gcc.h **** #ifndef   __UNALIGNED_UINT32        /* deprecated */
  71:Drivers/CMSIS/Include/cmsis_gcc.h ****   #pragma GCC diagnostic push
  72:Drivers/CMSIS/Include/cmsis_gcc.h ****   #pragma GCC diagnostic ignored "-Wpacked"
  73:Drivers/CMSIS/Include/cmsis_gcc.h ****   #pragma GCC diagnostic ignored "-Wattributes"
  74:Drivers/CMSIS/Include/cmsis_gcc.h ****   struct __attribute__((packed)) T_UINT32 { uint32_t v; };
  75:Drivers/CMSIS/Include/cmsis_gcc.h ****   #pragma GCC diagnostic pop
  76:Drivers/CMSIS/Include/cmsis_gcc.h ****   #define __UNALIGNED_UINT32(x)                  (((struct T_UINT32 *)(x))->v)
  77:Drivers/CMSIS/Include/cmsis_gcc.h **** #endif
  78:Drivers/CMSIS/Include/cmsis_gcc.h **** #ifndef   __UNALIGNED_UINT16_WRITE
  79:Drivers/CMSIS/Include/cmsis_gcc.h ****   #pragma GCC diagnostic push
  80:Drivers/CMSIS/Include/cmsis_gcc.h ****   #pragma GCC diagnostic ignored "-Wpacked"
  81:Drivers/CMSIS/Include/cmsis_gcc.h ****   #pragma GCC diagnostic ignored "-Wattributes"
  82:Drivers/CMSIS/Include/cmsis_gcc.h ****   __PACKED_STRUCT T_UINT16_WRITE { uint16_t v; };
  83:Drivers/CMSIS/Include/cmsis_gcc.h ****   #pragma GCC diagnostic pop
  84:Drivers/CMSIS/Include/cmsis_gcc.h ****   #define __UNALIGNED_UINT16_WRITE(addr, val)    (void)((((struct T_UINT16_WRITE *)(void *)(addr))-
  85:Drivers/CMSIS/Include/cmsis_gcc.h **** #endif
  86:Drivers/CMSIS/Include/cmsis_gcc.h **** #ifndef   __UNALIGNED_UINT16_READ
  87:Drivers/CMSIS/Include/cmsis_gcc.h ****   #pragma GCC diagnostic push
  88:Drivers/CMSIS/Include/cmsis_gcc.h ****   #pragma GCC diagnostic ignored "-Wpacked"
  89:Drivers/CMSIS/Include/cmsis_gcc.h ****   #pragma GCC diagnostic ignored "-Wattributes"
  90:Drivers/CMSIS/Include/cmsis_gcc.h ****   __PACKED_STRUCT T_UINT16_READ { uint16_t v; };
  91:Drivers/CMSIS/Include/cmsis_gcc.h ****   #pragma GCC diagnostic pop
  92:Drivers/CMSIS/Include/cmsis_gcc.h ****   #define __UNALIGNED_UINT16_READ(addr)          (((const struct T_UINT16_READ *)(const void *)(add
  93:Drivers/CMSIS/Include/cmsis_gcc.h **** #endif
  94:Drivers/CMSIS/Include/cmsis_gcc.h **** #ifndef   __UNALIGNED_UINT32_WRITE
  95:Drivers/CMSIS/Include/cmsis_gcc.h ****   #pragma GCC diagnostic push
  96:Drivers/CMSIS/Include/cmsis_gcc.h ****   #pragma GCC diagnostic ignored "-Wpacked"
  97:Drivers/CMSIS/Include/cmsis_gcc.h ****   #pragma GCC diagnostic ignored "-Wattributes"
  98:Drivers/CMSIS/Include/cmsis_gcc.h ****   __PACKED_STRUCT T_UINT32_WRITE { uint32_t v; };
  99:Drivers/CMSIS/Include/cmsis_gcc.h ****   #pragma GCC diagnostic pop
ARM GAS  C:\Users\Ya\AppData\Local\Temp\cctLkAaA.s 			page 14


 100:Drivers/CMSIS/Include/cmsis_gcc.h ****   #define __UNALIGNED_UINT32_WRITE(addr, val)    (void)((((struct T_UINT32_WRITE *)(void *)(addr))-
 101:Drivers/CMSIS/Include/cmsis_gcc.h **** #endif
 102:Drivers/CMSIS/Include/cmsis_gcc.h **** #ifndef   __UNALIGNED_UINT32_READ
 103:Drivers/CMSIS/Include/cmsis_gcc.h ****   #pragma GCC diagnostic push
 104:Drivers/CMSIS/Include/cmsis_gcc.h ****   #pragma GCC diagnostic ignored "-Wpacked"
 105:Drivers/CMSIS/Include/cmsis_gcc.h ****   #pragma GCC diagnostic ignored "-Wattributes"
 106:Drivers/CMSIS/Include/cmsis_gcc.h ****   __PACKED_STRUCT T_UINT32_READ { uint32_t v; };
 107:Drivers/CMSIS/Include/cmsis_gcc.h ****   #pragma GCC diagnostic pop
 108:Drivers/CMSIS/Include/cmsis_gcc.h ****   #define __UNALIGNED_UINT32_READ(addr)          (((const struct T_UINT32_READ *)(const void *)(add
 109:Drivers/CMSIS/Include/cmsis_gcc.h **** #endif
 110:Drivers/CMSIS/Include/cmsis_gcc.h **** #ifndef   __ALIGNED
 111:Drivers/CMSIS/Include/cmsis_gcc.h ****   #define __ALIGNED(x)                           __attribute__((aligned(x)))
 112:Drivers/CMSIS/Include/cmsis_gcc.h **** #endif
 113:Drivers/CMSIS/Include/cmsis_gcc.h **** #ifndef   __RESTRICT
 114:Drivers/CMSIS/Include/cmsis_gcc.h ****   #define __RESTRICT                             __restrict
 115:Drivers/CMSIS/Include/cmsis_gcc.h **** #endif
 116:Drivers/CMSIS/Include/cmsis_gcc.h **** #ifndef   __COMPILER_BARRIER
 117:Drivers/CMSIS/Include/cmsis_gcc.h ****   #define __COMPILER_BARRIER()                   __ASM volatile("":::"memory")
 118:Drivers/CMSIS/Include/cmsis_gcc.h **** #endif
 119:Drivers/CMSIS/Include/cmsis_gcc.h **** 
 120:Drivers/CMSIS/Include/cmsis_gcc.h **** /* #########################  Startup and Lowlevel Init  ######################## */
 121:Drivers/CMSIS/Include/cmsis_gcc.h **** 
 122:Drivers/CMSIS/Include/cmsis_gcc.h **** #ifndef __PROGRAM_START
 123:Drivers/CMSIS/Include/cmsis_gcc.h **** 
 124:Drivers/CMSIS/Include/cmsis_gcc.h **** /**
 125:Drivers/CMSIS/Include/cmsis_gcc.h ****   \brief   Initializes data and bss sections
 126:Drivers/CMSIS/Include/cmsis_gcc.h ****   \details This default implementations initialized all data and additional bss
 127:Drivers/CMSIS/Include/cmsis_gcc.h ****            sections relying on .copy.table and .zero.table specified properly
 128:Drivers/CMSIS/Include/cmsis_gcc.h ****            in the used linker script.
 129:Drivers/CMSIS/Include/cmsis_gcc.h ****   
 130:Drivers/CMSIS/Include/cmsis_gcc.h ****  */
 131:Drivers/CMSIS/Include/cmsis_gcc.h **** __STATIC_FORCEINLINE __NO_RETURN void __cmsis_start(void)
 132:Drivers/CMSIS/Include/cmsis_gcc.h **** {
 133:Drivers/CMSIS/Include/cmsis_gcc.h ****   extern void _start(void) __NO_RETURN;
 134:Drivers/CMSIS/Include/cmsis_gcc.h ****   
 135:Drivers/CMSIS/Include/cmsis_gcc.h ****   typedef struct {
 136:Drivers/CMSIS/Include/cmsis_gcc.h ****     uint32_t const* src;
 137:Drivers/CMSIS/Include/cmsis_gcc.h ****     uint32_t* dest;
 138:Drivers/CMSIS/Include/cmsis_gcc.h ****     uint32_t  wlen;
 139:Drivers/CMSIS/Include/cmsis_gcc.h ****   } __copy_table_t;
 140:Drivers/CMSIS/Include/cmsis_gcc.h ****   
 141:Drivers/CMSIS/Include/cmsis_gcc.h ****   typedef struct {
 142:Drivers/CMSIS/Include/cmsis_gcc.h ****     uint32_t* dest;
 143:Drivers/CMSIS/Include/cmsis_gcc.h ****     uint32_t  wlen;
 144:Drivers/CMSIS/Include/cmsis_gcc.h ****   } __zero_table_t;
 145:Drivers/CMSIS/Include/cmsis_gcc.h ****   
 146:Drivers/CMSIS/Include/cmsis_gcc.h ****   extern const __copy_table_t __copy_table_start__;
 147:Drivers/CMSIS/Include/cmsis_gcc.h ****   extern const __copy_table_t __copy_table_end__;
 148:Drivers/CMSIS/Include/cmsis_gcc.h ****   extern const __zero_table_t __zero_table_start__;
 149:Drivers/CMSIS/Include/cmsis_gcc.h ****   extern const __zero_table_t __zero_table_end__;
 150:Drivers/CMSIS/Include/cmsis_gcc.h **** 
 151:Drivers/CMSIS/Include/cmsis_gcc.h ****   for (__copy_table_t const* pTable = &__copy_table_start__; pTable < &__copy_table_end__; ++pTable
 152:Drivers/CMSIS/Include/cmsis_gcc.h ****     for(uint32_t i=0u; i<pTable->wlen; ++i) {
 153:Drivers/CMSIS/Include/cmsis_gcc.h ****       pTable->dest[i] = pTable->src[i];
 154:Drivers/CMSIS/Include/cmsis_gcc.h ****     }
 155:Drivers/CMSIS/Include/cmsis_gcc.h ****   }
 156:Drivers/CMSIS/Include/cmsis_gcc.h ****  
ARM GAS  C:\Users\Ya\AppData\Local\Temp\cctLkAaA.s 			page 15


 157:Drivers/CMSIS/Include/cmsis_gcc.h ****   for (__zero_table_t const* pTable = &__zero_table_start__; pTable < &__zero_table_end__; ++pTable
 158:Drivers/CMSIS/Include/cmsis_gcc.h ****     for(uint32_t i=0u; i<pTable->wlen; ++i) {
 159:Drivers/CMSIS/Include/cmsis_gcc.h ****       pTable->dest[i] = 0u;
 160:Drivers/CMSIS/Include/cmsis_gcc.h ****     }
 161:Drivers/CMSIS/Include/cmsis_gcc.h ****   }
 162:Drivers/CMSIS/Include/cmsis_gcc.h ****  
 163:Drivers/CMSIS/Include/cmsis_gcc.h ****   _start();
 164:Drivers/CMSIS/Include/cmsis_gcc.h **** }
 165:Drivers/CMSIS/Include/cmsis_gcc.h ****   
 166:Drivers/CMSIS/Include/cmsis_gcc.h **** #define __PROGRAM_START           __cmsis_start
 167:Drivers/CMSIS/Include/cmsis_gcc.h **** #endif
 168:Drivers/CMSIS/Include/cmsis_gcc.h **** 
 169:Drivers/CMSIS/Include/cmsis_gcc.h **** #ifndef __INITIAL_SP
 170:Drivers/CMSIS/Include/cmsis_gcc.h **** #define __INITIAL_SP              __StackTop
 171:Drivers/CMSIS/Include/cmsis_gcc.h **** #endif
 172:Drivers/CMSIS/Include/cmsis_gcc.h **** 
 173:Drivers/CMSIS/Include/cmsis_gcc.h **** #ifndef __STACK_LIMIT
 174:Drivers/CMSIS/Include/cmsis_gcc.h **** #define __STACK_LIMIT             __StackLimit
 175:Drivers/CMSIS/Include/cmsis_gcc.h **** #endif
 176:Drivers/CMSIS/Include/cmsis_gcc.h **** 
 177:Drivers/CMSIS/Include/cmsis_gcc.h **** #ifndef __VECTOR_TABLE
 178:Drivers/CMSIS/Include/cmsis_gcc.h **** #define __VECTOR_TABLE            __Vectors
 179:Drivers/CMSIS/Include/cmsis_gcc.h **** #endif
 180:Drivers/CMSIS/Include/cmsis_gcc.h **** 
 181:Drivers/CMSIS/Include/cmsis_gcc.h **** #ifndef __VECTOR_TABLE_ATTRIBUTE
 182:Drivers/CMSIS/Include/cmsis_gcc.h **** #define __VECTOR_TABLE_ATTRIBUTE  __attribute((used, section(".vectors")))
 183:Drivers/CMSIS/Include/cmsis_gcc.h **** #endif
 184:Drivers/CMSIS/Include/cmsis_gcc.h **** 
 185:Drivers/CMSIS/Include/cmsis_gcc.h **** /* ###########################  Core Function Access  ########################### */
 186:Drivers/CMSIS/Include/cmsis_gcc.h **** /** \ingroup  CMSIS_Core_FunctionInterface
 187:Drivers/CMSIS/Include/cmsis_gcc.h ****     \defgroup CMSIS_Core_RegAccFunctions CMSIS Core Register Access Functions
 188:Drivers/CMSIS/Include/cmsis_gcc.h ****   @{
 189:Drivers/CMSIS/Include/cmsis_gcc.h ****  */
 190:Drivers/CMSIS/Include/cmsis_gcc.h **** 
 191:Drivers/CMSIS/Include/cmsis_gcc.h **** /**
 192:Drivers/CMSIS/Include/cmsis_gcc.h ****   \brief   Enable IRQ Interrupts
 193:Drivers/CMSIS/Include/cmsis_gcc.h ****   \details Enables IRQ interrupts by clearing the I-bit in the CPSR.
 194:Drivers/CMSIS/Include/cmsis_gcc.h ****            Can only be executed in Privileged modes.
 195:Drivers/CMSIS/Include/cmsis_gcc.h ****  */
 196:Drivers/CMSIS/Include/cmsis_gcc.h **** __STATIC_FORCEINLINE void __enable_irq(void)
 197:Drivers/CMSIS/Include/cmsis_gcc.h **** {
 198:Drivers/CMSIS/Include/cmsis_gcc.h ****   __ASM volatile ("cpsie i" : : : "memory");
 199:Drivers/CMSIS/Include/cmsis_gcc.h **** }
 200:Drivers/CMSIS/Include/cmsis_gcc.h **** 
 201:Drivers/CMSIS/Include/cmsis_gcc.h **** 
 202:Drivers/CMSIS/Include/cmsis_gcc.h **** /**
 203:Drivers/CMSIS/Include/cmsis_gcc.h ****   \brief   Disable IRQ Interrupts
 204:Drivers/CMSIS/Include/cmsis_gcc.h ****   \details Disables IRQ interrupts by setting the I-bit in the CPSR.
 205:Drivers/CMSIS/Include/cmsis_gcc.h ****            Can only be executed in Privileged modes.
 206:Drivers/CMSIS/Include/cmsis_gcc.h ****  */
 207:Drivers/CMSIS/Include/cmsis_gcc.h **** __STATIC_FORCEINLINE void __disable_irq(void)
 194              		.loc 2 207 27 view .LVU40
 195              	.LBB9:
 208:Drivers/CMSIS/Include/cmsis_gcc.h **** {
 209:Drivers/CMSIS/Include/cmsis_gcc.h ****   __ASM volatile ("cpsid i" : : : "memory");
 196              		.loc 2 209 3 view .LVU41
 197              		.syntax unified
ARM GAS  C:\Users\Ya\AppData\Local\Temp\cctLkAaA.s 			page 16


 198              	@ 209 "Drivers/CMSIS/Include/cmsis_gcc.h" 1
 199 0000 72B6     		cpsid i
 200              	@ 0 "" 2
 201              		.thumb
 202              		.syntax unified
 203              	.L8:
 204              	.LBE9:
 205              	.LBE8:
 457:Src/main.c    ****   while (1)
 206              		.loc 1 457 3 discriminator 1 view .LVU42
 458:Src/main.c    ****   {
 459:Src/main.c    ****   }
 207              		.loc 1 459 3 discriminator 1 view .LVU43
 457:Src/main.c    ****   while (1)
 208              		.loc 1 457 9 discriminator 1 view .LVU44
 209 0002 FEE7     		b	.L8
 210              		.cfi_endproc
 211              	.LFE349:
 213              		.section	.text.SystemPower_Config,"ax",%progbits
 214              		.align	1
 215              		.syntax unified
 216              		.thumb
 217              		.thumb_func
 219              	SystemPower_Config:
 220              	.LFB342:
 197:Src/main.c    ****   HAL_PWREx_EnableVddIO2();
 221              		.loc 1 197 1 view -0
 222              		.cfi_startproc
 223              		@ args = 0, pretend = 0, frame = 0
 224              		@ frame_needed = 0, uses_anonymous_args = 0
 225 0000 08B5     		push	{r3, lr}
 226              		.cfi_def_cfa_offset 8
 227              		.cfi_offset 3, -8
 228              		.cfi_offset 14, -4
 198:Src/main.c    **** 
 229              		.loc 1 198 3 view .LVU46
 230 0002 FFF7FEFF 		bl	HAL_PWREx_EnableVddIO2
 231              	.LVL3:
 203:Src/main.c    **** 
 232              		.loc 1 203 3 view .LVU47
 233 0006 FFF7FEFF 		bl	HAL_PWREx_DisableUCPDDeadBattery
 234              	.LVL4:
 208:Src/main.c    ****   {
 235              		.loc 1 208 3 view .LVU48
 208:Src/main.c    ****   {
 236              		.loc 1 208 7 is_stmt 0 view .LVU49
 237 000a 0220     		movs	r0, #2
 238 000c FFF7FEFF 		bl	HAL_PWREx_ConfigSupply
 239              	.LVL5:
 208:Src/main.c    ****   {
 240              		.loc 1 208 6 view .LVU50
 241 0010 00B9     		cbnz	r0, .L12
 214:Src/main.c    **** 
 242              		.loc 1 214 1 view .LVU51
 243 0012 08BD     		pop	{r3, pc}
 244              	.L12:
 210:Src/main.c    ****   }
ARM GAS  C:\Users\Ya\AppData\Local\Temp\cctLkAaA.s 			page 17


 245              		.loc 1 210 5 is_stmt 1 view .LVU52
 246 0014 FFF7FEFF 		bl	Error_Handler
 247              	.LVL6:
 248              		.cfi_endproc
 249              	.LFE342:
 251              		.section	.text.MX_GPDMA1_Init,"ax",%progbits
 252              		.align	1
 253              		.syntax unified
 254              		.thumb
 255              		.thumb_func
 257              	MX_GPDMA1_Init:
 258              	.LFB344:
 330:Src/main.c    **** 
 259              		.loc 1 330 1 view -0
 260              		.cfi_startproc
 261              		@ args = 0, pretend = 0, frame = 8
 262              		@ frame_needed = 0, uses_anonymous_args = 0
 263 0000 00B5     		push	{lr}
 264              		.cfi_def_cfa_offset 4
 265              		.cfi_offset 14, -4
 266 0002 83B0     		sub	sp, sp, #12
 267              		.cfi_def_cfa_offset 16
 337:Src/main.c    **** 
 268              		.loc 1 337 3 view .LVU54
 269              	.LBB10:
 337:Src/main.c    **** 
 270              		.loc 1 337 3 view .LVU55
 337:Src/main.c    **** 
 271              		.loc 1 337 3 view .LVU56
 272 0004 184B     		ldr	r3, .L19
 273 0006 D3F88820 		ldr	r2, [r3, #136]
 274 000a 42F00102 		orr	r2, r2, #1
 275 000e C3F88820 		str	r2, [r3, #136]
 337:Src/main.c    **** 
 276              		.loc 1 337 3 view .LVU57
 277 0012 D3F88830 		ldr	r3, [r3, #136]
 278 0016 03F00103 		and	r3, r3, #1
 279 001a 0193     		str	r3, [sp, #4]
 337:Src/main.c    **** 
 280              		.loc 1 337 3 view .LVU58
 281 001c 019B     		ldr	r3, [sp, #4]
 282              	.LBE10:
 337:Src/main.c    **** 
 283              		.loc 1 337 3 view .LVU59
 340:Src/main.c    ****     HAL_NVIC_EnableIRQ(GPDMA1_Channel10_IRQn);
 284              		.loc 1 340 5 view .LVU60
 285 001e 0022     		movs	r2, #0
 286 0020 1146     		mov	r1, r2
 287 0022 5220     		movs	r0, #82
 288 0024 FFF7FEFF 		bl	HAL_NVIC_SetPriority
 289              	.LVL7:
 341:Src/main.c    **** 
 290              		.loc 1 341 5 view .LVU61
 291 0028 5220     		movs	r0, #82
 292 002a FFF7FEFF 		bl	HAL_NVIC_EnableIRQ
 293              	.LVL8:
 346:Src/main.c    ****   handle_GPDMA1_Channel10.InitLinkedList.Priority = DMA_LOW_PRIORITY_LOW_WEIGHT;
ARM GAS  C:\Users\Ya\AppData\Local\Temp\cctLkAaA.s 			page 18


 294              		.loc 1 346 3 view .LVU62
 346:Src/main.c    ****   handle_GPDMA1_Channel10.InitLinkedList.Priority = DMA_LOW_PRIORITY_LOW_WEIGHT;
 295              		.loc 1 346 36 is_stmt 0 view .LVU63
 296 002e 0F48     		ldr	r0, .L19+4
 297 0030 0F4B     		ldr	r3, .L19+8
 298 0032 0360     		str	r3, [r0]
 347:Src/main.c    ****   handle_GPDMA1_Channel10.InitLinkedList.LinkStepMode = DMA_LSM_FULL_EXECUTION;
 299              		.loc 1 347 3 is_stmt 1 view .LVU64
 347:Src/main.c    ****   handle_GPDMA1_Channel10.InitLinkedList.LinkStepMode = DMA_LSM_FULL_EXECUTION;
 300              		.loc 1 347 51 is_stmt 0 view .LVU65
 301 0034 0023     		movs	r3, #0
 302 0036 8363     		str	r3, [r0, #56]
 348:Src/main.c    ****   handle_GPDMA1_Channel10.InitLinkedList.LinkAllocatedPort = DMA_LINK_ALLOCATED_PORT1;
 303              		.loc 1 348 3 is_stmt 1 view .LVU66
 348:Src/main.c    ****   handle_GPDMA1_Channel10.InitLinkedList.LinkAllocatedPort = DMA_LINK_ALLOCATED_PORT1;
 304              		.loc 1 348 55 is_stmt 0 view .LVU67
 305 0038 C363     		str	r3, [r0, #60]
 349:Src/main.c    ****   handle_GPDMA1_Channel10.InitLinkedList.TransferEventMode = DMA_TCEM_LAST_LL_ITEM_TRANSFER;
 306              		.loc 1 349 3 is_stmt 1 view .LVU68
 349:Src/main.c    ****   handle_GPDMA1_Channel10.InitLinkedList.TransferEventMode = DMA_TCEM_LAST_LL_ITEM_TRANSFER;
 307              		.loc 1 349 60 is_stmt 0 view .LVU69
 308 003a 4FF40033 		mov	r3, #131072
 309 003e 0364     		str	r3, [r0, #64]
 350:Src/main.c    ****   handle_GPDMA1_Channel10.InitLinkedList.LinkedListMode = DMA_LINKEDLIST_CIRCULAR;
 310              		.loc 1 350 3 is_stmt 1 view .LVU70
 350:Src/main.c    ****   handle_GPDMA1_Channel10.InitLinkedList.LinkedListMode = DMA_LINKEDLIST_CIRCULAR;
 311              		.loc 1 350 60 is_stmt 0 view .LVU71
 312 0040 4FF04043 		mov	r3, #-1073741824
 313 0044 4364     		str	r3, [r0, #68]
 351:Src/main.c    ****   if (HAL_DMAEx_List_Init(&handle_GPDMA1_Channel10) != HAL_OK)
 314              		.loc 1 351 3 is_stmt 1 view .LVU72
 351:Src/main.c    ****   if (HAL_DMAEx_List_Init(&handle_GPDMA1_Channel10) != HAL_OK)
 315              		.loc 1 351 57 is_stmt 0 view .LVU73
 316 0046 8123     		movs	r3, #129
 317 0048 8364     		str	r3, [r0, #72]
 352:Src/main.c    ****   {
 318              		.loc 1 352 3 is_stmt 1 view .LVU74
 352:Src/main.c    ****   {
 319              		.loc 1 352 7 is_stmt 0 view .LVU75
 320 004a FFF7FEFF 		bl	HAL_DMAEx_List_Init
 321              	.LVL9:
 352:Src/main.c    ****   {
 322              		.loc 1 352 6 view .LVU76
 323 004e 38B9     		cbnz	r0, .L17
 356:Src/main.c    ****   {
 324              		.loc 1 356 3 is_stmt 1 view .LVU77
 356:Src/main.c    ****   {
 325              		.loc 1 356 7 is_stmt 0 view .LVU78
 326 0050 1021     		movs	r1, #16
 327 0052 0648     		ldr	r0, .L19+4
 328 0054 FFF7FEFF 		bl	HAL_DMA_ConfigChannelAttributes
 329              	.LVL10:
 356:Src/main.c    ****   {
 330              		.loc 1 356 6 view .LVU79
 331 0058 20B9     		cbnz	r0, .L18
 364:Src/main.c    **** 
 332              		.loc 1 364 1 view .LVU80
ARM GAS  C:\Users\Ya\AppData\Local\Temp\cctLkAaA.s 			page 19


 333 005a 03B0     		add	sp, sp, #12
 334              		.cfi_remember_state
 335              		.cfi_def_cfa_offset 4
 336              		@ sp needed
 337 005c 5DF804FB 		ldr	pc, [sp], #4
 338              	.L17:
 339              		.cfi_restore_state
 354:Src/main.c    ****   }
 340              		.loc 1 354 5 is_stmt 1 view .LVU81
 341 0060 FFF7FEFF 		bl	Error_Handler
 342              	.LVL11:
 343              	.L18:
 358:Src/main.c    ****   }
 344              		.loc 1 358 5 view .LVU82
 345 0064 FFF7FEFF 		bl	Error_Handler
 346              	.LVL12:
 347              	.L20:
 348              		.align	2
 349              	.L19:
 350 0068 000C0246 		.word	1174539264
 351 006c 00000000 		.word	handle_GPDMA1_Channel10
 352 0070 50050240 		.word	1073874256
 353              		.cfi_endproc
 354              	.LFE344:
 356              		.section	.text.MX_ICACHE_Init,"ax",%progbits
 357              		.align	1
 358              		.syntax unified
 359              		.thumb
 360              		.thumb_func
 362              	MX_ICACHE_Init:
 363              	.LFB345:
 372:Src/main.c    **** 
 364              		.loc 1 372 1 view -0
 365              		.cfi_startproc
 366              		@ args = 0, pretend = 0, frame = 0
 367              		@ frame_needed = 0, uses_anonymous_args = 0
 368 0000 08B5     		push	{r3, lr}
 369              		.cfi_def_cfa_offset 8
 370              		.cfi_offset 3, -8
 371              		.cfi_offset 14, -4
 384:Src/main.c    ****   {
 372              		.loc 1 384 3 view .LVU84
 384:Src/main.c    ****   {
 373              		.loc 1 384 7 is_stmt 0 view .LVU85
 374 0002 0020     		movs	r0, #0
 375 0004 FFF7FEFF 		bl	HAL_ICACHE_ConfigAssociativityMode
 376              	.LVL13:
 384:Src/main.c    ****   {
 377              		.loc 1 384 6 view .LVU86
 378 0008 18B9     		cbnz	r0, .L25
 388:Src/main.c    ****   {
 379              		.loc 1 388 3 is_stmt 1 view .LVU87
 388:Src/main.c    ****   {
 380              		.loc 1 388 7 is_stmt 0 view .LVU88
 381 000a FFF7FEFF 		bl	HAL_ICACHE_Enable
 382              	.LVL14:
 388:Src/main.c    ****   {
ARM GAS  C:\Users\Ya\AppData\Local\Temp\cctLkAaA.s 			page 20


 383              		.loc 1 388 6 view .LVU89
 384 000e 10B9     		cbnz	r0, .L26
 396:Src/main.c    **** 
 385              		.loc 1 396 1 view .LVU90
 386 0010 08BD     		pop	{r3, pc}
 387              	.L25:
 386:Src/main.c    ****   }
 388              		.loc 1 386 5 is_stmt 1 view .LVU91
 389 0012 FFF7FEFF 		bl	Error_Handler
 390              	.LVL15:
 391              	.L26:
 390:Src/main.c    ****   }
 392              		.loc 1 390 5 view .LVU92
 393 0016 FFF7FEFF 		bl	Error_Handler
 394              	.LVL16:
 395              		.cfi_endproc
 396              	.LFE345:
 398              		.section	.text.MX_ADC1_Init,"ax",%progbits
 399              		.align	1
 400              		.syntax unified
 401              		.thumb
 402              		.thumb_func
 404              	MX_ADC1_Init:
 405              	.LFB343:
 222:Src/main.c    **** 
 406              		.loc 1 222 1 view -0
 407              		.cfi_startproc
 408              		@ args = 0, pretend = 0, frame = 32
 409              		@ frame_needed = 0, uses_anonymous_args = 0
 410 0000 00B5     		push	{lr}
 411              		.cfi_def_cfa_offset 4
 412              		.cfi_offset 14, -4
 413 0002 89B0     		sub	sp, sp, #36
 414              		.cfi_def_cfa_offset 40
 228:Src/main.c    **** 
 415              		.loc 1 228 3 view .LVU94
 228:Src/main.c    **** 
 416              		.loc 1 228 26 is_stmt 0 view .LVU95
 417 0004 2022     		movs	r2, #32
 418 0006 0021     		movs	r1, #0
 419 0008 6846     		mov	r0, sp
 420 000a FFF7FEFF 		bl	memset
 421              	.LVL17:
 236:Src/main.c    ****   hadc1.Init.ClockPrescaler = ADC_CLOCK_ASYNC_DIV1;
 422              		.loc 1 236 3 is_stmt 1 view .LVU96
 236:Src/main.c    ****   hadc1.Init.ClockPrescaler = ADC_CLOCK_ASYNC_DIV1;
 423              		.loc 1 236 18 is_stmt 0 view .LVU97
 424 000e 3D48     		ldr	r0, .L43
 425 0010 3D4B     		ldr	r3, .L43+4
 426 0012 0360     		str	r3, [r0]
 237:Src/main.c    ****   hadc1.Init.Resolution = ADC_RESOLUTION_14B;
 427              		.loc 1 237 3 is_stmt 1 view .LVU98
 237:Src/main.c    ****   hadc1.Init.Resolution = ADC_RESOLUTION_14B;
 428              		.loc 1 237 29 is_stmt 0 view .LVU99
 429 0014 0023     		movs	r3, #0
 430 0016 4360     		str	r3, [r0, #4]
 238:Src/main.c    ****   hadc1.Init.GainCompensation = 0;
ARM GAS  C:\Users\Ya\AppData\Local\Temp\cctLkAaA.s 			page 21


 431              		.loc 1 238 3 is_stmt 1 view .LVU100
 238:Src/main.c    ****   hadc1.Init.GainCompensation = 0;
 432              		.loc 1 238 25 is_stmt 0 view .LVU101
 433 0018 8360     		str	r3, [r0, #8]
 239:Src/main.c    ****   hadc1.Init.ScanConvMode = ADC_SCAN_ENABLE;
 434              		.loc 1 239 3 is_stmt 1 view .LVU102
 239:Src/main.c    ****   hadc1.Init.ScanConvMode = ADC_SCAN_ENABLE;
 435              		.loc 1 239 31 is_stmt 0 view .LVU103
 436 001a C360     		str	r3, [r0, #12]
 240:Src/main.c    ****   hadc1.Init.EOCSelection = ADC_EOC_SEQ_CONV;
 437              		.loc 1 240 3 is_stmt 1 view .LVU104
 240:Src/main.c    ****   hadc1.Init.EOCSelection = ADC_EOC_SEQ_CONV;
 438              		.loc 1 240 27 is_stmt 0 view .LVU105
 439 001c 0122     		movs	r2, #1
 440 001e 0261     		str	r2, [r0, #16]
 241:Src/main.c    ****   hadc1.Init.LowPowerAutoWait = DISABLE;
 441              		.loc 1 241 3 is_stmt 1 view .LVU106
 241:Src/main.c    ****   hadc1.Init.LowPowerAutoWait = DISABLE;
 442              		.loc 1 241 27 is_stmt 0 view .LVU107
 443 0020 0821     		movs	r1, #8
 444 0022 8161     		str	r1, [r0, #24]
 242:Src/main.c    ****   hadc1.Init.ContinuousConvMode = ENABLE;
 445              		.loc 1 242 3 is_stmt 1 view .LVU108
 242:Src/main.c    ****   hadc1.Init.ContinuousConvMode = ENABLE;
 446              		.loc 1 242 31 is_stmt 0 view .LVU109
 447 0024 0377     		strb	r3, [r0, #28]
 243:Src/main.c    ****   hadc1.Init.NbrOfConversion = 6;
 448              		.loc 1 243 3 is_stmt 1 view .LVU110
 243:Src/main.c    ****   hadc1.Init.NbrOfConversion = 6;
 449              		.loc 1 243 33 is_stmt 0 view .LVU111
 450 0026 80F82420 		strb	r2, [r0, #36]
 244:Src/main.c    ****   hadc1.Init.DiscontinuousConvMode = DISABLE;
 451              		.loc 1 244 3 is_stmt 1 view .LVU112
 244:Src/main.c    ****   hadc1.Init.DiscontinuousConvMode = DISABLE;
 452              		.loc 1 244 30 is_stmt 0 view .LVU113
 453 002a 0622     		movs	r2, #6
 454 002c 8262     		str	r2, [r0, #40]
 245:Src/main.c    ****   hadc1.Init.ExternalTrigConv = ADC_SOFTWARE_START;
 455              		.loc 1 245 3 is_stmt 1 view .LVU114
 245:Src/main.c    ****   hadc1.Init.ExternalTrigConv = ADC_SOFTWARE_START;
 456              		.loc 1 245 36 is_stmt 0 view .LVU115
 457 002e 80F82C30 		strb	r3, [r0, #44]
 246:Src/main.c    ****   hadc1.Init.ExternalTrigConvEdge = ADC_EXTERNALTRIGCONVEDGE_NONE;
 458              		.loc 1 246 3 is_stmt 1 view .LVU116
 246:Src/main.c    ****   hadc1.Init.ExternalTrigConvEdge = ADC_EXTERNALTRIGCONVEDGE_NONE;
 459              		.loc 1 246 31 is_stmt 0 view .LVU117
 460 0032 4363     		str	r3, [r0, #52]
 247:Src/main.c    ****   hadc1.Init.DMAContinuousRequests = DISABLE;
 461              		.loc 1 247 3 is_stmt 1 view .LVU118
 247:Src/main.c    ****   hadc1.Init.DMAContinuousRequests = DISABLE;
 462              		.loc 1 247 35 is_stmt 0 view .LVU119
 463 0034 8363     		str	r3, [r0, #56]
 248:Src/main.c    ****   hadc1.Init.TriggerFrequencyMode = ADC_TRIGGER_FREQ_HIGH;
 464              		.loc 1 248 3 is_stmt 1 view .LVU120
 248:Src/main.c    ****   hadc1.Init.TriggerFrequencyMode = ADC_TRIGGER_FREQ_HIGH;
 465              		.loc 1 248 36 is_stmt 0 view .LVU121
 466 0036 80F84030 		strb	r3, [r0, #64]
ARM GAS  C:\Users\Ya\AppData\Local\Temp\cctLkAaA.s 			page 22


 249:Src/main.c    ****   hadc1.Init.Overrun = ADC_OVR_DATA_OVERWRITTEN;
 467              		.loc 1 249 3 is_stmt 1 view .LVU122
 249:Src/main.c    ****   hadc1.Init.Overrun = ADC_OVR_DATA_OVERWRITTEN;
 468              		.loc 1 249 35 is_stmt 0 view .LVU123
 469 003a 8366     		str	r3, [r0, #104]
 250:Src/main.c    ****   hadc1.Init.LeftBitShift = ADC_LEFTBITSHIFT_NONE;
 470              		.loc 1 250 3 is_stmt 1 view .LVU124
 250:Src/main.c    ****   hadc1.Init.LeftBitShift = ADC_LEFTBITSHIFT_NONE;
 471              		.loc 1 250 22 is_stmt 0 view .LVU125
 472 003c 4FF48052 		mov	r2, #4096
 473 0040 4264     		str	r2, [r0, #68]
 251:Src/main.c    ****   hadc1.Init.ConversionDataManagement = ADC_CONVERSIONDATA_DMA_CIRCULAR;
 474              		.loc 1 251 3 is_stmt 1 view .LVU126
 251:Src/main.c    ****   hadc1.Init.ConversionDataManagement = ADC_CONVERSIONDATA_DMA_CIRCULAR;
 475              		.loc 1 251 27 is_stmt 0 view .LVU127
 476 0042 0365     		str	r3, [r0, #80]
 252:Src/main.c    ****   hadc1.Init.OversamplingMode = DISABLE;
 477              		.loc 1 252 3 is_stmt 1 view .LVU128
 252:Src/main.c    ****   hadc1.Init.OversamplingMode = DISABLE;
 478              		.loc 1 252 39 is_stmt 0 view .LVU129
 479 0044 0322     		movs	r2, #3
 480 0046 C263     		str	r2, [r0, #60]
 253:Src/main.c    ****   if (HAL_ADC_Init(&hadc1) != HAL_OK)
 481              		.loc 1 253 3 is_stmt 1 view .LVU130
 253:Src/main.c    ****   if (HAL_ADC_Init(&hadc1) != HAL_OK)
 482              		.loc 1 253 31 is_stmt 0 view .LVU131
 483 0048 80F85430 		strb	r3, [r0, #84]
 254:Src/main.c    ****   {
 484              		.loc 1 254 3 is_stmt 1 view .LVU132
 254:Src/main.c    ****   {
 485              		.loc 1 254 7 is_stmt 0 view .LVU133
 486 004c FFF7FEFF 		bl	HAL_ADC_Init
 487              	.LVL18:
 254:Src/main.c    ****   {
 488              		.loc 1 254 6 view .LVU134
 489 0050 0028     		cmp	r0, #0
 490 0052 48D1     		bne	.L36
 261:Src/main.c    ****   sConfig.Rank = ADC_REGULAR_RANK_1;
 491              		.loc 1 261 3 is_stmt 1 view .LVU135
 261:Src/main.c    ****   sConfig.Rank = ADC_REGULAR_RANK_1;
 492              		.loc 1 261 19 is_stmt 0 view .LVU136
 493 0054 2D4B     		ldr	r3, .L43+8
 494 0056 0093     		str	r3, [sp]
 262:Src/main.c    ****   sConfig.SamplingTime = ADC_SAMPLETIME_5CYCLE;
 495              		.loc 1 262 3 is_stmt 1 view .LVU137
 262:Src/main.c    ****   sConfig.SamplingTime = ADC_SAMPLETIME_5CYCLE;
 496              		.loc 1 262 16 is_stmt 0 view .LVU138
 497 0058 0623     		movs	r3, #6
 498 005a 0193     		str	r3, [sp, #4]
 263:Src/main.c    ****   sConfig.SingleDiff = ADC_SINGLE_ENDED;
 499              		.loc 1 263 3 is_stmt 1 view .LVU139
 263:Src/main.c    ****   sConfig.SingleDiff = ADC_SINGLE_ENDED;
 500              		.loc 1 263 24 is_stmt 0 view .LVU140
 501 005c 0023     		movs	r3, #0
 502 005e 0293     		str	r3, [sp, #8]
 264:Src/main.c    ****   sConfig.OffsetNumber = ADC_OFFSET_NONE;
 503              		.loc 1 264 3 is_stmt 1 view .LVU141
ARM GAS  C:\Users\Ya\AppData\Local\Temp\cctLkAaA.s 			page 23


 264:Src/main.c    ****   sConfig.OffsetNumber = ADC_OFFSET_NONE;
 504              		.loc 1 264 22 is_stmt 0 view .LVU142
 505 0060 4FF6FF72 		movw	r2, #65535
 506 0064 0392     		str	r2, [sp, #12]
 265:Src/main.c    ****   sConfig.Offset = 0;
 507              		.loc 1 265 3 is_stmt 1 view .LVU143
 265:Src/main.c    ****   sConfig.Offset = 0;
 508              		.loc 1 265 24 is_stmt 0 view .LVU144
 509 0066 0422     		movs	r2, #4
 510 0068 0492     		str	r2, [sp, #16]
 266:Src/main.c    ****   if (HAL_ADC_ConfigChannel(&hadc1, &sConfig) != HAL_OK)
 511              		.loc 1 266 3 is_stmt 1 view .LVU145
 266:Src/main.c    ****   if (HAL_ADC_ConfigChannel(&hadc1, &sConfig) != HAL_OK)
 512              		.loc 1 266 18 is_stmt 0 view .LVU146
 513 006a 0593     		str	r3, [sp, #20]
 267:Src/main.c    ****   {
 514              		.loc 1 267 3 is_stmt 1 view .LVU147
 267:Src/main.c    ****   {
 515              		.loc 1 267 7 is_stmt 0 view .LVU148
 516 006c 6946     		mov	r1, sp
 517 006e 2548     		ldr	r0, .L43
 518 0070 FFF7FEFF 		bl	HAL_ADC_ConfigChannel
 519              	.LVL19:
 267:Src/main.c    ****   {
 520              		.loc 1 267 6 view .LVU149
 521 0074 0028     		cmp	r0, #0
 522 0076 38D1     		bne	.L37
 274:Src/main.c    ****   sConfig.Rank = ADC_REGULAR_RANK_2;
 523              		.loc 1 274 3 is_stmt 1 view .LVU150
 274:Src/main.c    ****   sConfig.Rank = ADC_REGULAR_RANK_2;
 524              		.loc 1 274 19 is_stmt 0 view .LVU151
 525 0078 254B     		ldr	r3, .L43+12
 526 007a 0093     		str	r3, [sp]
 275:Src/main.c    ****   if (HAL_ADC_ConfigChannel(&hadc1, &sConfig) != HAL_OK)
 527              		.loc 1 275 3 is_stmt 1 view .LVU152
 275:Src/main.c    ****   if (HAL_ADC_ConfigChannel(&hadc1, &sConfig) != HAL_OK)
 528              		.loc 1 275 16 is_stmt 0 view .LVU153
 529 007c 0C23     		movs	r3, #12
 530 007e 0193     		str	r3, [sp, #4]
 276:Src/main.c    ****   {
 531              		.loc 1 276 3 is_stmt 1 view .LVU154
 276:Src/main.c    ****   {
 532              		.loc 1 276 7 is_stmt 0 view .LVU155
 533 0080 6946     		mov	r1, sp
 534 0082 2048     		ldr	r0, .L43
 535 0084 FFF7FEFF 		bl	HAL_ADC_ConfigChannel
 536              	.LVL20:
 276:Src/main.c    ****   {
 537              		.loc 1 276 6 view .LVU156
 538 0088 0028     		cmp	r0, #0
 539 008a 30D1     		bne	.L38
 283:Src/main.c    ****   sConfig.Rank = ADC_REGULAR_RANK_3;
 540              		.loc 1 283 3 is_stmt 1 view .LVU157
 283:Src/main.c    ****   sConfig.Rank = ADC_REGULAR_RANK_3;
 541              		.loc 1 283 19 is_stmt 0 view .LVU158
 542 008c 214B     		ldr	r3, .L43+16
 543 008e 0093     		str	r3, [sp]
ARM GAS  C:\Users\Ya\AppData\Local\Temp\cctLkAaA.s 			page 24


 284:Src/main.c    ****   if (HAL_ADC_ConfigChannel(&hadc1, &sConfig) != HAL_OK)
 544              		.loc 1 284 3 is_stmt 1 view .LVU159
 284:Src/main.c    ****   if (HAL_ADC_ConfigChannel(&hadc1, &sConfig) != HAL_OK)
 545              		.loc 1 284 16 is_stmt 0 view .LVU160
 546 0090 1223     		movs	r3, #18
 547 0092 0193     		str	r3, [sp, #4]
 285:Src/main.c    ****   {
 548              		.loc 1 285 3 is_stmt 1 view .LVU161
 285:Src/main.c    ****   {
 549              		.loc 1 285 7 is_stmt 0 view .LVU162
 550 0094 6946     		mov	r1, sp
 551 0096 1B48     		ldr	r0, .L43
 552 0098 FFF7FEFF 		bl	HAL_ADC_ConfigChannel
 553              	.LVL21:
 285:Src/main.c    ****   {
 554              		.loc 1 285 6 view .LVU163
 555 009c 48BB     		cbnz	r0, .L39
 292:Src/main.c    ****   sConfig.Rank = ADC_REGULAR_RANK_4;
 556              		.loc 1 292 3 is_stmt 1 view .LVU164
 292:Src/main.c    ****   sConfig.Rank = ADC_REGULAR_RANK_4;
 557              		.loc 1 292 19 is_stmt 0 view .LVU165
 558 009e 1E4B     		ldr	r3, .L43+20
 559 00a0 0093     		str	r3, [sp]
 293:Src/main.c    ****   if (HAL_ADC_ConfigChannel(&hadc1, &sConfig) != HAL_OK)
 560              		.loc 1 293 3 is_stmt 1 view .LVU166
 293:Src/main.c    ****   if (HAL_ADC_ConfigChannel(&hadc1, &sConfig) != HAL_OK)
 561              		.loc 1 293 16 is_stmt 0 view .LVU167
 562 00a2 1823     		movs	r3, #24
 563 00a4 0193     		str	r3, [sp, #4]
 294:Src/main.c    ****   {
 564              		.loc 1 294 3 is_stmt 1 view .LVU168
 294:Src/main.c    ****   {
 565              		.loc 1 294 7 is_stmt 0 view .LVU169
 566 00a6 6946     		mov	r1, sp
 567 00a8 1648     		ldr	r0, .L43
 568 00aa FFF7FEFF 		bl	HAL_ADC_ConfigChannel
 569              	.LVL22:
 294:Src/main.c    ****   {
 570              		.loc 1 294 6 view .LVU170
 571 00ae 10BB     		cbnz	r0, .L40
 301:Src/main.c    ****   sConfig.Rank = ADC_REGULAR_RANK_5;
 572              		.loc 1 301 3 is_stmt 1 view .LVU171
 301:Src/main.c    ****   sConfig.Rank = ADC_REGULAR_RANK_5;
 573              		.loc 1 301 19 is_stmt 0 view .LVU172
 574 00b0 1A4B     		ldr	r3, .L43+24
 575 00b2 0093     		str	r3, [sp]
 302:Src/main.c    ****   sConfig.SamplingTime = ADC_SAMPLETIME_12CYCLES;
 576              		.loc 1 302 3 is_stmt 1 view .LVU173
 302:Src/main.c    ****   sConfig.SamplingTime = ADC_SAMPLETIME_12CYCLES;
 577              		.loc 1 302 16 is_stmt 0 view .LVU174
 578 00b4 4FF48073 		mov	r3, #256
 579 00b8 0193     		str	r3, [sp, #4]
 303:Src/main.c    ****   if (HAL_ADC_ConfigChannel(&hadc1, &sConfig) != HAL_OK)
 580              		.loc 1 303 3 is_stmt 1 view .LVU175
 303:Src/main.c    ****   if (HAL_ADC_ConfigChannel(&hadc1, &sConfig) != HAL_OK)
 581              		.loc 1 303 24 is_stmt 0 view .LVU176
 582 00ba 0223     		movs	r3, #2
ARM GAS  C:\Users\Ya\AppData\Local\Temp\cctLkAaA.s 			page 25


 583 00bc 0293     		str	r3, [sp, #8]
 304:Src/main.c    ****   {
 584              		.loc 1 304 3 is_stmt 1 view .LVU177
 304:Src/main.c    ****   {
 585              		.loc 1 304 7 is_stmt 0 view .LVU178
 586 00be 6946     		mov	r1, sp
 587 00c0 1048     		ldr	r0, .L43
 588 00c2 FFF7FEFF 		bl	HAL_ADC_ConfigChannel
 589              	.LVL23:
 304:Src/main.c    ****   {
 590              		.loc 1 304 6 view .LVU179
 591 00c6 C0B9     		cbnz	r0, .L41
 311:Src/main.c    ****   sConfig.Rank = ADC_REGULAR_RANK_6;
 592              		.loc 1 311 3 is_stmt 1 view .LVU180
 311:Src/main.c    ****   sConfig.Rank = ADC_REGULAR_RANK_6;
 593              		.loc 1 311 19 is_stmt 0 view .LVU181
 594 00c8 154B     		ldr	r3, .L43+28
 595 00ca 0093     		str	r3, [sp]
 312:Src/main.c    ****   sConfig.SamplingTime = ADC_SAMPLETIME_5CYCLE;
 596              		.loc 1 312 3 is_stmt 1 view .LVU182
 312:Src/main.c    ****   sConfig.SamplingTime = ADC_SAMPLETIME_5CYCLE;
 597              		.loc 1 312 16 is_stmt 0 view .LVU183
 598 00cc 4FF48373 		mov	r3, #262
 599 00d0 0193     		str	r3, [sp, #4]
 313:Src/main.c    ****   if (HAL_ADC_ConfigChannel(&hadc1, &sConfig) != HAL_OK)
 600              		.loc 1 313 3 is_stmt 1 view .LVU184
 313:Src/main.c    ****   if (HAL_ADC_ConfigChannel(&hadc1, &sConfig) != HAL_OK)
 601              		.loc 1 313 24 is_stmt 0 view .LVU185
 602 00d2 0023     		movs	r3, #0
 603 00d4 0293     		str	r3, [sp, #8]
 314:Src/main.c    ****   {
 604              		.loc 1 314 3 is_stmt 1 view .LVU186
 314:Src/main.c    ****   {
 605              		.loc 1 314 7 is_stmt 0 view .LVU187
 606 00d6 6946     		mov	r1, sp
 607 00d8 0A48     		ldr	r0, .L43
 608 00da FFF7FEFF 		bl	HAL_ADC_ConfigChannel
 609              	.LVL24:
 314:Src/main.c    ****   {
 610              		.loc 1 314 6 view .LVU188
 611 00de 70B9     		cbnz	r0, .L42
 322:Src/main.c    **** 
 612              		.loc 1 322 1 view .LVU189
 613 00e0 09B0     		add	sp, sp, #36
 614              		.cfi_remember_state
 615              		.cfi_def_cfa_offset 4
 616              		@ sp needed
 617 00e2 5DF804FB 		ldr	pc, [sp], #4
 618              	.L36:
 619              		.cfi_restore_state
 256:Src/main.c    ****   }
 620              		.loc 1 256 5 is_stmt 1 view .LVU190
 621 00e6 FFF7FEFF 		bl	Error_Handler
 622              	.LVL25:
 623              	.L37:
 269:Src/main.c    ****   }
 624              		.loc 1 269 5 view .LVU191
ARM GAS  C:\Users\Ya\AppData\Local\Temp\cctLkAaA.s 			page 26


 625 00ea FFF7FEFF 		bl	Error_Handler
 626              	.LVL26:
 627              	.L38:
 278:Src/main.c    ****   }
 628              		.loc 1 278 5 view .LVU192
 629 00ee FFF7FEFF 		bl	Error_Handler
 630              	.LVL27:
 631              	.L39:
 287:Src/main.c    ****   }
 632              		.loc 1 287 5 view .LVU193
 633 00f2 FFF7FEFF 		bl	Error_Handler
 634              	.LVL28:
 635              	.L40:
 296:Src/main.c    ****   }
 636              		.loc 1 296 5 view .LVU194
 637 00f6 FFF7FEFF 		bl	Error_Handler
 638              	.LVL29:
 639              	.L41:
 306:Src/main.c    ****   }
 640              		.loc 1 306 5 view .LVU195
 641 00fa FFF7FEFF 		bl	Error_Handler
 642              	.LVL30:
 643              	.L42:
 316:Src/main.c    ****   }
 644              		.loc 1 316 5 view .LVU196
 645 00fe FFF7FEFF 		bl	Error_Handler
 646              	.LVL31:
 647              	.L44:
 648 0102 00BF     		.align	2
 649              	.L43:
 650 0104 00000000 		.word	hadc1
 651 0108 00800242 		.word	1107460096
 652 010c 00010020 		.word	536871168
 653 0110 8000001C 		.word	469762176
 654 0114 10000010 		.word	268435472
 655 0118 0080003E 		.word	1040220160
 656 011c 04000008 		.word	134217732
 657 0120 02000004 		.word	67108866
 658              		.cfi_endproc
 659              	.LFE343:
 661              		.section	.text.SystemClock_Config,"ax",%progbits
 662              		.align	1
 663              		.global	SystemClock_Config
 664              		.syntax unified
 665              		.thumb
 666              		.thumb_func
 668              	SystemClock_Config:
 669              	.LFB341:
 141:Src/main.c    ****   RCC_OscInitTypeDef RCC_OscInitStruct = {0};
 670              		.loc 1 141 1 view -0
 671              		.cfi_startproc
 672              		@ args = 0, pretend = 0, frame = 120
 673              		@ frame_needed = 0, uses_anonymous_args = 0
 674 0000 00B5     		push	{lr}
 675              		.cfi_def_cfa_offset 4
 676              		.cfi_offset 14, -4
 677 0002 9FB0     		sub	sp, sp, #124
ARM GAS  C:\Users\Ya\AppData\Local\Temp\cctLkAaA.s 			page 27


 678              		.cfi_def_cfa_offset 128
 142:Src/main.c    ****   RCC_ClkInitTypeDef RCC_ClkInitStruct = {0};
 679              		.loc 1 142 3 view .LVU198
 142:Src/main.c    ****   RCC_ClkInitTypeDef RCC_ClkInitStruct = {0};
 680              		.loc 1 142 22 is_stmt 0 view .LVU199
 681 0004 6022     		movs	r2, #96
 682 0006 0021     		movs	r1, #0
 683 0008 06A8     		add	r0, sp, #24
 684 000a FFF7FEFF 		bl	memset
 685              	.LVL32:
 143:Src/main.c    **** 
 686              		.loc 1 143 3 is_stmt 1 view .LVU200
 143:Src/main.c    **** 
 687              		.loc 1 143 22 is_stmt 0 view .LVU201
 688 000e 0023     		movs	r3, #0
 689 0010 0093     		str	r3, [sp]
 690 0012 0193     		str	r3, [sp, #4]
 691 0014 0293     		str	r3, [sp, #8]
 692 0016 0393     		str	r3, [sp, #12]
 693 0018 0493     		str	r3, [sp, #16]
 694 001a 0593     		str	r3, [sp, #20]
 147:Src/main.c    ****   {
 695              		.loc 1 147 3 is_stmt 1 view .LVU202
 147:Src/main.c    ****   {
 696              		.loc 1 147 7 is_stmt 0 view .LVU203
 697 001c 4FF44030 		mov	r0, #196608
 698 0020 FFF7FEFF 		bl	HAL_PWREx_ControlVoltageScaling
 699              	.LVL33:
 147:Src/main.c    ****   {
 700              		.loc 1 147 6 view .LVU204
 701 0024 0028     		cmp	r0, #0
 702 0026 2ED1     		bne	.L50
 154:Src/main.c    ****   RCC_OscInitStruct.HSIState = RCC_HSI_ON;
 703              		.loc 1 154 3 is_stmt 1 view .LVU205
 154:Src/main.c    ****   RCC_OscInitStruct.HSIState = RCC_HSI_ON;
 704              		.loc 1 154 36 is_stmt 0 view .LVU206
 705 0028 1223     		movs	r3, #18
 706 002a 0693     		str	r3, [sp, #24]
 155:Src/main.c    ****   RCC_OscInitStruct.HSICalibrationValue = RCC_HSICALIBRATION_DEFAULT;
 707              		.loc 1 155 3 is_stmt 1 view .LVU207
 155:Src/main.c    ****   RCC_OscInitStruct.HSICalibrationValue = RCC_HSICALIBRATION_DEFAULT;
 708              		.loc 1 155 30 is_stmt 0 view .LVU208
 709 002c 4FF48073 		mov	r3, #256
 710 0030 0993     		str	r3, [sp, #36]
 156:Src/main.c    ****   RCC_OscInitStruct.MSIState = RCC_MSI_ON;
 711              		.loc 1 156 3 is_stmt 1 view .LVU209
 156:Src/main.c    ****   RCC_OscInitStruct.MSIState = RCC_MSI_ON;
 712              		.loc 1 156 41 is_stmt 0 view .LVU210
 713 0032 1023     		movs	r3, #16
 714 0034 0A93     		str	r3, [sp, #40]
 157:Src/main.c    ****   RCC_OscInitStruct.MSICalibrationValue = RCC_MSICALIBRATION_DEFAULT;
 715              		.loc 1 157 3 is_stmt 1 view .LVU211
 157:Src/main.c    ****   RCC_OscInitStruct.MSICalibrationValue = RCC_MSICALIBRATION_DEFAULT;
 716              		.loc 1 157 30 is_stmt 0 view .LVU212
 717 0036 0121     		movs	r1, #1
 718 0038 0D91     		str	r1, [sp, #52]
 158:Src/main.c    ****   RCC_OscInitStruct.MSIClockRange = RCC_MSIRANGE_4;
ARM GAS  C:\Users\Ya\AppData\Local\Temp\cctLkAaA.s 			page 28


 719              		.loc 1 158 3 is_stmt 1 view .LVU213
 158:Src/main.c    ****   RCC_OscInitStruct.MSIClockRange = RCC_MSIRANGE_4;
 720              		.loc 1 158 41 is_stmt 0 view .LVU214
 721 003a 0E93     		str	r3, [sp, #56]
 159:Src/main.c    ****   RCC_OscInitStruct.PLL.PLLState = RCC_PLL_ON;
 722              		.loc 1 159 3 is_stmt 1 view .LVU215
 159:Src/main.c    ****   RCC_OscInitStruct.PLL.PLLState = RCC_PLL_ON;
 723              		.loc 1 159 35 is_stmt 0 view .LVU216
 724 003c 4FF08043 		mov	r3, #1073741824
 725 0040 0F93     		str	r3, [sp, #60]
 160:Src/main.c    ****   RCC_OscInitStruct.PLL.PLLSource = RCC_PLLSOURCE_MSI;
 726              		.loc 1 160 3 is_stmt 1 view .LVU217
 160:Src/main.c    ****   RCC_OscInitStruct.PLL.PLLSource = RCC_PLLSOURCE_MSI;
 727              		.loc 1 160 34 is_stmt 0 view .LVU218
 728 0042 0223     		movs	r3, #2
 729 0044 1493     		str	r3, [sp, #80]
 161:Src/main.c    ****   RCC_OscInitStruct.PLL.PLLMBOOST = RCC_PLLMBOOST_DIV1;
 730              		.loc 1 161 3 is_stmt 1 view .LVU219
 161:Src/main.c    ****   RCC_OscInitStruct.PLL.PLLMBOOST = RCC_PLLMBOOST_DIV1;
 731              		.loc 1 161 35 is_stmt 0 view .LVU220
 732 0046 1591     		str	r1, [sp, #84]
 162:Src/main.c    ****   RCC_OscInitStruct.PLL.PLLM = 1;
 733              		.loc 1 162 3 is_stmt 1 view .LVU221
 162:Src/main.c    ****   RCC_OscInitStruct.PLL.PLLM = 1;
 734              		.loc 1 162 35 is_stmt 0 view .LVU222
 735 0048 0022     		movs	r2, #0
 736 004a 1792     		str	r2, [sp, #92]
 163:Src/main.c    ****   RCC_OscInitStruct.PLL.PLLN = 80;
 737              		.loc 1 163 3 is_stmt 1 view .LVU223
 163:Src/main.c    ****   RCC_OscInitStruct.PLL.PLLN = 80;
 738              		.loc 1 163 30 is_stmt 0 view .LVU224
 739 004c 1691     		str	r1, [sp, #88]
 164:Src/main.c    ****   RCC_OscInitStruct.PLL.PLLP = 2;
 740              		.loc 1 164 3 is_stmt 1 view .LVU225
 164:Src/main.c    ****   RCC_OscInitStruct.PLL.PLLP = 2;
 741              		.loc 1 164 30 is_stmt 0 view .LVU226
 742 004e 5021     		movs	r1, #80
 743 0050 1891     		str	r1, [sp, #96]
 165:Src/main.c    ****   RCC_OscInitStruct.PLL.PLLQ = 2;
 744              		.loc 1 165 3 is_stmt 1 view .LVU227
 165:Src/main.c    ****   RCC_OscInitStruct.PLL.PLLQ = 2;
 745              		.loc 1 165 30 is_stmt 0 view .LVU228
 746 0052 1993     		str	r3, [sp, #100]
 166:Src/main.c    ****   RCC_OscInitStruct.PLL.PLLR = 2;
 747              		.loc 1 166 3 is_stmt 1 view .LVU229
 166:Src/main.c    ****   RCC_OscInitStruct.PLL.PLLR = 2;
 748              		.loc 1 166 30 is_stmt 0 view .LVU230
 749 0054 1A93     		str	r3, [sp, #104]
 167:Src/main.c    ****   RCC_OscInitStruct.PLL.PLLRGE = RCC_PLLVCIRANGE_0;
 750              		.loc 1 167 3 is_stmt 1 view .LVU231
 167:Src/main.c    ****   RCC_OscInitStruct.PLL.PLLRGE = RCC_PLLVCIRANGE_0;
 751              		.loc 1 167 30 is_stmt 0 view .LVU232
 752 0056 1B93     		str	r3, [sp, #108]
 168:Src/main.c    ****   RCC_OscInitStruct.PLL.PLLFRACN = 0;
 753              		.loc 1 168 3 is_stmt 1 view .LVU233
 168:Src/main.c    ****   RCC_OscInitStruct.PLL.PLLFRACN = 0;
 754              		.loc 1 168 32 is_stmt 0 view .LVU234
ARM GAS  C:\Users\Ya\AppData\Local\Temp\cctLkAaA.s 			page 29


 755 0058 1C92     		str	r2, [sp, #112]
 169:Src/main.c    ****   if (HAL_RCC_OscConfig(&RCC_OscInitStruct) != HAL_OK)
 756              		.loc 1 169 3 is_stmt 1 view .LVU235
 169:Src/main.c    ****   if (HAL_RCC_OscConfig(&RCC_OscInitStruct) != HAL_OK)
 757              		.loc 1 169 34 is_stmt 0 view .LVU236
 758 005a 1D92     		str	r2, [sp, #116]
 170:Src/main.c    ****   {
 759              		.loc 1 170 3 is_stmt 1 view .LVU237
 170:Src/main.c    ****   {
 760              		.loc 1 170 7 is_stmt 0 view .LVU238
 761 005c 06A8     		add	r0, sp, #24
 762 005e FFF7FEFF 		bl	HAL_RCC_OscConfig
 763              	.LVL34:
 170:Src/main.c    ****   {
 764              		.loc 1 170 6 view .LVU239
 765 0062 90B9     		cbnz	r0, .L51
 177:Src/main.c    ****                               |RCC_CLOCKTYPE_PCLK1|RCC_CLOCKTYPE_PCLK2
 766              		.loc 1 177 3 is_stmt 1 view .LVU240
 177:Src/main.c    ****                               |RCC_CLOCKTYPE_PCLK1|RCC_CLOCKTYPE_PCLK2
 767              		.loc 1 177 31 is_stmt 0 view .LVU241
 768 0064 1F23     		movs	r3, #31
 769 0066 0093     		str	r3, [sp]
 180:Src/main.c    ****   RCC_ClkInitStruct.AHBCLKDivider = RCC_SYSCLK_DIV1;
 770              		.loc 1 180 3 is_stmt 1 view .LVU242
 180:Src/main.c    ****   RCC_ClkInitStruct.AHBCLKDivider = RCC_SYSCLK_DIV1;
 771              		.loc 1 180 34 is_stmt 0 view .LVU243
 772 0068 0323     		movs	r3, #3
 773 006a 0193     		str	r3, [sp, #4]
 181:Src/main.c    ****   RCC_ClkInitStruct.APB1CLKDivider = RCC_HCLK_DIV1;
 774              		.loc 1 181 3 is_stmt 1 view .LVU244
 181:Src/main.c    ****   RCC_ClkInitStruct.APB1CLKDivider = RCC_HCLK_DIV1;
 775              		.loc 1 181 35 is_stmt 0 view .LVU245
 776 006c 0023     		movs	r3, #0
 777 006e 0293     		str	r3, [sp, #8]
 182:Src/main.c    ****   RCC_ClkInitStruct.APB2CLKDivider = RCC_HCLK_DIV1;
 778              		.loc 1 182 3 is_stmt 1 view .LVU246
 182:Src/main.c    ****   RCC_ClkInitStruct.APB2CLKDivider = RCC_HCLK_DIV1;
 779              		.loc 1 182 36 is_stmt 0 view .LVU247
 780 0070 0393     		str	r3, [sp, #12]
 183:Src/main.c    ****   RCC_ClkInitStruct.APB3CLKDivider = RCC_HCLK_DIV1;
 781              		.loc 1 183 3 is_stmt 1 view .LVU248
 183:Src/main.c    ****   RCC_ClkInitStruct.APB3CLKDivider = RCC_HCLK_DIV1;
 782              		.loc 1 183 36 is_stmt 0 view .LVU249
 783 0072 0493     		str	r3, [sp, #16]
 184:Src/main.c    **** 
 784              		.loc 1 184 3 is_stmt 1 view .LVU250
 184:Src/main.c    **** 
 785              		.loc 1 184 36 is_stmt 0 view .LVU251
 786 0074 0593     		str	r3, [sp, #20]
 186:Src/main.c    ****   {
 787              		.loc 1 186 3 is_stmt 1 view .LVU252
 186:Src/main.c    ****   {
 788              		.loc 1 186 7 is_stmt 0 view .LVU253
 789 0076 0421     		movs	r1, #4
 790 0078 6846     		mov	r0, sp
 791 007a FFF7FEFF 		bl	HAL_RCC_ClockConfig
 792              	.LVL35:
ARM GAS  C:\Users\Ya\AppData\Local\Temp\cctLkAaA.s 			page 30


 186:Src/main.c    ****   {
 793              		.loc 1 186 6 view .LVU254
 794 007e 30B9     		cbnz	r0, .L52
 190:Src/main.c    **** 
 795              		.loc 1 190 1 view .LVU255
 796 0080 1FB0     		add	sp, sp, #124
 797              		.cfi_remember_state
 798              		.cfi_def_cfa_offset 4
 799              		@ sp needed
 800 0082 5DF804FB 		ldr	pc, [sp], #4
 801              	.L50:
 802              		.cfi_restore_state
 149:Src/main.c    ****   }
 803              		.loc 1 149 5 is_stmt 1 view .LVU256
 804 0086 FFF7FEFF 		bl	Error_Handler
 805              	.LVL36:
 806              	.L51:
 172:Src/main.c    ****   }
 807              		.loc 1 172 5 view .LVU257
 808 008a FFF7FEFF 		bl	Error_Handler
 809              	.LVL37:
 810              	.L52:
 188:Src/main.c    ****   }
 811              		.loc 1 188 5 view .LVU258
 812 008e FFF7FEFF 		bl	Error_Handler
 813              	.LVL38:
 814              		.cfi_endproc
 815              	.LFE341:
 817              		.section	.text.main,"ax",%progbits
 818              		.align	1
 819              		.global	main
 820              		.syntax unified
 821              		.thumb
 822              		.thumb_func
 824              	main:
 825              	.LFB340:
  73:Src/main.c    ****   /* USER CODE BEGIN 1 */
 826              		.loc 1 73 1 view -0
 827              		.cfi_startproc
 828              		@ Volatile: function does not return.
 829              		@ args = 0, pretend = 0, frame = 0
 830              		@ frame_needed = 0, uses_anonymous_args = 0
 831 0000 08B5     		push	{r3, lr}
 832              		.cfi_def_cfa_offset 8
 833              		.cfi_offset 3, -8
 834              		.cfi_offset 14, -4
  86:Src/main.c    **** 
 835              		.loc 1 86 3 view .LVU260
 836 0002 FFF7FEFF 		bl	HAL_Init
 837              	.LVL39:
  93:Src/main.c    **** 
 838              		.loc 1 93 3 view .LVU261
 839 0006 FFF7FEFF 		bl	SystemClock_Config
 840              	.LVL40:
  96:Src/main.c    **** 
 841              		.loc 1 96 3 view .LVU262
 842 000a FFF7FEFF 		bl	SystemPower_Config
ARM GAS  C:\Users\Ya\AppData\Local\Temp\cctLkAaA.s 			page 31


 843              	.LVL41:
 103:Src/main.c    ****   MX_GPDMA1_Init();
 844              		.loc 1 103 3 view .LVU263
 845 000e FFF7FEFF 		bl	MX_GPIO_Init
 846              	.LVL42:
 104:Src/main.c    ****   MX_ICACHE_Init();
 847              		.loc 1 104 3 view .LVU264
 848 0012 FFF7FEFF 		bl	MX_GPDMA1_Init
 849              	.LVL43:
 105:Src/main.c    ****   MX_ADC1_Init();
 850              		.loc 1 105 3 view .LVU265
 851 0016 FFF7FEFF 		bl	MX_ICACHE_Init
 852              	.LVL44:
 106:Src/main.c    ****   /* USER CODE BEGIN 2 */
 853              		.loc 1 106 3 view .LVU266
 854 001a FFF7FEFF 		bl	MX_ADC1_Init
 855              	.LVL45:
 108:Src/main.c    ****   __HAL_LINKDMA(&hadc1, DMA_Handle, handle_GPDMA1_Channel10);
 856              		.loc 1 108 3 view .LVU267
 857 001e FFF7FEFF 		bl	MX_ADCQueue_Config
 858              	.LVL46:
 109:Src/main.c    ****   if (HAL_DMAEx_List_LinkQ(&handle_GPDMA1_Channel10, &ADCQueue) != HAL_OK)
 859              		.loc 1 109 3 view .LVU268
 109:Src/main.c    ****   if (HAL_DMAEx_List_LinkQ(&handle_GPDMA1_Channel10, &ADCQueue) != HAL_OK)
 860              		.loc 1 109 3 view .LVU269
 861 0022 0C4B     		ldr	r3, .L58
 862 0024 0C48     		ldr	r0, .L58+4
 863 0026 1867     		str	r0, [r3, #112]
 109:Src/main.c    ****   if (HAL_DMAEx_List_LinkQ(&handle_GPDMA1_Channel10, &ADCQueue) != HAL_OK)
 864              		.loc 1 109 3 view .LVU270
 865 0028 C365     		str	r3, [r0, #92]
 109:Src/main.c    ****   if (HAL_DMAEx_List_LinkQ(&handle_GPDMA1_Channel10, &ADCQueue) != HAL_OK)
 866              		.loc 1 109 3 view .LVU271
 110:Src/main.c    ****   {
 867              		.loc 1 110 3 view .LVU272
 110:Src/main.c    ****   {
 868              		.loc 1 110 7 is_stmt 0 view .LVU273
 869 002a 0C49     		ldr	r1, .L58+8
 870 002c FFF7FEFF 		bl	HAL_DMAEx_List_LinkQ
 871              	.LVL47:
 110:Src/main.c    ****   {
 872              		.loc 1 110 6 view .LVU274
 873 0030 08B1     		cbz	r0, .L54
 112:Src/main.c    ****   }
 874              		.loc 1 112 5 is_stmt 1 view .LVU275
 875 0032 FFF7FEFF 		bl	Error_Handler
 876              	.LVL48:
 877              	.L54:
 114:Src/main.c    ****                         (uint32_t *)aADCxConvertedData,
 878              		.loc 1 114 3 view .LVU276
 114:Src/main.c    ****                         (uint32_t *)aADCxConvertedData,
 879              		.loc 1 114 7 is_stmt 0 view .LVU277
 880 0036 0C22     		movs	r2, #12
 881 0038 0949     		ldr	r1, .L58+12
 882 003a 0648     		ldr	r0, .L58
 883 003c FFF7FEFF 		bl	HAL_ADC_Start_DMA
 884              	.LVL49:
ARM GAS  C:\Users\Ya\AppData\Local\Temp\cctLkAaA.s 			page 32


 114:Src/main.c    ****                         (uint32_t *)aADCxConvertedData,
 885              		.loc 1 114 6 view .LVU278
 886 0040 28B9     		cbnz	r0, .L57
 887              	.L55:
 124:Src/main.c    ****   {
 888              		.loc 1 124 3 is_stmt 1 discriminator 1 view .LVU279
 127:Src/main.c    **** 
 889              		.loc 1 127 5 discriminator 1 view .LVU280
 890 0042 0122     		movs	r2, #1
 891 0044 0649     		ldr	r1, .L58+12
 892 0046 0348     		ldr	r0, .L58
 893 0048 FFF7FEFF 		bl	HAL_ADC_Start_DMA
 894              	.LVL50:
 124:Src/main.c    ****   {
 895              		.loc 1 124 9 discriminator 1 view .LVU281
 896 004c F9E7     		b	.L55
 897              	.L57:
 118:Src/main.c    ****   }
 898              		.loc 1 118 5 view .LVU282
 899 004e FFF7FEFF 		bl	Error_Handler
 900              	.LVL51:
 901              	.L59:
 902 0052 00BF     		.align	2
 903              	.L58:
 904 0054 00000000 		.word	hadc1
 905 0058 00000000 		.word	handle_GPDMA1_Channel10
 906 005c 00000000 		.word	ADCQueue
 907 0060 00000000 		.word	aADCxConvertedData
 908              		.cfi_endproc
 909              	.LFE340:
 911              		.global	aADCxConvertedData
 912              		.section	.bss.aADCxConvertedData,"aw",%nobits
 913              		.align	2
 916              	aADCxConvertedData:
 917 0000 00000000 		.space	48
 917      00000000 
 917      00000000 
 917      00000000 
 917      00000000 
 918              		.global	handle_GPDMA1_Channel10
 919              		.section	.bss.handle_GPDMA1_Channel10,"aw",%nobits
 920              		.align	2
 923              	handle_GPDMA1_Channel10:
 924 0000 00000000 		.space	120
 924      00000000 
 924      00000000 
 924      00000000 
 924      00000000 
 925              		.global	hadc1
 926              		.section	.bss.hadc1,"aw",%nobits
 927              		.align	2
 930              	hadc1:
 931 0000 00000000 		.space	140
 931      00000000 
 931      00000000 
 931      00000000 
 931      00000000 
ARM GAS  C:\Users\Ya\AppData\Local\Temp\cctLkAaA.s 			page 33


 932              		.text
 933              	.Letext0:
 934              		.file 3 "Drivers/CMSIS/Device/ST/STM32U5xx/Include/stm32u575xx.h"
 935              		.file 4 "c:\\users\\ya\\appdata\\roaming\\code\\user\\globalstorage\\bmd.stm32-for-vscode\\@xpack-
 936              		.file 5 "c:\\users\\ya\\appdata\\roaming\\code\\user\\globalstorage\\bmd.stm32-for-vscode\\@xpack-
 937              		.file 6 "Drivers/CMSIS/Device/ST/STM32U5xx/Include/stm32u5xx.h"
 938              		.file 7 "Drivers/STM32U5xx_HAL_Driver/Inc/stm32u5xx_hal_def.h"
 939              		.file 8 "Drivers/STM32U5xx_HAL_Driver/Inc/stm32u5xx_hal_rcc.h"
 940              		.file 9 "Drivers/STM32U5xx_HAL_Driver/Inc/stm32u5xx_hal_gpio.h"
 941              		.file 10 "Drivers/STM32U5xx_HAL_Driver/Inc/stm32u5xx_hal_dma.h"
 942              		.file 11 "Drivers/STM32U5xx_HAL_Driver/Inc/stm32u5xx_hal_dma_ex.h"
 943              		.file 12 "Drivers/STM32U5xx_HAL_Driver/Inc/stm32u5xx_hal_adc.h"
 944              		.file 13 "Inc/main.h"
 945              		.file 14 "Drivers/STM32U5xx_HAL_Driver/Inc/stm32u5xx_hal_pwr_ex.h"
 946              		.file 15 "Drivers/STM32U5xx_HAL_Driver/Inc/stm32u5xx_hal_icache.h"
 947              		.file 16 "Drivers/STM32U5xx_HAL_Driver/Inc/stm32u5xx_hal_cortex.h"
 948              		.file 17 "Inc/linked_list.h"
 949              		.file 18 "Drivers/STM32U5xx_HAL_Driver/Inc/stm32u5xx_hal.h"
 950              		.file 19 "<built-in>"
ARM GAS  C:\Users\Ya\AppData\Local\Temp\cctLkAaA.s 			page 34


DEFINED SYMBOLS
                            *ABS*:0000000000000000 main.c
C:\Users\Ya\AppData\Local\Temp\cctLkAaA.s:22     .text.MX_GPIO_Init:0000000000000000 $t
C:\Users\Ya\AppData\Local\Temp\cctLkAaA.s:27     .text.MX_GPIO_Init:0000000000000000 MX_GPIO_Init
C:\Users\Ya\AppData\Local\Temp\cctLkAaA.s:129    .text.MX_GPIO_Init:000000000000008c $d
C:\Users\Ya\AppData\Local\Temp\cctLkAaA.s:136    .text.HAL_ADC_ConvHalfCpltCallback:0000000000000000 $t
C:\Users\Ya\AppData\Local\Temp\cctLkAaA.s:142    .text.HAL_ADC_ConvHalfCpltCallback:0000000000000000 HAL_ADC_ConvHalfCpltCallback
C:\Users\Ya\AppData\Local\Temp\cctLkAaA.s:156    .text.HAL_ADC_ConvCpltCallback:0000000000000000 $t
C:\Users\Ya\AppData\Local\Temp\cctLkAaA.s:162    .text.HAL_ADC_ConvCpltCallback:0000000000000000 HAL_ADC_ConvCpltCallback
C:\Users\Ya\AppData\Local\Temp\cctLkAaA.s:176    .text.Error_Handler:0000000000000000 $t
C:\Users\Ya\AppData\Local\Temp\cctLkAaA.s:182    .text.Error_Handler:0000000000000000 Error_Handler
C:\Users\Ya\AppData\Local\Temp\cctLkAaA.s:214    .text.SystemPower_Config:0000000000000000 $t
C:\Users\Ya\AppData\Local\Temp\cctLkAaA.s:219    .text.SystemPower_Config:0000000000000000 SystemPower_Config
C:\Users\Ya\AppData\Local\Temp\cctLkAaA.s:252    .text.MX_GPDMA1_Init:0000000000000000 $t
C:\Users\Ya\AppData\Local\Temp\cctLkAaA.s:257    .text.MX_GPDMA1_Init:0000000000000000 MX_GPDMA1_Init
C:\Users\Ya\AppData\Local\Temp\cctLkAaA.s:350    .text.MX_GPDMA1_Init:0000000000000068 $d
C:\Users\Ya\AppData\Local\Temp\cctLkAaA.s:923    .bss.handle_GPDMA1_Channel10:0000000000000000 handle_GPDMA1_Channel10
C:\Users\Ya\AppData\Local\Temp\cctLkAaA.s:357    .text.MX_ICACHE_Init:0000000000000000 $t
C:\Users\Ya\AppData\Local\Temp\cctLkAaA.s:362    .text.MX_ICACHE_Init:0000000000000000 MX_ICACHE_Init
C:\Users\Ya\AppData\Local\Temp\cctLkAaA.s:399    .text.MX_ADC1_Init:0000000000000000 $t
C:\Users\Ya\AppData\Local\Temp\cctLkAaA.s:404    .text.MX_ADC1_Init:0000000000000000 MX_ADC1_Init
C:\Users\Ya\AppData\Local\Temp\cctLkAaA.s:650    .text.MX_ADC1_Init:0000000000000104 $d
C:\Users\Ya\AppData\Local\Temp\cctLkAaA.s:930    .bss.hadc1:0000000000000000 hadc1
C:\Users\Ya\AppData\Local\Temp\cctLkAaA.s:662    .text.SystemClock_Config:0000000000000000 $t
C:\Users\Ya\AppData\Local\Temp\cctLkAaA.s:668    .text.SystemClock_Config:0000000000000000 SystemClock_Config
C:\Users\Ya\AppData\Local\Temp\cctLkAaA.s:818    .text.main:0000000000000000 $t
C:\Users\Ya\AppData\Local\Temp\cctLkAaA.s:824    .text.main:0000000000000000 main
C:\Users\Ya\AppData\Local\Temp\cctLkAaA.s:904    .text.main:0000000000000054 $d
C:\Users\Ya\AppData\Local\Temp\cctLkAaA.s:916    .bss.aADCxConvertedData:0000000000000000 aADCxConvertedData
C:\Users\Ya\AppData\Local\Temp\cctLkAaA.s:913    .bss.aADCxConvertedData:0000000000000000 $d
C:\Users\Ya\AppData\Local\Temp\cctLkAaA.s:920    .bss.handle_GPDMA1_Channel10:0000000000000000 $d
C:\Users\Ya\AppData\Local\Temp\cctLkAaA.s:927    .bss.hadc1:0000000000000000 $d

UNDEFINED SYMBOLS
HAL_GPIO_Init
HAL_PWREx_EnableVddIO2
HAL_PWREx_DisableUCPDDeadBattery
HAL_PWREx_ConfigSupply
HAL_NVIC_SetPriority
HAL_NVIC_EnableIRQ
HAL_DMAEx_List_Init
HAL_DMA_ConfigChannelAttributes
HAL_ICACHE_ConfigAssociativityMode
HAL_ICACHE_Enable
memset
HAL_ADC_Init
HAL_ADC_ConfigChannel
HAL_PWREx_ControlVoltageScaling
HAL_RCC_OscConfig
HAL_RCC_ClockConfig
HAL_Init
MX_ADCQueue_Config
HAL_DMAEx_List_LinkQ
HAL_ADC_Start_DMA
ADCQueue
