ARM GAS  C:\Users\Ya\AppData\Local\Temp\ccGJydN6.s 			page 1


   1              		.cpu cortex-m33
   2              		.arch armv8-m.main
   3              		.fpu fpv5-sp-d16
   4              		.arch_extension dsp
   5              		.eabi_attribute 27, 1
   6              		.eabi_attribute 28, 1
   7              		.eabi_attribute 20, 1
   8              		.eabi_attribute 21, 1
   9              		.eabi_attribute 23, 3
  10              		.eabi_attribute 24, 1
  11              		.eabi_attribute 25, 1
  12              		.eabi_attribute 26, 1
  13              		.eabi_attribute 30, 1
  14              		.eabi_attribute 34, 1
  15              		.eabi_attribute 18, 4
  16              		.file	"stm32u5xx_hal_msp.c"
  17              		.text
  18              	.Ltext0:
  19              		.cfi_sections	.debug_frame
  20              		.file 1 "Src/stm32u5xx_hal_msp.c"
  21              		.section	.text.HAL_MspInit,"ax",%progbits
  22              		.align	1
  23              		.global	HAL_MspInit
  24              		.syntax unified
  25              		.thumb
  26              		.thumb_func
  28              	HAL_MspInit:
  29              	.LFB340:
   1:Src/stm32u5xx_hal_msp.c **** /* USER CODE BEGIN Header */
   2:Src/stm32u5xx_hal_msp.c **** /**
   3:Src/stm32u5xx_hal_msp.c ****   ******************************************************************************
   4:Src/stm32u5xx_hal_msp.c ****   * @file         stm32u5xx_hal_msp.c
   5:Src/stm32u5xx_hal_msp.c ****   * @brief        This file provides code for the MSP Initialization
   6:Src/stm32u5xx_hal_msp.c ****   *               and de-Initialization codes.
   7:Src/stm32u5xx_hal_msp.c ****   ******************************************************************************
   8:Src/stm32u5xx_hal_msp.c ****   * @attention
   9:Src/stm32u5xx_hal_msp.c ****   *
  10:Src/stm32u5xx_hal_msp.c ****   * Copyright (c) 2021 STMicroelectronics.
  11:Src/stm32u5xx_hal_msp.c ****   * All rights reserved.
  12:Src/stm32u5xx_hal_msp.c ****   *
  13:Src/stm32u5xx_hal_msp.c ****   * This software is licensed under terms that can be found in the LICENSE file
  14:Src/stm32u5xx_hal_msp.c ****   * in the root directory of this software component.
  15:Src/stm32u5xx_hal_msp.c ****   * If no LICENSE file comes with this software, it is provided AS-IS.
  16:Src/stm32u5xx_hal_msp.c ****   *
  17:Src/stm32u5xx_hal_msp.c ****   ******************************************************************************
  18:Src/stm32u5xx_hal_msp.c ****   */
  19:Src/stm32u5xx_hal_msp.c **** /* USER CODE END Header */
  20:Src/stm32u5xx_hal_msp.c **** 
  21:Src/stm32u5xx_hal_msp.c **** /* Includes ------------------------------------------------------------------*/
  22:Src/stm32u5xx_hal_msp.c **** #include "main.h"
  23:Src/stm32u5xx_hal_msp.c **** /* USER CODE BEGIN Includes */
  24:Src/stm32u5xx_hal_msp.c **** 
  25:Src/stm32u5xx_hal_msp.c **** /* USER CODE END Includes */
  26:Src/stm32u5xx_hal_msp.c **** 
  27:Src/stm32u5xx_hal_msp.c **** /* Private typedef -----------------------------------------------------------*/
  28:Src/stm32u5xx_hal_msp.c **** /* USER CODE BEGIN TD */
  29:Src/stm32u5xx_hal_msp.c **** 
ARM GAS  C:\Users\Ya\AppData\Local\Temp\ccGJydN6.s 			page 2


  30:Src/stm32u5xx_hal_msp.c **** /* USER CODE END TD */
  31:Src/stm32u5xx_hal_msp.c **** 
  32:Src/stm32u5xx_hal_msp.c **** /* Private define ------------------------------------------------------------*/
  33:Src/stm32u5xx_hal_msp.c **** /* USER CODE BEGIN Define */
  34:Src/stm32u5xx_hal_msp.c **** 
  35:Src/stm32u5xx_hal_msp.c **** /* USER CODE END Define */
  36:Src/stm32u5xx_hal_msp.c **** 
  37:Src/stm32u5xx_hal_msp.c **** /* Private macro -------------------------------------------------------------*/
  38:Src/stm32u5xx_hal_msp.c **** /* USER CODE BEGIN Macro */
  39:Src/stm32u5xx_hal_msp.c **** 
  40:Src/stm32u5xx_hal_msp.c **** /* USER CODE END Macro */
  41:Src/stm32u5xx_hal_msp.c **** 
  42:Src/stm32u5xx_hal_msp.c **** /* Private variables ---------------------------------------------------------*/
  43:Src/stm32u5xx_hal_msp.c **** /* USER CODE BEGIN PV */
  44:Src/stm32u5xx_hal_msp.c **** 
  45:Src/stm32u5xx_hal_msp.c **** /* USER CODE END PV */
  46:Src/stm32u5xx_hal_msp.c **** 
  47:Src/stm32u5xx_hal_msp.c **** /* Private function prototypes -----------------------------------------------*/
  48:Src/stm32u5xx_hal_msp.c **** /* USER CODE BEGIN PFP */
  49:Src/stm32u5xx_hal_msp.c **** 
  50:Src/stm32u5xx_hal_msp.c **** /* USER CODE END PFP */
  51:Src/stm32u5xx_hal_msp.c **** 
  52:Src/stm32u5xx_hal_msp.c **** /* External functions --------------------------------------------------------*/
  53:Src/stm32u5xx_hal_msp.c **** /* USER CODE BEGIN ExternalFunctions */
  54:Src/stm32u5xx_hal_msp.c **** 
  55:Src/stm32u5xx_hal_msp.c **** /* USER CODE END ExternalFunctions */
  56:Src/stm32u5xx_hal_msp.c **** 
  57:Src/stm32u5xx_hal_msp.c **** /* USER CODE BEGIN 0 */
  58:Src/stm32u5xx_hal_msp.c **** 
  59:Src/stm32u5xx_hal_msp.c **** /* USER CODE END 0 */
  60:Src/stm32u5xx_hal_msp.c **** /**
  61:Src/stm32u5xx_hal_msp.c ****   * Initializes the Global MSP.
  62:Src/stm32u5xx_hal_msp.c ****   */
  63:Src/stm32u5xx_hal_msp.c **** void HAL_MspInit(void)
  64:Src/stm32u5xx_hal_msp.c **** {
  30              		.loc 1 64 1 view -0
  31              		.cfi_startproc
  32              		@ args = 0, pretend = 0, frame = 8
  33              		@ frame_needed = 0, uses_anonymous_args = 0
  34 0000 00B5     		push	{lr}
  35              		.cfi_def_cfa_offset 4
  36              		.cfi_offset 14, -4
  37 0002 83B0     		sub	sp, sp, #12
  38              		.cfi_def_cfa_offset 16
  65:Src/stm32u5xx_hal_msp.c ****   /* USER CODE BEGIN MspInit 0 */
  66:Src/stm32u5xx_hal_msp.c **** 
  67:Src/stm32u5xx_hal_msp.c ****   /* USER CODE END MspInit 0 */
  68:Src/stm32u5xx_hal_msp.c **** 
  69:Src/stm32u5xx_hal_msp.c ****   __HAL_RCC_PWR_CLK_ENABLE();
  39              		.loc 1 69 3 view .LVU1
  40              	.LBB2:
  41              		.loc 1 69 3 view .LVU2
  42              		.loc 1 69 3 view .LVU3
  43 0004 084B     		ldr	r3, .L3
  44 0006 D3F89420 		ldr	r2, [r3, #148]
  45 000a 42F00402 		orr	r2, r2, #4
  46 000e C3F89420 		str	r2, [r3, #148]
ARM GAS  C:\Users\Ya\AppData\Local\Temp\ccGJydN6.s 			page 3


  47              		.loc 1 69 3 view .LVU4
  48 0012 D3F89430 		ldr	r3, [r3, #148]
  49 0016 03F00403 		and	r3, r3, #4
  50 001a 0193     		str	r3, [sp, #4]
  51              		.loc 1 69 3 view .LVU5
  52 001c 019B     		ldr	r3, [sp, #4]
  53              	.LBE2:
  54              		.loc 1 69 3 view .LVU6
  70:Src/stm32u5xx_hal_msp.c **** 
  71:Src/stm32u5xx_hal_msp.c ****   /* System interrupt init*/
  72:Src/stm32u5xx_hal_msp.c **** 
  73:Src/stm32u5xx_hal_msp.c ****   /* USER CODE BEGIN MspInit 1 */
  74:Src/stm32u5xx_hal_msp.c ****    HAL_PWREx_EnableVddA();
  55              		.loc 1 74 4 view .LVU7
  56 001e FFF7FEFF 		bl	HAL_PWREx_EnableVddA
  57              	.LVL0:
  75:Src/stm32u5xx_hal_msp.c ****   /* USER CODE END MspInit 1 */
  76:Src/stm32u5xx_hal_msp.c **** }
  58              		.loc 1 76 1 is_stmt 0 view .LVU8
  59 0022 03B0     		add	sp, sp, #12
  60              		.cfi_def_cfa_offset 4
  61              		@ sp needed
  62 0024 5DF804FB 		ldr	pc, [sp], #4
  63              	.L4:
  64              		.align	2
  65              	.L3:
  66 0028 000C0246 		.word	1174539264
  67              		.cfi_endproc
  68              	.LFE340:
  70              		.section	.text.HAL_ADC_MspInit,"ax",%progbits
  71              		.align	1
  72              		.global	HAL_ADC_MspInit
  73              		.syntax unified
  74              		.thumb
  75              		.thumb_func
  77              	HAL_ADC_MspInit:
  78              	.LVL1:
  79              	.LFB341:
  77:Src/stm32u5xx_hal_msp.c **** 
  78:Src/stm32u5xx_hal_msp.c **** /**
  79:Src/stm32u5xx_hal_msp.c **** * @brief ADC MSP Initialization
  80:Src/stm32u5xx_hal_msp.c **** * This function configures the hardware resources used in this example
  81:Src/stm32u5xx_hal_msp.c **** * @param hadc: ADC handle pointer
  82:Src/stm32u5xx_hal_msp.c **** * @retval None
  83:Src/stm32u5xx_hal_msp.c **** */
  84:Src/stm32u5xx_hal_msp.c **** void HAL_ADC_MspInit(ADC_HandleTypeDef* hadc)
  85:Src/stm32u5xx_hal_msp.c **** {
  80              		.loc 1 85 1 is_stmt 1 view -0
  81              		.cfi_startproc
  82              		@ args = 0, pretend = 0, frame = 240
  83              		@ frame_needed = 0, uses_anonymous_args = 0
  84              		.loc 1 85 1 is_stmt 0 view .LVU10
  85 0000 30B5     		push	{r4, r5, lr}
  86              		.cfi_def_cfa_offset 12
  87              		.cfi_offset 4, -12
  88              		.cfi_offset 5, -8
  89              		.cfi_offset 14, -4
ARM GAS  C:\Users\Ya\AppData\Local\Temp\ccGJydN6.s 			page 4


  90 0002 BDB0     		sub	sp, sp, #244
  91              		.cfi_def_cfa_offset 256
  92 0004 0446     		mov	r4, r0
  86:Src/stm32u5xx_hal_msp.c ****   GPIO_InitTypeDef GPIO_InitStruct = {0};
  93              		.loc 1 86 3 is_stmt 1 view .LVU11
  94              		.loc 1 86 20 is_stmt 0 view .LVU12
  95 0006 0021     		movs	r1, #0
  96 0008 3791     		str	r1, [sp, #220]
  97 000a 3891     		str	r1, [sp, #224]
  98 000c 3991     		str	r1, [sp, #228]
  99 000e 3A91     		str	r1, [sp, #232]
 100 0010 3B91     		str	r1, [sp, #236]
  87:Src/stm32u5xx_hal_msp.c ****   RCC_PeriphCLKInitTypeDef PeriphClkInit = {0};
 101              		.loc 1 87 3 is_stmt 1 view .LVU13
 102              		.loc 1 87 28 is_stmt 0 view .LVU14
 103 0012 C822     		movs	r2, #200
 104 0014 04A8     		add	r0, sp, #16
 105              	.LVL2:
 106              		.loc 1 87 28 view .LVU15
 107 0016 FFF7FEFF 		bl	memset
 108              	.LVL3:
  88:Src/stm32u5xx_hal_msp.c ****   if(hadc->Instance==ADC1)
 109              		.loc 1 88 3 is_stmt 1 view .LVU16
 110              		.loc 1 88 10 is_stmt 0 view .LVU17
 111 001a 2268     		ldr	r2, [r4]
 112              		.loc 1 88 5 view .LVU18
 113 001c 304B     		ldr	r3, .L11
 114 001e 9A42     		cmp	r2, r3
 115 0020 01D0     		beq	.L9
 116              	.LVL4:
 117              	.L5:
  89:Src/stm32u5xx_hal_msp.c ****   {
  90:Src/stm32u5xx_hal_msp.c ****   /* USER CODE BEGIN ADC1_MspInit 0 */
  91:Src/stm32u5xx_hal_msp.c **** 
  92:Src/stm32u5xx_hal_msp.c ****   /* USER CODE END ADC1_MspInit 0 */
  93:Src/stm32u5xx_hal_msp.c **** 
  94:Src/stm32u5xx_hal_msp.c ****   /** Initializes the peripherals clock
  95:Src/stm32u5xx_hal_msp.c ****   */
  96:Src/stm32u5xx_hal_msp.c ****     PeriphClkInit.PeriphClockSelection = RCC_PERIPHCLK_ADCDAC;
  97:Src/stm32u5xx_hal_msp.c ****     PeriphClkInit.AdcDacClockSelection = RCC_ADCDACCLKSOURCE_HSI;
  98:Src/stm32u5xx_hal_msp.c ****     if (HAL_RCCEx_PeriphCLKConfig(&PeriphClkInit) != HAL_OK)
  99:Src/stm32u5xx_hal_msp.c ****     {
 100:Src/stm32u5xx_hal_msp.c ****       Error_Handler();
 101:Src/stm32u5xx_hal_msp.c ****     }
 102:Src/stm32u5xx_hal_msp.c **** 
 103:Src/stm32u5xx_hal_msp.c ****     /* Peripheral clock enable */
 104:Src/stm32u5xx_hal_msp.c ****     __HAL_RCC_ADC12_CLK_ENABLE();
 105:Src/stm32u5xx_hal_msp.c **** 
 106:Src/stm32u5xx_hal_msp.c ****     __HAL_RCC_GPIOC_CLK_ENABLE();
 107:Src/stm32u5xx_hal_msp.c ****     __HAL_RCC_GPIOA_CLK_ENABLE();
 108:Src/stm32u5xx_hal_msp.c ****     __HAL_RCC_GPIOB_CLK_ENABLE();
 109:Src/stm32u5xx_hal_msp.c ****     /**ADC1 GPIO Configuration
 110:Src/stm32u5xx_hal_msp.c ****     PC0     ------> ADC1_IN1
 111:Src/stm32u5xx_hal_msp.c ****     PC1     ------> ADC1_IN2
 112:Src/stm32u5xx_hal_msp.c ****     PC3     ------> ADC1_IN4
 113:Src/stm32u5xx_hal_msp.c ****     PA2     ------> ADC1_IN7
 114:Src/stm32u5xx_hal_msp.c ****     PA3     ------> ADC1_IN8
ARM GAS  C:\Users\Ya\AppData\Local\Temp\ccGJydN6.s 			page 5


 115:Src/stm32u5xx_hal_msp.c ****     PB0     ------> ADC1_IN15
 116:Src/stm32u5xx_hal_msp.c ****     */
 117:Src/stm32u5xx_hal_msp.c ****     GPIO_InitStruct.Pin = GPIO_PIN_0|GPIO_PIN_1|GPIO_PIN_3;
 118:Src/stm32u5xx_hal_msp.c ****     GPIO_InitStruct.Mode = GPIO_MODE_ANALOG;
 119:Src/stm32u5xx_hal_msp.c ****     GPIO_InitStruct.Pull = GPIO_NOPULL;
 120:Src/stm32u5xx_hal_msp.c ****     HAL_GPIO_Init(GPIOC, &GPIO_InitStruct);
 121:Src/stm32u5xx_hal_msp.c **** 
 122:Src/stm32u5xx_hal_msp.c ****     GPIO_InitStruct.Pin = GPIO_PIN_2|GPIO_PIN_3;
 123:Src/stm32u5xx_hal_msp.c ****     GPIO_InitStruct.Mode = GPIO_MODE_ANALOG;
 124:Src/stm32u5xx_hal_msp.c ****     GPIO_InitStruct.Pull = GPIO_NOPULL;
 125:Src/stm32u5xx_hal_msp.c ****     HAL_GPIO_Init(GPIOA, &GPIO_InitStruct);
 126:Src/stm32u5xx_hal_msp.c **** 
 127:Src/stm32u5xx_hal_msp.c ****     GPIO_InitStruct.Pin = GPIO_PIN_0;
 128:Src/stm32u5xx_hal_msp.c ****     GPIO_InitStruct.Mode = GPIO_MODE_ANALOG;
 129:Src/stm32u5xx_hal_msp.c ****     GPIO_InitStruct.Pull = GPIO_NOPULL;
 130:Src/stm32u5xx_hal_msp.c ****     HAL_GPIO_Init(GPIOB, &GPIO_InitStruct);
 131:Src/stm32u5xx_hal_msp.c **** 
 132:Src/stm32u5xx_hal_msp.c ****   /* USER CODE BEGIN ADC1_MspInit 1 */
 133:Src/stm32u5xx_hal_msp.c **** 
 134:Src/stm32u5xx_hal_msp.c ****   /* USER CODE END ADC1_MspInit 1 */
 135:Src/stm32u5xx_hal_msp.c ****   }
 136:Src/stm32u5xx_hal_msp.c **** 
 137:Src/stm32u5xx_hal_msp.c **** }
 118              		.loc 1 137 1 view .LVU19
 119 0022 3DB0     		add	sp, sp, #244
 120              		.cfi_remember_state
 121              		.cfi_def_cfa_offset 12
 122              		@ sp needed
 123 0024 30BD     		pop	{r4, r5, pc}
 124              	.LVL5:
 125              	.L9:
 126              		.cfi_restore_state
  96:Src/stm32u5xx_hal_msp.c ****     PeriphClkInit.AdcDacClockSelection = RCC_ADCDACCLKSOURCE_HSI;
 127              		.loc 1 96 5 is_stmt 1 view .LVU20
  96:Src/stm32u5xx_hal_msp.c ****     PeriphClkInit.AdcDacClockSelection = RCC_ADCDACCLKSOURCE_HSI;
 128              		.loc 1 96 40 is_stmt 0 view .LVU21
 129 0026 4FF40042 		mov	r2, #32768
 130 002a 0023     		movs	r3, #0
 131 002c CDE90423 		strd	r2, [sp, #16]
  97:Src/stm32u5xx_hal_msp.c ****     if (HAL_RCCEx_PeriphCLKConfig(&PeriphClkInit) != HAL_OK)
 132              		.loc 1 97 5 is_stmt 1 view .LVU22
  97:Src/stm32u5xx_hal_msp.c ****     if (HAL_RCCEx_PeriphCLKConfig(&PeriphClkInit) != HAL_OK)
 133              		.loc 1 97 40 is_stmt 0 view .LVU23
 134 0030 4FF48043 		mov	r3, #16384
 135 0034 2E93     		str	r3, [sp, #184]
  98:Src/stm32u5xx_hal_msp.c ****     {
 136              		.loc 1 98 5 is_stmt 1 view .LVU24
  98:Src/stm32u5xx_hal_msp.c ****     {
 137              		.loc 1 98 9 is_stmt 0 view .LVU25
 138 0036 04A8     		add	r0, sp, #16
 139 0038 FFF7FEFF 		bl	HAL_RCCEx_PeriphCLKConfig
 140              	.LVL6:
  98:Src/stm32u5xx_hal_msp.c ****     {
 141              		.loc 1 98 8 view .LVU26
 142 003c 0028     		cmp	r0, #0
 143 003e 4BD1     		bne	.L10
 144              	.L7:
ARM GAS  C:\Users\Ya\AppData\Local\Temp\ccGJydN6.s 			page 6


 104:Src/stm32u5xx_hal_msp.c **** 
 145              		.loc 1 104 5 is_stmt 1 view .LVU27
 146              	.LBB3:
 104:Src/stm32u5xx_hal_msp.c **** 
 147              		.loc 1 104 5 view .LVU28
 104:Src/stm32u5xx_hal_msp.c **** 
 148              		.loc 1 104 5 view .LVU29
 149 0040 284B     		ldr	r3, .L11+4
 150 0042 D3F88C20 		ldr	r2, [r3, #140]
 151 0046 42F48062 		orr	r2, r2, #1024
 152 004a C3F88C20 		str	r2, [r3, #140]
 104:Src/stm32u5xx_hal_msp.c **** 
 153              		.loc 1 104 5 view .LVU30
 154 004e D3F88C20 		ldr	r2, [r3, #140]
 155 0052 02F48062 		and	r2, r2, #1024
 156 0056 0092     		str	r2, [sp]
 104:Src/stm32u5xx_hal_msp.c **** 
 157              		.loc 1 104 5 view .LVU31
 158 0058 009A     		ldr	r2, [sp]
 159              	.LBE3:
 104:Src/stm32u5xx_hal_msp.c **** 
 160              		.loc 1 104 5 view .LVU32
 106:Src/stm32u5xx_hal_msp.c ****     __HAL_RCC_GPIOA_CLK_ENABLE();
 161              		.loc 1 106 5 view .LVU33
 162              	.LBB4:
 106:Src/stm32u5xx_hal_msp.c ****     __HAL_RCC_GPIOA_CLK_ENABLE();
 163              		.loc 1 106 5 view .LVU34
 106:Src/stm32u5xx_hal_msp.c ****     __HAL_RCC_GPIOA_CLK_ENABLE();
 164              		.loc 1 106 5 view .LVU35
 165 005a D3F88C20 		ldr	r2, [r3, #140]
 166 005e 42F00402 		orr	r2, r2, #4
 167 0062 C3F88C20 		str	r2, [r3, #140]
 106:Src/stm32u5xx_hal_msp.c ****     __HAL_RCC_GPIOA_CLK_ENABLE();
 168              		.loc 1 106 5 view .LVU36
 169 0066 D3F88C20 		ldr	r2, [r3, #140]
 170 006a 02F00402 		and	r2, r2, #4
 171 006e 0192     		str	r2, [sp, #4]
 106:Src/stm32u5xx_hal_msp.c ****     __HAL_RCC_GPIOA_CLK_ENABLE();
 172              		.loc 1 106 5 view .LVU37
 173 0070 019A     		ldr	r2, [sp, #4]
 174              	.LBE4:
 106:Src/stm32u5xx_hal_msp.c ****     __HAL_RCC_GPIOA_CLK_ENABLE();
 175              		.loc 1 106 5 view .LVU38
 107:Src/stm32u5xx_hal_msp.c ****     __HAL_RCC_GPIOB_CLK_ENABLE();
 176              		.loc 1 107 5 view .LVU39
 177              	.LBB5:
 107:Src/stm32u5xx_hal_msp.c ****     __HAL_RCC_GPIOB_CLK_ENABLE();
 178              		.loc 1 107 5 view .LVU40
 107:Src/stm32u5xx_hal_msp.c ****     __HAL_RCC_GPIOB_CLK_ENABLE();
 179              		.loc 1 107 5 view .LVU41
 180 0072 D3F88C20 		ldr	r2, [r3, #140]
 181 0076 42F00102 		orr	r2, r2, #1
 182 007a C3F88C20 		str	r2, [r3, #140]
 107:Src/stm32u5xx_hal_msp.c ****     __HAL_RCC_GPIOB_CLK_ENABLE();
 183              		.loc 1 107 5 view .LVU42
 184 007e D3F88C20 		ldr	r2, [r3, #140]
 185 0082 02F00102 		and	r2, r2, #1
ARM GAS  C:\Users\Ya\AppData\Local\Temp\ccGJydN6.s 			page 7


 186 0086 0292     		str	r2, [sp, #8]
 107:Src/stm32u5xx_hal_msp.c ****     __HAL_RCC_GPIOB_CLK_ENABLE();
 187              		.loc 1 107 5 view .LVU43
 188 0088 029A     		ldr	r2, [sp, #8]
 189              	.LBE5:
 107:Src/stm32u5xx_hal_msp.c ****     __HAL_RCC_GPIOB_CLK_ENABLE();
 190              		.loc 1 107 5 view .LVU44
 108:Src/stm32u5xx_hal_msp.c ****     /**ADC1 GPIO Configuration
 191              		.loc 1 108 5 view .LVU45
 192              	.LBB6:
 108:Src/stm32u5xx_hal_msp.c ****     /**ADC1 GPIO Configuration
 193              		.loc 1 108 5 view .LVU46
 108:Src/stm32u5xx_hal_msp.c ****     /**ADC1 GPIO Configuration
 194              		.loc 1 108 5 view .LVU47
 195 008a D3F88C20 		ldr	r2, [r3, #140]
 196 008e 42F00202 		orr	r2, r2, #2
 197 0092 C3F88C20 		str	r2, [r3, #140]
 108:Src/stm32u5xx_hal_msp.c ****     /**ADC1 GPIO Configuration
 198              		.loc 1 108 5 view .LVU48
 199 0096 D3F88C30 		ldr	r3, [r3, #140]
 200 009a 03F00203 		and	r3, r3, #2
 201 009e 0393     		str	r3, [sp, #12]
 108:Src/stm32u5xx_hal_msp.c ****     /**ADC1 GPIO Configuration
 202              		.loc 1 108 5 view .LVU49
 203 00a0 039B     		ldr	r3, [sp, #12]
 204              	.LBE6:
 108:Src/stm32u5xx_hal_msp.c ****     /**ADC1 GPIO Configuration
 205              		.loc 1 108 5 view .LVU50
 117:Src/stm32u5xx_hal_msp.c ****     GPIO_InitStruct.Mode = GPIO_MODE_ANALOG;
 206              		.loc 1 117 5 view .LVU51
 117:Src/stm32u5xx_hal_msp.c ****     GPIO_InitStruct.Mode = GPIO_MODE_ANALOG;
 207              		.loc 1 117 25 is_stmt 0 view .LVU52
 208 00a2 0B23     		movs	r3, #11
 209 00a4 3793     		str	r3, [sp, #220]
 118:Src/stm32u5xx_hal_msp.c ****     GPIO_InitStruct.Pull = GPIO_NOPULL;
 210              		.loc 1 118 5 is_stmt 1 view .LVU53
 118:Src/stm32u5xx_hal_msp.c ****     GPIO_InitStruct.Pull = GPIO_NOPULL;
 211              		.loc 1 118 26 is_stmt 0 view .LVU54
 212 00a6 0325     		movs	r5, #3
 213 00a8 3895     		str	r5, [sp, #224]
 119:Src/stm32u5xx_hal_msp.c ****     HAL_GPIO_Init(GPIOC, &GPIO_InitStruct);
 214              		.loc 1 119 5 is_stmt 1 view .LVU55
 119:Src/stm32u5xx_hal_msp.c ****     HAL_GPIO_Init(GPIOC, &GPIO_InitStruct);
 215              		.loc 1 119 26 is_stmt 0 view .LVU56
 216 00aa 0024     		movs	r4, #0
 217              	.LVL7:
 119:Src/stm32u5xx_hal_msp.c ****     HAL_GPIO_Init(GPIOC, &GPIO_InitStruct);
 218              		.loc 1 119 26 view .LVU57
 219 00ac 3994     		str	r4, [sp, #228]
 120:Src/stm32u5xx_hal_msp.c **** 
 220              		.loc 1 120 5 is_stmt 1 view .LVU58
 221 00ae 37A9     		add	r1, sp, #220
 222 00b0 0D48     		ldr	r0, .L11+8
 223 00b2 FFF7FEFF 		bl	HAL_GPIO_Init
 224              	.LVL8:
 122:Src/stm32u5xx_hal_msp.c ****     GPIO_InitStruct.Mode = GPIO_MODE_ANALOG;
 225              		.loc 1 122 5 view .LVU59
ARM GAS  C:\Users\Ya\AppData\Local\Temp\ccGJydN6.s 			page 8


 122:Src/stm32u5xx_hal_msp.c ****     GPIO_InitStruct.Mode = GPIO_MODE_ANALOG;
 226              		.loc 1 122 25 is_stmt 0 view .LVU60
 227 00b6 0C23     		movs	r3, #12
 228 00b8 3793     		str	r3, [sp, #220]
 123:Src/stm32u5xx_hal_msp.c ****     GPIO_InitStruct.Pull = GPIO_NOPULL;
 229              		.loc 1 123 5 is_stmt 1 view .LVU61
 123:Src/stm32u5xx_hal_msp.c ****     GPIO_InitStruct.Pull = GPIO_NOPULL;
 230              		.loc 1 123 26 is_stmt 0 view .LVU62
 231 00ba 3895     		str	r5, [sp, #224]
 124:Src/stm32u5xx_hal_msp.c ****     HAL_GPIO_Init(GPIOA, &GPIO_InitStruct);
 232              		.loc 1 124 5 is_stmt 1 view .LVU63
 124:Src/stm32u5xx_hal_msp.c ****     HAL_GPIO_Init(GPIOA, &GPIO_InitStruct);
 233              		.loc 1 124 26 is_stmt 0 view .LVU64
 234 00bc 3994     		str	r4, [sp, #228]
 125:Src/stm32u5xx_hal_msp.c **** 
 235              		.loc 1 125 5 is_stmt 1 view .LVU65
 236 00be 37A9     		add	r1, sp, #220
 237 00c0 0A48     		ldr	r0, .L11+12
 238 00c2 FFF7FEFF 		bl	HAL_GPIO_Init
 239              	.LVL9:
 127:Src/stm32u5xx_hal_msp.c ****     GPIO_InitStruct.Mode = GPIO_MODE_ANALOG;
 240              		.loc 1 127 5 view .LVU66
 127:Src/stm32u5xx_hal_msp.c ****     GPIO_InitStruct.Mode = GPIO_MODE_ANALOG;
 241              		.loc 1 127 25 is_stmt 0 view .LVU67
 242 00c6 0123     		movs	r3, #1
 243 00c8 3793     		str	r3, [sp, #220]
 128:Src/stm32u5xx_hal_msp.c ****     GPIO_InitStruct.Pull = GPIO_NOPULL;
 244              		.loc 1 128 5 is_stmt 1 view .LVU68
 128:Src/stm32u5xx_hal_msp.c ****     GPIO_InitStruct.Pull = GPIO_NOPULL;
 245              		.loc 1 128 26 is_stmt 0 view .LVU69
 246 00ca 3895     		str	r5, [sp, #224]
 129:Src/stm32u5xx_hal_msp.c ****     HAL_GPIO_Init(GPIOB, &GPIO_InitStruct);
 247              		.loc 1 129 5 is_stmt 1 view .LVU70
 129:Src/stm32u5xx_hal_msp.c ****     HAL_GPIO_Init(GPIOB, &GPIO_InitStruct);
 248              		.loc 1 129 26 is_stmt 0 view .LVU71
 249 00cc 3994     		str	r4, [sp, #228]
 130:Src/stm32u5xx_hal_msp.c **** 
 250              		.loc 1 130 5 is_stmt 1 view .LVU72
 251 00ce 37A9     		add	r1, sp, #220
 252 00d0 0748     		ldr	r0, .L11+16
 253 00d2 FFF7FEFF 		bl	HAL_GPIO_Init
 254              	.LVL10:
 255              		.loc 1 137 1 is_stmt 0 view .LVU73
 256 00d6 A4E7     		b	.L5
 257              	.LVL11:
 258              	.L10:
 100:Src/stm32u5xx_hal_msp.c ****     }
 259              		.loc 1 100 7 is_stmt 1 view .LVU74
 260 00d8 FFF7FEFF 		bl	Error_Handler
 261              	.LVL12:
 262 00dc B0E7     		b	.L7
 263              	.L12:
 264 00de 00BF     		.align	2
 265              	.L11:
 266 00e0 00800242 		.word	1107460096
 267 00e4 000C0246 		.word	1174539264
 268 00e8 00080242 		.word	1107429376
ARM GAS  C:\Users\Ya\AppData\Local\Temp\ccGJydN6.s 			page 9


 269 00ec 00000242 		.word	1107427328
 270 00f0 00040242 		.word	1107428352
 271              		.cfi_endproc
 272              	.LFE341:
 274              		.section	.text.HAL_ADC_MspDeInit,"ax",%progbits
 275              		.align	1
 276              		.global	HAL_ADC_MspDeInit
 277              		.syntax unified
 278              		.thumb
 279              		.thumb_func
 281              	HAL_ADC_MspDeInit:
 282              	.LVL13:
 283              	.LFB342:
 138:Src/stm32u5xx_hal_msp.c **** 
 139:Src/stm32u5xx_hal_msp.c **** /**
 140:Src/stm32u5xx_hal_msp.c **** * @brief ADC MSP De-Initialization
 141:Src/stm32u5xx_hal_msp.c **** * This function freeze the hardware resources used in this example
 142:Src/stm32u5xx_hal_msp.c **** * @param hadc: ADC handle pointer
 143:Src/stm32u5xx_hal_msp.c **** * @retval None
 144:Src/stm32u5xx_hal_msp.c **** */
 145:Src/stm32u5xx_hal_msp.c **** void HAL_ADC_MspDeInit(ADC_HandleTypeDef* hadc)
 146:Src/stm32u5xx_hal_msp.c **** {
 284              		.loc 1 146 1 view -0
 285              		.cfi_startproc
 286              		@ args = 0, pretend = 0, frame = 0
 287              		@ frame_needed = 0, uses_anonymous_args = 0
 288              		.loc 1 146 1 is_stmt 0 view .LVU76
 289 0000 08B5     		push	{r3, lr}
 290              		.cfi_def_cfa_offset 8
 291              		.cfi_offset 3, -8
 292              		.cfi_offset 14, -4
 147:Src/stm32u5xx_hal_msp.c ****   if(hadc->Instance==ADC1)
 293              		.loc 1 147 3 is_stmt 1 view .LVU77
 294              		.loc 1 147 10 is_stmt 0 view .LVU78
 295 0002 0268     		ldr	r2, [r0]
 296              		.loc 1 147 5 view .LVU79
 297 0004 0B4B     		ldr	r3, .L17
 298 0006 9A42     		cmp	r2, r3
 299 0008 00D0     		beq	.L16
 300              	.LVL14:
 301              	.L13:
 148:Src/stm32u5xx_hal_msp.c ****   {
 149:Src/stm32u5xx_hal_msp.c ****   /* USER CODE BEGIN ADC1_MspDeInit 0 */
 150:Src/stm32u5xx_hal_msp.c **** 
 151:Src/stm32u5xx_hal_msp.c ****   /* USER CODE END ADC1_MspDeInit 0 */
 152:Src/stm32u5xx_hal_msp.c ****     /* Peripheral clock disable */
 153:Src/stm32u5xx_hal_msp.c ****     __HAL_RCC_ADC12_CLK_DISABLE();
 154:Src/stm32u5xx_hal_msp.c **** 
 155:Src/stm32u5xx_hal_msp.c ****     /**ADC1 GPIO Configuration
 156:Src/stm32u5xx_hal_msp.c ****     PC0     ------> ADC1_IN1
 157:Src/stm32u5xx_hal_msp.c ****     PC1     ------> ADC1_IN2
 158:Src/stm32u5xx_hal_msp.c ****     PC3     ------> ADC1_IN4
 159:Src/stm32u5xx_hal_msp.c ****     PA2     ------> ADC1_IN7
 160:Src/stm32u5xx_hal_msp.c ****     PA3     ------> ADC1_IN8
 161:Src/stm32u5xx_hal_msp.c ****     PB0     ------> ADC1_IN15
 162:Src/stm32u5xx_hal_msp.c ****     */
 163:Src/stm32u5xx_hal_msp.c ****     HAL_GPIO_DeInit(GPIOC, GPIO_PIN_0|GPIO_PIN_1|GPIO_PIN_3);
ARM GAS  C:\Users\Ya\AppData\Local\Temp\ccGJydN6.s 			page 10


 164:Src/stm32u5xx_hal_msp.c **** 
 165:Src/stm32u5xx_hal_msp.c ****     HAL_GPIO_DeInit(GPIOA, GPIO_PIN_2|GPIO_PIN_3);
 166:Src/stm32u5xx_hal_msp.c **** 
 167:Src/stm32u5xx_hal_msp.c ****     HAL_GPIO_DeInit(GPIOB, GPIO_PIN_0);
 168:Src/stm32u5xx_hal_msp.c **** 
 169:Src/stm32u5xx_hal_msp.c ****   /* USER CODE BEGIN ADC1_MspDeInit 1 */
 170:Src/stm32u5xx_hal_msp.c **** 
 171:Src/stm32u5xx_hal_msp.c ****   /* USER CODE END ADC1_MspDeInit 1 */
 172:Src/stm32u5xx_hal_msp.c ****   }
 173:Src/stm32u5xx_hal_msp.c **** 
 174:Src/stm32u5xx_hal_msp.c **** }
 302              		.loc 1 174 1 view .LVU80
 303 000a 08BD     		pop	{r3, pc}
 304              	.LVL15:
 305              	.L16:
 153:Src/stm32u5xx_hal_msp.c **** 
 306              		.loc 1 153 5 is_stmt 1 view .LVU81
 307 000c 0A4A     		ldr	r2, .L17+4
 308 000e D2F88C30 		ldr	r3, [r2, #140]
 309 0012 23F48063 		bic	r3, r3, #1024
 310 0016 C2F88C30 		str	r3, [r2, #140]
 163:Src/stm32u5xx_hal_msp.c **** 
 311              		.loc 1 163 5 view .LVU82
 312 001a 0B21     		movs	r1, #11
 313 001c 0748     		ldr	r0, .L17+8
 314              	.LVL16:
 163:Src/stm32u5xx_hal_msp.c **** 
 315              		.loc 1 163 5 is_stmt 0 view .LVU83
 316 001e FFF7FEFF 		bl	HAL_GPIO_DeInit
 317              	.LVL17:
 165:Src/stm32u5xx_hal_msp.c **** 
 318              		.loc 1 165 5 is_stmt 1 view .LVU84
 319 0022 0C21     		movs	r1, #12
 320 0024 0648     		ldr	r0, .L17+12
 321 0026 FFF7FEFF 		bl	HAL_GPIO_DeInit
 322              	.LVL18:
 167:Src/stm32u5xx_hal_msp.c **** 
 323              		.loc 1 167 5 view .LVU85
 324 002a 0121     		movs	r1, #1
 325 002c 0548     		ldr	r0, .L17+16
 326 002e FFF7FEFF 		bl	HAL_GPIO_DeInit
 327              	.LVL19:
 328              		.loc 1 174 1 is_stmt 0 view .LVU86
 329 0032 EAE7     		b	.L13
 330              	.L18:
 331              		.align	2
 332              	.L17:
 333 0034 00800242 		.word	1107460096
 334 0038 000C0246 		.word	1174539264
 335 003c 00080242 		.word	1107429376
 336 0040 00000242 		.word	1107427328
 337 0044 00040242 		.word	1107428352
 338              		.cfi_endproc
 339              	.LFE342:
 341              		.text
 342              	.Letext0:
 343              		.file 2 "c:\\users\\ya\\appdata\\roaming\\code\\user\\globalstorage\\bmd.stm32-for-vscode\\@xpack-
ARM GAS  C:\Users\Ya\AppData\Local\Temp\ccGJydN6.s 			page 11


 344              		.file 3 "c:\\users\\ya\\appdata\\roaming\\code\\user\\globalstorage\\bmd.stm32-for-vscode\\@xpack-
 345              		.file 4 "Drivers/CMSIS/Device/ST/STM32U5xx/Include/stm32u575xx.h"
 346              		.file 5 "Drivers/CMSIS/Device/ST/STM32U5xx/Include/stm32u5xx.h"
 347              		.file 6 "Drivers/STM32U5xx_HAL_Driver/Inc/stm32u5xx_hal_def.h"
 348              		.file 7 "Drivers/STM32U5xx_HAL_Driver/Inc/stm32u5xx_hal_rcc_ex.h"
 349              		.file 8 "Drivers/STM32U5xx_HAL_Driver/Inc/stm32u5xx_hal_gpio.h"
 350              		.file 9 "Drivers/STM32U5xx_HAL_Driver/Inc/stm32u5xx_hal_dma.h"
 351              		.file 10 "Drivers/STM32U5xx_HAL_Driver/Inc/stm32u5xx_hal_dma_ex.h"
 352              		.file 11 "Drivers/STM32U5xx_HAL_Driver/Inc/stm32u5xx_hal_adc.h"
 353              		.file 12 "Inc/main.h"
 354              		.file 13 "Drivers/STM32U5xx_HAL_Driver/Inc/stm32u5xx_hal_pwr_ex.h"
 355              		.file 14 "<built-in>"
ARM GAS  C:\Users\Ya\AppData\Local\Temp\ccGJydN6.s 			page 12


DEFINED SYMBOLS
                            *ABS*:0000000000000000 stm32u5xx_hal_msp.c
C:\Users\Ya\AppData\Local\Temp\ccGJydN6.s:22     .text.HAL_MspInit:0000000000000000 $t
C:\Users\Ya\AppData\Local\Temp\ccGJydN6.s:28     .text.HAL_MspInit:0000000000000000 HAL_MspInit
C:\Users\Ya\AppData\Local\Temp\ccGJydN6.s:66     .text.HAL_MspInit:0000000000000028 $d
C:\Users\Ya\AppData\Local\Temp\ccGJydN6.s:71     .text.HAL_ADC_MspInit:0000000000000000 $t
C:\Users\Ya\AppData\Local\Temp\ccGJydN6.s:77     .text.HAL_ADC_MspInit:0000000000000000 HAL_ADC_MspInit
C:\Users\Ya\AppData\Local\Temp\ccGJydN6.s:266    .text.HAL_ADC_MspInit:00000000000000e0 $d
C:\Users\Ya\AppData\Local\Temp\ccGJydN6.s:275    .text.HAL_ADC_MspDeInit:0000000000000000 $t
C:\Users\Ya\AppData\Local\Temp\ccGJydN6.s:281    .text.HAL_ADC_MspDeInit:0000000000000000 HAL_ADC_MspDeInit
C:\Users\Ya\AppData\Local\Temp\ccGJydN6.s:333    .text.HAL_ADC_MspDeInit:0000000000000034 $d

UNDEFINED SYMBOLS
HAL_PWREx_EnableVddA
memset
HAL_RCCEx_PeriphCLKConfig
HAL_GPIO_Init
Error_Handler
HAL_GPIO_DeInit
