ARM GAS  C:\Users\Ya\AppData\Local\Temp\ccRFvB94.s 			page 1


   1              		.cpu cortex-m33
   2              		.arch armv8-m.main
   3              		.fpu fpv5-sp-d16
   4              		.arch_extension dsp
   5              		.eabi_attribute 27, 1
   6              		.eabi_attribute 28, 1
   7              		.eabi_attribute 20, 1
   8              		.eabi_attribute 21, 1
   9              		.eabi_attribute 23, 3
  10              		.eabi_attribute 24, 1
  11              		.eabi_attribute 25, 1
  12              		.eabi_attribute 26, 1
  13              		.eabi_attribute 30, 1
  14              		.eabi_attribute 34, 1
  15              		.eabi_attribute 18, 4
  16              		.file	"stm32u5xx_it.c"
  17              		.text
  18              	.Ltext0:
  19              		.cfi_sections	.debug_frame
  20              		.file 1 "Src/stm32u5xx_it.c"
  21              		.section	.text.NMI_Handler,"ax",%progbits
  22              		.align	1
  23              		.global	NMI_Handler
  24              		.syntax unified
  25              		.thumb
  26              		.thumb_func
  28              	NMI_Handler:
  29              	.LFB340:
   1:Src/stm32u5xx_it.c **** /* USER CODE BEGIN Header */
   2:Src/stm32u5xx_it.c **** /**
   3:Src/stm32u5xx_it.c ****   ******************************************************************************
   4:Src/stm32u5xx_it.c ****   * @file    stm32u5xx_it.c
   5:Src/stm32u5xx_it.c ****   * @brief   Interrupt Service Routines.
   6:Src/stm32u5xx_it.c ****   ******************************************************************************
   7:Src/stm32u5xx_it.c ****   * @attention
   8:Src/stm32u5xx_it.c ****   *
   9:Src/stm32u5xx_it.c ****   * Copyright (c) 2021 STMicroelectronics.
  10:Src/stm32u5xx_it.c ****   * All rights reserved.
  11:Src/stm32u5xx_it.c ****   *
  12:Src/stm32u5xx_it.c ****   * This software is licensed under terms that can be found in the LICENSE file
  13:Src/stm32u5xx_it.c ****   * in the root directory of this software component.
  14:Src/stm32u5xx_it.c ****   * If no LICENSE file comes with this software, it is provided AS-IS.
  15:Src/stm32u5xx_it.c ****   *
  16:Src/stm32u5xx_it.c ****   ******************************************************************************
  17:Src/stm32u5xx_it.c ****   */
  18:Src/stm32u5xx_it.c **** /* USER CODE END Header */
  19:Src/stm32u5xx_it.c **** 
  20:Src/stm32u5xx_it.c **** /* Includes ------------------------------------------------------------------*/
  21:Src/stm32u5xx_it.c **** #include "main.h"
  22:Src/stm32u5xx_it.c **** #include "stm32u5xx_it.h"
  23:Src/stm32u5xx_it.c **** /* Private includes ----------------------------------------------------------*/
  24:Src/stm32u5xx_it.c **** /* USER CODE BEGIN Includes */
  25:Src/stm32u5xx_it.c **** /* USER CODE END Includes */
  26:Src/stm32u5xx_it.c **** 
  27:Src/stm32u5xx_it.c **** /* Private typedef -----------------------------------------------------------*/
  28:Src/stm32u5xx_it.c **** /* USER CODE BEGIN TD */
  29:Src/stm32u5xx_it.c **** 
ARM GAS  C:\Users\Ya\AppData\Local\Temp\ccRFvB94.s 			page 2


  30:Src/stm32u5xx_it.c **** /* USER CODE END TD */
  31:Src/stm32u5xx_it.c **** 
  32:Src/stm32u5xx_it.c **** /* Private define ------------------------------------------------------------*/
  33:Src/stm32u5xx_it.c **** /* USER CODE BEGIN PD */
  34:Src/stm32u5xx_it.c **** 
  35:Src/stm32u5xx_it.c **** /* USER CODE END PD */
  36:Src/stm32u5xx_it.c **** 
  37:Src/stm32u5xx_it.c **** /* Private macro -------------------------------------------------------------*/
  38:Src/stm32u5xx_it.c **** /* USER CODE BEGIN PM */
  39:Src/stm32u5xx_it.c **** 
  40:Src/stm32u5xx_it.c **** /* USER CODE END PM */
  41:Src/stm32u5xx_it.c **** 
  42:Src/stm32u5xx_it.c **** /* Private variables ---------------------------------------------------------*/
  43:Src/stm32u5xx_it.c **** /* USER CODE BEGIN PV */
  44:Src/stm32u5xx_it.c **** 
  45:Src/stm32u5xx_it.c **** /* USER CODE END PV */
  46:Src/stm32u5xx_it.c **** 
  47:Src/stm32u5xx_it.c **** /* Private function prototypes -----------------------------------------------*/
  48:Src/stm32u5xx_it.c **** /* USER CODE BEGIN PFP */
  49:Src/stm32u5xx_it.c **** 
  50:Src/stm32u5xx_it.c **** /* USER CODE END PFP */
  51:Src/stm32u5xx_it.c **** 
  52:Src/stm32u5xx_it.c **** /* Private user code ---------------------------------------------------------*/
  53:Src/stm32u5xx_it.c **** /* USER CODE BEGIN 0 */
  54:Src/stm32u5xx_it.c **** 
  55:Src/stm32u5xx_it.c **** /* USER CODE END 0 */
  56:Src/stm32u5xx_it.c **** 
  57:Src/stm32u5xx_it.c **** /* External variables --------------------------------------------------------*/
  58:Src/stm32u5xx_it.c **** extern DMA_HandleTypeDef handle_GPDMA1_Channel10;
  59:Src/stm32u5xx_it.c **** /* USER CODE BEGIN EV */
  60:Src/stm32u5xx_it.c **** 
  61:Src/stm32u5xx_it.c **** /* USER CODE END EV */
  62:Src/stm32u5xx_it.c **** 
  63:Src/stm32u5xx_it.c **** /******************************************************************************/
  64:Src/stm32u5xx_it.c **** /*           Cortex Processor Interruption and Exception Handlers          */
  65:Src/stm32u5xx_it.c **** /******************************************************************************/
  66:Src/stm32u5xx_it.c **** /**
  67:Src/stm32u5xx_it.c ****   * @brief This function handles Non maskable interrupt.
  68:Src/stm32u5xx_it.c ****   */
  69:Src/stm32u5xx_it.c **** void NMI_Handler(void)
  70:Src/stm32u5xx_it.c **** {
  30              		.loc 1 70 1 view -0
  31              		.cfi_startproc
  32              		@ Volatile: function does not return.
  33              		@ args = 0, pretend = 0, frame = 0
  34              		@ frame_needed = 0, uses_anonymous_args = 0
  35              		@ link register save eliminated.
  36              	.L2:
  71:Src/stm32u5xx_it.c ****   /* USER CODE BEGIN NonMaskableInt_IRQn 0 */
  72:Src/stm32u5xx_it.c **** 
  73:Src/stm32u5xx_it.c ****   /* USER CODE END NonMaskableInt_IRQn 0 */
  74:Src/stm32u5xx_it.c ****   /* USER CODE BEGIN NonMaskableInt_IRQn 1 */
  75:Src/stm32u5xx_it.c ****   while (1)
  37              		.loc 1 75 3 discriminator 1 view .LVU1
  76:Src/stm32u5xx_it.c ****   {
  77:Src/stm32u5xx_it.c ****   }
  38              		.loc 1 77 3 discriminator 1 view .LVU2
ARM GAS  C:\Users\Ya\AppData\Local\Temp\ccRFvB94.s 			page 3


  75:Src/stm32u5xx_it.c ****   {
  39              		.loc 1 75 9 discriminator 1 view .LVU3
  40 0000 FEE7     		b	.L2
  41              		.cfi_endproc
  42              	.LFE340:
  44              		.section	.text.HardFault_Handler,"ax",%progbits
  45              		.align	1
  46              		.global	HardFault_Handler
  47              		.syntax unified
  48              		.thumb
  49              		.thumb_func
  51              	HardFault_Handler:
  52              	.LFB341:
  78:Src/stm32u5xx_it.c ****   /* USER CODE END NonMaskableInt_IRQn 1 */
  79:Src/stm32u5xx_it.c **** }
  80:Src/stm32u5xx_it.c **** 
  81:Src/stm32u5xx_it.c **** /**
  82:Src/stm32u5xx_it.c ****   * @brief This function handles Hard fault interrupt.
  83:Src/stm32u5xx_it.c ****   */
  84:Src/stm32u5xx_it.c **** void HardFault_Handler(void)
  85:Src/stm32u5xx_it.c **** {
  53              		.loc 1 85 1 view -0
  54              		.cfi_startproc
  55              		@ Volatile: function does not return.
  56              		@ args = 0, pretend = 0, frame = 0
  57              		@ frame_needed = 0, uses_anonymous_args = 0
  58              		@ link register save eliminated.
  59              	.L4:
  86:Src/stm32u5xx_it.c ****   /* USER CODE BEGIN HardFault_IRQn 0 */
  87:Src/stm32u5xx_it.c **** 
  88:Src/stm32u5xx_it.c ****   /* USER CODE END HardFault_IRQn 0 */
  89:Src/stm32u5xx_it.c ****   while (1)
  60              		.loc 1 89 3 discriminator 1 view .LVU5
  90:Src/stm32u5xx_it.c ****   {
  91:Src/stm32u5xx_it.c ****     /* USER CODE BEGIN W1_HardFault_IRQn 0 */
  92:Src/stm32u5xx_it.c ****     /* USER CODE END W1_HardFault_IRQn 0 */
  93:Src/stm32u5xx_it.c ****   }
  61              		.loc 1 93 3 discriminator 1 view .LVU6
  89:Src/stm32u5xx_it.c ****   {
  62              		.loc 1 89 9 discriminator 1 view .LVU7
  63 0000 FEE7     		b	.L4
  64              		.cfi_endproc
  65              	.LFE341:
  67              		.section	.text.MemManage_Handler,"ax",%progbits
  68              		.align	1
  69              		.global	MemManage_Handler
  70              		.syntax unified
  71              		.thumb
  72              		.thumb_func
  74              	MemManage_Handler:
  75              	.LFB342:
  94:Src/stm32u5xx_it.c **** }
  95:Src/stm32u5xx_it.c **** 
  96:Src/stm32u5xx_it.c **** /**
  97:Src/stm32u5xx_it.c ****   * @brief This function handles Memory management fault.
  98:Src/stm32u5xx_it.c ****   */
  99:Src/stm32u5xx_it.c **** void MemManage_Handler(void)
ARM GAS  C:\Users\Ya\AppData\Local\Temp\ccRFvB94.s 			page 4


 100:Src/stm32u5xx_it.c **** {
  76              		.loc 1 100 1 view -0
  77              		.cfi_startproc
  78              		@ Volatile: function does not return.
  79              		@ args = 0, pretend = 0, frame = 0
  80              		@ frame_needed = 0, uses_anonymous_args = 0
  81              		@ link register save eliminated.
  82              	.L6:
 101:Src/stm32u5xx_it.c ****   /* USER CODE BEGIN MemoryManagement_IRQn 0 */
 102:Src/stm32u5xx_it.c **** 
 103:Src/stm32u5xx_it.c ****   /* USER CODE END MemoryManagement_IRQn 0 */
 104:Src/stm32u5xx_it.c ****   while (1)
  83              		.loc 1 104 3 discriminator 1 view .LVU9
 105:Src/stm32u5xx_it.c ****   {
 106:Src/stm32u5xx_it.c ****     /* USER CODE BEGIN W1_MemoryManagement_IRQn 0 */
 107:Src/stm32u5xx_it.c ****     /* USER CODE END W1_MemoryManagement_IRQn 0 */
 108:Src/stm32u5xx_it.c ****   }
  84              		.loc 1 108 3 discriminator 1 view .LVU10
 104:Src/stm32u5xx_it.c ****   {
  85              		.loc 1 104 9 discriminator 1 view .LVU11
  86 0000 FEE7     		b	.L6
  87              		.cfi_endproc
  88              	.LFE342:
  90              		.section	.text.BusFault_Handler,"ax",%progbits
  91              		.align	1
  92              		.global	BusFault_Handler
  93              		.syntax unified
  94              		.thumb
  95              		.thumb_func
  97              	BusFault_Handler:
  98              	.LFB343:
 109:Src/stm32u5xx_it.c **** }
 110:Src/stm32u5xx_it.c **** 
 111:Src/stm32u5xx_it.c **** /**
 112:Src/stm32u5xx_it.c ****   * @brief This function handles Prefetch fault, memory access fault.
 113:Src/stm32u5xx_it.c ****   */
 114:Src/stm32u5xx_it.c **** void BusFault_Handler(void)
 115:Src/stm32u5xx_it.c **** {
  99              		.loc 1 115 1 view -0
 100              		.cfi_startproc
 101              		@ Volatile: function does not return.
 102              		@ args = 0, pretend = 0, frame = 0
 103              		@ frame_needed = 0, uses_anonymous_args = 0
 104              		@ link register save eliminated.
 105              	.L8:
 116:Src/stm32u5xx_it.c ****   /* USER CODE BEGIN BusFault_IRQn 0 */
 117:Src/stm32u5xx_it.c **** 
 118:Src/stm32u5xx_it.c ****   /* USER CODE END BusFault_IRQn 0 */
 119:Src/stm32u5xx_it.c ****   while (1)
 106              		.loc 1 119 3 discriminator 1 view .LVU13
 120:Src/stm32u5xx_it.c ****   {
 121:Src/stm32u5xx_it.c ****     /* USER CODE BEGIN W1_BusFault_IRQn 0 */
 122:Src/stm32u5xx_it.c ****     /* USER CODE END W1_BusFault_IRQn 0 */
 123:Src/stm32u5xx_it.c ****   }
 107              		.loc 1 123 3 discriminator 1 view .LVU14
 119:Src/stm32u5xx_it.c ****   {
 108              		.loc 1 119 9 discriminator 1 view .LVU15
ARM GAS  C:\Users\Ya\AppData\Local\Temp\ccRFvB94.s 			page 5


 109 0000 FEE7     		b	.L8
 110              		.cfi_endproc
 111              	.LFE343:
 113              		.section	.text.UsageFault_Handler,"ax",%progbits
 114              		.align	1
 115              		.global	UsageFault_Handler
 116              		.syntax unified
 117              		.thumb
 118              		.thumb_func
 120              	UsageFault_Handler:
 121              	.LFB344:
 124:Src/stm32u5xx_it.c **** }
 125:Src/stm32u5xx_it.c **** 
 126:Src/stm32u5xx_it.c **** /**
 127:Src/stm32u5xx_it.c ****   * @brief This function handles Undefined instruction or illegal state.
 128:Src/stm32u5xx_it.c ****   */
 129:Src/stm32u5xx_it.c **** void UsageFault_Handler(void)
 130:Src/stm32u5xx_it.c **** {
 122              		.loc 1 130 1 view -0
 123              		.cfi_startproc
 124              		@ Volatile: function does not return.
 125              		@ args = 0, pretend = 0, frame = 0
 126              		@ frame_needed = 0, uses_anonymous_args = 0
 127              		@ link register save eliminated.
 128              	.L10:
 131:Src/stm32u5xx_it.c ****   /* USER CODE BEGIN UsageFault_IRQn 0 */
 132:Src/stm32u5xx_it.c **** 
 133:Src/stm32u5xx_it.c ****   /* USER CODE END UsageFault_IRQn 0 */
 134:Src/stm32u5xx_it.c ****   while (1)
 129              		.loc 1 134 3 discriminator 1 view .LVU17
 135:Src/stm32u5xx_it.c ****   {
 136:Src/stm32u5xx_it.c ****     /* USER CODE BEGIN W1_UsageFault_IRQn 0 */
 137:Src/stm32u5xx_it.c ****     /* USER CODE END W1_UsageFault_IRQn 0 */
 138:Src/stm32u5xx_it.c ****   }
 130              		.loc 1 138 3 discriminator 1 view .LVU18
 134:Src/stm32u5xx_it.c ****   {
 131              		.loc 1 134 9 discriminator 1 view .LVU19
 132 0000 FEE7     		b	.L10
 133              		.cfi_endproc
 134              	.LFE344:
 136              		.section	.text.SVC_Handler,"ax",%progbits
 137              		.align	1
 138              		.global	SVC_Handler
 139              		.syntax unified
 140              		.thumb
 141              		.thumb_func
 143              	SVC_Handler:
 144              	.LFB345:
 139:Src/stm32u5xx_it.c **** }
 140:Src/stm32u5xx_it.c **** 
 141:Src/stm32u5xx_it.c **** /**
 142:Src/stm32u5xx_it.c ****   * @brief This function handles System service call via SWI instruction.
 143:Src/stm32u5xx_it.c ****   */
 144:Src/stm32u5xx_it.c **** void SVC_Handler(void)
 145:Src/stm32u5xx_it.c **** {
 145              		.loc 1 145 1 view -0
 146              		.cfi_startproc
ARM GAS  C:\Users\Ya\AppData\Local\Temp\ccRFvB94.s 			page 6


 147              		@ args = 0, pretend = 0, frame = 0
 148              		@ frame_needed = 0, uses_anonymous_args = 0
 149              		@ link register save eliminated.
 146:Src/stm32u5xx_it.c ****   /* USER CODE BEGIN SVCall_IRQn 0 */
 147:Src/stm32u5xx_it.c **** 
 148:Src/stm32u5xx_it.c ****   /* USER CODE END SVCall_IRQn 0 */
 149:Src/stm32u5xx_it.c ****   /* USER CODE BEGIN SVCall_IRQn 1 */
 150:Src/stm32u5xx_it.c **** 
 151:Src/stm32u5xx_it.c ****   /* USER CODE END SVCall_IRQn 1 */
 152:Src/stm32u5xx_it.c **** }
 150              		.loc 1 152 1 view .LVU21
 151 0000 7047     		bx	lr
 152              		.cfi_endproc
 153              	.LFE345:
 155              		.section	.text.DebugMon_Handler,"ax",%progbits
 156              		.align	1
 157              		.global	DebugMon_Handler
 158              		.syntax unified
 159              		.thumb
 160              		.thumb_func
 162              	DebugMon_Handler:
 163              	.LFB346:
 153:Src/stm32u5xx_it.c **** 
 154:Src/stm32u5xx_it.c **** /**
 155:Src/stm32u5xx_it.c ****   * @brief This function handles Debug monitor.
 156:Src/stm32u5xx_it.c ****   */
 157:Src/stm32u5xx_it.c **** void DebugMon_Handler(void)
 158:Src/stm32u5xx_it.c **** {
 164              		.loc 1 158 1 view -0
 165              		.cfi_startproc
 166              		@ args = 0, pretend = 0, frame = 0
 167              		@ frame_needed = 0, uses_anonymous_args = 0
 168              		@ link register save eliminated.
 159:Src/stm32u5xx_it.c ****   /* USER CODE BEGIN DebugMonitor_IRQn 0 */
 160:Src/stm32u5xx_it.c **** 
 161:Src/stm32u5xx_it.c ****   /* USER CODE END DebugMonitor_IRQn 0 */
 162:Src/stm32u5xx_it.c ****   /* USER CODE BEGIN DebugMonitor_IRQn 1 */
 163:Src/stm32u5xx_it.c **** 
 164:Src/stm32u5xx_it.c ****   /* USER CODE END DebugMonitor_IRQn 1 */
 165:Src/stm32u5xx_it.c **** }
 169              		.loc 1 165 1 view .LVU23
 170 0000 7047     		bx	lr
 171              		.cfi_endproc
 172              	.LFE346:
 174              		.section	.text.PendSV_Handler,"ax",%progbits
 175              		.align	1
 176              		.global	PendSV_Handler
 177              		.syntax unified
 178              		.thumb
 179              		.thumb_func
 181              	PendSV_Handler:
 182              	.LFB347:
 166:Src/stm32u5xx_it.c **** 
 167:Src/stm32u5xx_it.c **** /**
 168:Src/stm32u5xx_it.c ****   * @brief This function handles Pendable request for system service.
 169:Src/stm32u5xx_it.c ****   */
 170:Src/stm32u5xx_it.c **** void PendSV_Handler(void)
ARM GAS  C:\Users\Ya\AppData\Local\Temp\ccRFvB94.s 			page 7


 171:Src/stm32u5xx_it.c **** {
 183              		.loc 1 171 1 view -0
 184              		.cfi_startproc
 185              		@ args = 0, pretend = 0, frame = 0
 186              		@ frame_needed = 0, uses_anonymous_args = 0
 187              		@ link register save eliminated.
 172:Src/stm32u5xx_it.c ****   /* USER CODE BEGIN PendSV_IRQn 0 */
 173:Src/stm32u5xx_it.c **** 
 174:Src/stm32u5xx_it.c ****   /* USER CODE END PendSV_IRQn 0 */
 175:Src/stm32u5xx_it.c ****   /* USER CODE BEGIN PendSV_IRQn 1 */
 176:Src/stm32u5xx_it.c **** 
 177:Src/stm32u5xx_it.c ****   /* USER CODE END PendSV_IRQn 1 */
 178:Src/stm32u5xx_it.c **** }
 188              		.loc 1 178 1 view .LVU25
 189 0000 7047     		bx	lr
 190              		.cfi_endproc
 191              	.LFE347:
 193              		.section	.text.SysTick_Handler,"ax",%progbits
 194              		.align	1
 195              		.global	SysTick_Handler
 196              		.syntax unified
 197              		.thumb
 198              		.thumb_func
 200              	SysTick_Handler:
 201              	.LFB348:
 179:Src/stm32u5xx_it.c **** 
 180:Src/stm32u5xx_it.c **** /**
 181:Src/stm32u5xx_it.c ****   * @brief This function handles System tick timer.
 182:Src/stm32u5xx_it.c ****   */
 183:Src/stm32u5xx_it.c **** void SysTick_Handler(void)
 184:Src/stm32u5xx_it.c **** {
 202              		.loc 1 184 1 view -0
 203              		.cfi_startproc
 204              		@ args = 0, pretend = 0, frame = 0
 205              		@ frame_needed = 0, uses_anonymous_args = 0
 206 0000 08B5     		push	{r3, lr}
 207              		.cfi_def_cfa_offset 8
 208              		.cfi_offset 3, -8
 209              		.cfi_offset 14, -4
 185:Src/stm32u5xx_it.c ****   /* USER CODE BEGIN SysTick_IRQn 0 */
 186:Src/stm32u5xx_it.c **** 
 187:Src/stm32u5xx_it.c ****   /* USER CODE END SysTick_IRQn 0 */
 188:Src/stm32u5xx_it.c ****   HAL_IncTick();
 210              		.loc 1 188 3 view .LVU27
 211 0002 FFF7FEFF 		bl	HAL_IncTick
 212              	.LVL0:
 189:Src/stm32u5xx_it.c ****   /* USER CODE BEGIN SysTick_IRQn 1 */
 190:Src/stm32u5xx_it.c **** 
 191:Src/stm32u5xx_it.c ****   /* USER CODE END SysTick_IRQn 1 */
 192:Src/stm32u5xx_it.c **** }
 213              		.loc 1 192 1 is_stmt 0 view .LVU28
 214 0006 08BD     		pop	{r3, pc}
 215              		.cfi_endproc
 216              	.LFE348:
 218              		.section	.text.GPDMA1_Channel10_IRQHandler,"ax",%progbits
 219              		.align	1
 220              		.global	GPDMA1_Channel10_IRQHandler
ARM GAS  C:\Users\Ya\AppData\Local\Temp\ccRFvB94.s 			page 8


 221              		.syntax unified
 222              		.thumb
 223              		.thumb_func
 225              	GPDMA1_Channel10_IRQHandler:
 226              	.LFB349:
 193:Src/stm32u5xx_it.c **** 
 194:Src/stm32u5xx_it.c **** /******************************************************************************/
 195:Src/stm32u5xx_it.c **** /* STM32U5xx Peripheral Interrupt Handlers                                    */
 196:Src/stm32u5xx_it.c **** /* Add here the Interrupt Handlers for the used peripherals.                  */
 197:Src/stm32u5xx_it.c **** /* For the available peripheral interrupt handler names,                      */
 198:Src/stm32u5xx_it.c **** /* please refer to the startup file (startup_stm32u5xx.s).                    */
 199:Src/stm32u5xx_it.c **** /******************************************************************************/
 200:Src/stm32u5xx_it.c **** 
 201:Src/stm32u5xx_it.c **** /**
 202:Src/stm32u5xx_it.c ****   * @brief This function handles GPDMA1 Channel 10 global interrupt.
 203:Src/stm32u5xx_it.c ****   */
 204:Src/stm32u5xx_it.c **** void GPDMA1_Channel10_IRQHandler(void)
 205:Src/stm32u5xx_it.c **** {
 227              		.loc 1 205 1 is_stmt 1 view -0
 228              		.cfi_startproc
 229              		@ args = 0, pretend = 0, frame = 0
 230              		@ frame_needed = 0, uses_anonymous_args = 0
 231 0000 08B5     		push	{r3, lr}
 232              		.cfi_def_cfa_offset 8
 233              		.cfi_offset 3, -8
 234              		.cfi_offset 14, -4
 206:Src/stm32u5xx_it.c ****   /* USER CODE BEGIN GPDMA1_Channel10_IRQn 0 */
 207:Src/stm32u5xx_it.c **** 
 208:Src/stm32u5xx_it.c ****   /* USER CODE END GPDMA1_Channel10_IRQn 0 */
 209:Src/stm32u5xx_it.c ****   HAL_DMA_IRQHandler(&handle_GPDMA1_Channel10);
 235              		.loc 1 209 3 view .LVU30
 236 0002 0248     		ldr	r0, .L18
 237 0004 FFF7FEFF 		bl	HAL_DMA_IRQHandler
 238              	.LVL1:
 210:Src/stm32u5xx_it.c ****   /* USER CODE BEGIN GPDMA1_Channel10_IRQn 1 */
 211:Src/stm32u5xx_it.c **** 
 212:Src/stm32u5xx_it.c ****   /* USER CODE END GPDMA1_Channel10_IRQn 1 */
 213:Src/stm32u5xx_it.c **** }
 239              		.loc 1 213 1 is_stmt 0 view .LVU31
 240 0008 08BD     		pop	{r3, pc}
 241              	.L19:
 242 000a 00BF     		.align	2
 243              	.L18:
 244 000c 00000000 		.word	handle_GPDMA1_Channel10
 245              		.cfi_endproc
 246              	.LFE349:
 248              		.text
 249              	.Letext0:
 250              		.file 2 "c:\\users\\ya\\appdata\\roaming\\code\\user\\globalstorage\\bmd.stm32-for-vscode\\@xpack-
 251              		.file 3 "c:\\users\\ya\\appdata\\roaming\\code\\user\\globalstorage\\bmd.stm32-for-vscode\\@xpack-
 252              		.file 4 "Drivers/CMSIS/Device/ST/STM32U5xx/Include/stm32u575xx.h"
 253              		.file 5 "Drivers/STM32U5xx_HAL_Driver/Inc/stm32u5xx_hal_def.h"
 254              		.file 6 "Drivers/STM32U5xx_HAL_Driver/Inc/stm32u5xx_hal_dma.h"
 255              		.file 7 "Drivers/STM32U5xx_HAL_Driver/Inc/stm32u5xx_hal_dma_ex.h"
 256              		.file 8 "Drivers/STM32U5xx_HAL_Driver/Inc/stm32u5xx_hal.h"
ARM GAS  C:\Users\Ya\AppData\Local\Temp\ccRFvB94.s 			page 9


DEFINED SYMBOLS
                            *ABS*:0000000000000000 stm32u5xx_it.c
C:\Users\Ya\AppData\Local\Temp\ccRFvB94.s:22     .text.NMI_Handler:0000000000000000 $t
C:\Users\Ya\AppData\Local\Temp\ccRFvB94.s:28     .text.NMI_Handler:0000000000000000 NMI_Handler
C:\Users\Ya\AppData\Local\Temp\ccRFvB94.s:45     .text.HardFault_Handler:0000000000000000 $t
C:\Users\Ya\AppData\Local\Temp\ccRFvB94.s:51     .text.HardFault_Handler:0000000000000000 HardFault_Handler
C:\Users\Ya\AppData\Local\Temp\ccRFvB94.s:68     .text.MemManage_Handler:0000000000000000 $t
C:\Users\Ya\AppData\Local\Temp\ccRFvB94.s:74     .text.MemManage_Handler:0000000000000000 MemManage_Handler
C:\Users\Ya\AppData\Local\Temp\ccRFvB94.s:91     .text.BusFault_Handler:0000000000000000 $t
C:\Users\Ya\AppData\Local\Temp\ccRFvB94.s:97     .text.BusFault_Handler:0000000000000000 BusFault_Handler
C:\Users\Ya\AppData\Local\Temp\ccRFvB94.s:114    .text.UsageFault_Handler:0000000000000000 $t
C:\Users\Ya\AppData\Local\Temp\ccRFvB94.s:120    .text.UsageFault_Handler:0000000000000000 UsageFault_Handler
C:\Users\Ya\AppData\Local\Temp\ccRFvB94.s:137    .text.SVC_Handler:0000000000000000 $t
C:\Users\Ya\AppData\Local\Temp\ccRFvB94.s:143    .text.SVC_Handler:0000000000000000 SVC_Handler
C:\Users\Ya\AppData\Local\Temp\ccRFvB94.s:156    .text.DebugMon_Handler:0000000000000000 $t
C:\Users\Ya\AppData\Local\Temp\ccRFvB94.s:162    .text.DebugMon_Handler:0000000000000000 DebugMon_Handler
C:\Users\Ya\AppData\Local\Temp\ccRFvB94.s:175    .text.PendSV_Handler:0000000000000000 $t
C:\Users\Ya\AppData\Local\Temp\ccRFvB94.s:181    .text.PendSV_Handler:0000000000000000 PendSV_Handler
C:\Users\Ya\AppData\Local\Temp\ccRFvB94.s:194    .text.SysTick_Handler:0000000000000000 $t
C:\Users\Ya\AppData\Local\Temp\ccRFvB94.s:200    .text.SysTick_Handler:0000000000000000 SysTick_Handler
C:\Users\Ya\AppData\Local\Temp\ccRFvB94.s:219    .text.GPDMA1_Channel10_IRQHandler:0000000000000000 $t
C:\Users\Ya\AppData\Local\Temp\ccRFvB94.s:225    .text.GPDMA1_Channel10_IRQHandler:0000000000000000 GPDMA1_Channel10_IRQHandler
C:\Users\Ya\AppData\Local\Temp\ccRFvB94.s:244    .text.GPDMA1_Channel10_IRQHandler:000000000000000c $d

UNDEFINED SYMBOLS
HAL_IncTick
HAL_DMA_IRQHandler
handle_GPDMA1_Channel10
