ARM GAS  C:\Users\Ya\AppData\Local\Temp\cczgYFPg.s 			page 1


   1              		.cpu cortex-m33
   2              		.arch armv8-m.main
   3              		.fpu fpv5-sp-d16
   4              		.arch_extension dsp
   5              		.eabi_attribute 27, 1
   6              		.eabi_attribute 28, 1
   7              		.eabi_attribute 20, 1
   8              		.eabi_attribute 21, 1
   9              		.eabi_attribute 23, 3
  10              		.eabi_attribute 24, 1
  11              		.eabi_attribute 25, 1
  12              		.eabi_attribute 26, 1
  13              		.eabi_attribute 30, 1
  14              		.eabi_attribute 34, 1
  15              		.eabi_attribute 18, 4
  16              		.file	"system_stm32u5xx.c"
  17              		.text
  18              	.Ltext0:
  19              		.cfi_sections	.debug_frame
  20              		.file 1 "Src/system_stm32u5xx.c"
  21              		.section	.text.SystemInit,"ax",%progbits
  22              		.align	1
  23              		.global	SystemInit
  24              		.syntax unified
  25              		.thumb
  26              		.thumb_func
  28              	SystemInit:
  29              	.LFB340:
   1:Src/system_stm32u5xx.c **** /**
   2:Src/system_stm32u5xx.c ****   ******************************************************************************
   3:Src/system_stm32u5xx.c ****   * @file    system_stm32u5xx.c
   4:Src/system_stm32u5xx.c ****   * @author  MCD Application Team
   5:Src/system_stm32u5xx.c ****   * @brief   CMSIS Cortex-M33 Device Peripheral Access Layer System Source File
   6:Src/system_stm32u5xx.c ****   *
   7:Src/system_stm32u5xx.c ****   *   This file provides two functions and one global variable to be called from
   8:Src/system_stm32u5xx.c ****   *   user application:
   9:Src/system_stm32u5xx.c ****   *      - SystemInit(): This function is called at startup just after reset and
  10:Src/system_stm32u5xx.c ****   *                      before branch to main program. This call is made inside
  11:Src/system_stm32u5xx.c ****   *                      the "startup_stm32u5xx.s" file.
  12:Src/system_stm32u5xx.c ****   *
  13:Src/system_stm32u5xx.c ****   *      - SystemCoreClock variable: Contains the core clock (HCLK), it can be used
  14:Src/system_stm32u5xx.c ****   *                                  by the user application to setup the SysTick
  15:Src/system_stm32u5xx.c ****   *                                  timer or configure other parameters.
  16:Src/system_stm32u5xx.c ****   *
  17:Src/system_stm32u5xx.c ****   *      - SystemCoreClockUpdate(): Updates the variable SystemCoreClock and must
  18:Src/system_stm32u5xx.c ****   *                                 be called whenever the core clock is changed
  19:Src/system_stm32u5xx.c ****   *                                 during program execution.
  20:Src/system_stm32u5xx.c ****   *
  21:Src/system_stm32u5xx.c ****   *   After each device reset the MSI (4 MHz) is used as system clock source.
  22:Src/system_stm32u5xx.c ****   *   Then SystemInit() function is called, in "startup_stm32u5xx.s" file, to
  23:Src/system_stm32u5xx.c ****   *   configure the system clock before to branch to main program.
  24:Src/system_stm32u5xx.c ****   *
  25:Src/system_stm32u5xx.c ****   *   This file configures the system clock as follows:
  26:Src/system_stm32u5xx.c ****   *=============================================================================
  27:Src/system_stm32u5xx.c ****   *-----------------------------------------------------------------------------
  28:Src/system_stm32u5xx.c ****   *        System Clock source                     | MSI
  29:Src/system_stm32u5xx.c ****   *-----------------------------------------------------------------------------
ARM GAS  C:\Users\Ya\AppData\Local\Temp\cczgYFPg.s 			page 2


  30:Src/system_stm32u5xx.c ****   *        SYSCLK(Hz)                              | 4000000
  31:Src/system_stm32u5xx.c ****   *-----------------------------------------------------------------------------
  32:Src/system_stm32u5xx.c ****   *        HCLK(Hz)                                | 4000000
  33:Src/system_stm32u5xx.c ****   *-----------------------------------------------------------------------------
  34:Src/system_stm32u5xx.c ****   *        AHB Prescaler                           | 1
  35:Src/system_stm32u5xx.c ****   *-----------------------------------------------------------------------------
  36:Src/system_stm32u5xx.c ****   *        APB1 Prescaler                          | 1
  37:Src/system_stm32u5xx.c ****   *-----------------------------------------------------------------------------
  38:Src/system_stm32u5xx.c ****   *        APB2 Prescaler                          | 1
  39:Src/system_stm32u5xx.c ****   *-----------------------------------------------------------------------------
  40:Src/system_stm32u5xx.c ****   *        APB3 Prescaler                          | 1
  41:Src/system_stm32u5xx.c ****   *-----------------------------------------------------------------------------
  42:Src/system_stm32u5xx.c ****   *        PLL1_SRC                                | No clock
  43:Src/system_stm32u5xx.c ****   *-----------------------------------------------------------------------------
  44:Src/system_stm32u5xx.c ****   *        PLL1_M                                  | 1
  45:Src/system_stm32u5xx.c ****   *-----------------------------------------------------------------------------
  46:Src/system_stm32u5xx.c ****   *        PLL1_N                                  | 8
  47:Src/system_stm32u5xx.c ****   *-----------------------------------------------------------------------------
  48:Src/system_stm32u5xx.c ****   *        PLL1_P                                  | 7
  49:Src/system_stm32u5xx.c ****   *-----------------------------------------------------------------------------
  50:Src/system_stm32u5xx.c ****   *        PLL1_Q                                  | 2
  51:Src/system_stm32u5xx.c ****   *-----------------------------------------------------------------------------
  52:Src/system_stm32u5xx.c ****   *        PLL1_R                                  | 2
  53:Src/system_stm32u5xx.c ****   *-----------------------------------------------------------------------------
  54:Src/system_stm32u5xx.c ****   *        PLL2_SRC                                | NA
  55:Src/system_stm32u5xx.c ****   *-----------------------------------------------------------------------------
  56:Src/system_stm32u5xx.c ****   *        PLL2_M                                  | NA
  57:Src/system_stm32u5xx.c ****   *-----------------------------------------------------------------------------
  58:Src/system_stm32u5xx.c ****   *        PLL2_N                                  | NA
  59:Src/system_stm32u5xx.c ****   *-----------------------------------------------------------------------------
  60:Src/system_stm32u5xx.c ****   *        PLL2_P                                  | NA
  61:Src/system_stm32u5xx.c ****   *-----------------------------------------------------------------------------
  62:Src/system_stm32u5xx.c ****   *        PLL2_Q                                  | NA
  63:Src/system_stm32u5xx.c ****   *-----------------------------------------------------------------------------
  64:Src/system_stm32u5xx.c ****   *        PLL2_R                                  | NA
  65:Src/system_stm32u5xx.c ****   *-----------------------------------------------------------------------------
  66:Src/system_stm32u5xx.c ****   *        PLL3_SRC                                | NA
  67:Src/system_stm32u5xx.c ****   *-----------------------------------------------------------------------------
  68:Src/system_stm32u5xx.c ****   *        PLL3_M                                  | NA
  69:Src/system_stm32u5xx.c ****   *-----------------------------------------------------------------------------
  70:Src/system_stm32u5xx.c ****   *        PLL3_N                                  | NA
  71:Src/system_stm32u5xx.c ****   *-----------------------------------------------------------------------------
  72:Src/system_stm32u5xx.c ****   *        PLL3_P                                  | NA
  73:Src/system_stm32u5xx.c ****   *-----------------------------------------------------------------------------
  74:Src/system_stm32u5xx.c ****   *        Require 48MHz for USB FS,               | Disabled
  75:Src/system_stm32u5xx.c ****   *        SDIO and RNG clock                      |
  76:Src/system_stm32u5xx.c ****   *-----------------------------------------------------------------------------
  77:Src/system_stm32u5xx.c ****   *=============================================================================
  78:Src/system_stm32u5xx.c ****   ******************************************************************************
  79:Src/system_stm32u5xx.c ****   * @attention
  80:Src/system_stm32u5xx.c ****   *
  81:Src/system_stm32u5xx.c ****   * Copyright (c) 2021 STMicroelectronics.
  82:Src/system_stm32u5xx.c ****   * All rights reserved.
  83:Src/system_stm32u5xx.c ****   *
  84:Src/system_stm32u5xx.c ****   * This software is licensed under terms that can be found in the LICENSE file
  85:Src/system_stm32u5xx.c ****   * in the root directory of this software component.
  86:Src/system_stm32u5xx.c ****   * If no LICENSE file comes with this software, it is provided AS-IS.
ARM GAS  C:\Users\Ya\AppData\Local\Temp\cczgYFPg.s 			page 3


  87:Src/system_stm32u5xx.c ****   *
  88:Src/system_stm32u5xx.c ****   ******************************************************************************
  89:Src/system_stm32u5xx.c ****   */
  90:Src/system_stm32u5xx.c **** 
  91:Src/system_stm32u5xx.c **** /** @addtogroup CMSIS
  92:Src/system_stm32u5xx.c ****   * @{
  93:Src/system_stm32u5xx.c ****   */
  94:Src/system_stm32u5xx.c **** 
  95:Src/system_stm32u5xx.c **** /** @addtogroup STM32U5xx_system
  96:Src/system_stm32u5xx.c ****   * @{
  97:Src/system_stm32u5xx.c ****   */
  98:Src/system_stm32u5xx.c **** 
  99:Src/system_stm32u5xx.c **** /** @addtogroup STM32U5xx_System_Private_Includes
 100:Src/system_stm32u5xx.c ****   * @{
 101:Src/system_stm32u5xx.c ****   */
 102:Src/system_stm32u5xx.c **** 
 103:Src/system_stm32u5xx.c **** #include "stm32u5xx.h"
 104:Src/system_stm32u5xx.c **** #include <math.h>
 105:Src/system_stm32u5xx.c **** 
 106:Src/system_stm32u5xx.c **** /**
 107:Src/system_stm32u5xx.c ****   * @}
 108:Src/system_stm32u5xx.c ****   */
 109:Src/system_stm32u5xx.c **** 
 110:Src/system_stm32u5xx.c **** /** @addtogroup STM32U5xx_System_Private_TypesDefinitions
 111:Src/system_stm32u5xx.c ****   * @{
 112:Src/system_stm32u5xx.c ****   */
 113:Src/system_stm32u5xx.c **** 
 114:Src/system_stm32u5xx.c **** /**
 115:Src/system_stm32u5xx.c ****   * @}
 116:Src/system_stm32u5xx.c ****   */
 117:Src/system_stm32u5xx.c **** 
 118:Src/system_stm32u5xx.c **** /** @addtogroup STM32U5xx_System_Private_Defines
 119:Src/system_stm32u5xx.c ****   * @{
 120:Src/system_stm32u5xx.c ****   */
 121:Src/system_stm32u5xx.c **** 
 122:Src/system_stm32u5xx.c **** #if !defined  (HSE_VALUE)
 123:Src/system_stm32u5xx.c ****   #define HSE_VALUE    16000000U /*!< Value of the External oscillator in Hz */
 124:Src/system_stm32u5xx.c **** #endif /* HSE_VALUE */
 125:Src/system_stm32u5xx.c **** 
 126:Src/system_stm32u5xx.c **** #if !defined  (MSI_VALUE)
 127:Src/system_stm32u5xx.c ****   #define MSI_VALUE    4000000U  /*!< Value of the Internal oscillator in Hz*/
 128:Src/system_stm32u5xx.c **** #endif /* MSI_VALUE */
 129:Src/system_stm32u5xx.c **** 
 130:Src/system_stm32u5xx.c **** #if !defined  (HSI_VALUE)
 131:Src/system_stm32u5xx.c ****   #define HSI_VALUE    16000000U /*!< Value of the Internal oscillator in Hz*/
 132:Src/system_stm32u5xx.c **** #endif /* HSI_VALUE */
 133:Src/system_stm32u5xx.c **** 
 134:Src/system_stm32u5xx.c **** /************************* Miscellaneous Configuration ************************/
 135:Src/system_stm32u5xx.c **** /*!< Uncomment the following line if you need to relocate your vector Table in
 136:Src/system_stm32u5xx.c ****      Internal SRAM. */
 137:Src/system_stm32u5xx.c **** /* #define VECT_TAB_SRAM */
 138:Src/system_stm32u5xx.c **** #define VECT_TAB_OFFSET  0x00000000UL /*!< Vector Table base offset field.
 139:Src/system_stm32u5xx.c ****                                    This value must be a multiple of 0x200. */
 140:Src/system_stm32u5xx.c **** /******************************************************************************/
 141:Src/system_stm32u5xx.c **** 
 142:Src/system_stm32u5xx.c **** /**
 143:Src/system_stm32u5xx.c ****   * @}
ARM GAS  C:\Users\Ya\AppData\Local\Temp\cczgYFPg.s 			page 4


 144:Src/system_stm32u5xx.c ****   */
 145:Src/system_stm32u5xx.c **** 
 146:Src/system_stm32u5xx.c **** /** @addtogroup STM32U5xx_System_Private_Macros
 147:Src/system_stm32u5xx.c ****   * @{
 148:Src/system_stm32u5xx.c ****   */
 149:Src/system_stm32u5xx.c **** 
 150:Src/system_stm32u5xx.c **** /**
 151:Src/system_stm32u5xx.c ****   * @}
 152:Src/system_stm32u5xx.c ****   */
 153:Src/system_stm32u5xx.c **** 
 154:Src/system_stm32u5xx.c **** /** @addtogroup STM32U5xx_System_Private_Variables
 155:Src/system_stm32u5xx.c ****   * @{
 156:Src/system_stm32u5xx.c ****   */
 157:Src/system_stm32u5xx.c ****   /* The SystemCoreClock variable is updated in three ways:
 158:Src/system_stm32u5xx.c ****       1) by calling CMSIS function SystemCoreClockUpdate()
 159:Src/system_stm32u5xx.c ****       2) by calling HAL API function HAL_RCC_GetHCLKFreq()
 160:Src/system_stm32u5xx.c ****       3) each time HAL_RCC_ClockConfig() is called to configure the system clock frequency
 161:Src/system_stm32u5xx.c ****          Note: If you use this function to configure the system clock; then there
 162:Src/system_stm32u5xx.c ****                is no need to call the 2 first functions listed above, since SystemCoreClock
 163:Src/system_stm32u5xx.c ****                variable is updated automatically.
 164:Src/system_stm32u5xx.c ****   */
 165:Src/system_stm32u5xx.c ****   uint32_t SystemCoreClock = 4000000U;
 166:Src/system_stm32u5xx.c **** 
 167:Src/system_stm32u5xx.c ****   const uint8_t  AHBPrescTable[16] = {0U, 0U, 0U, 0U, 0U, 0U, 0U, 0U, 1U, 2U, 3U, 4U, 6U, 7U, 8U, 9
 168:Src/system_stm32u5xx.c ****   const uint8_t  APBPrescTable[8] =  {0U, 0U, 0U, 0U, 1U, 2U, 3U, 4U};
 169:Src/system_stm32u5xx.c ****   const uint32_t MSIRangeTable[16] = {48000000U,24000000U,16000000U,12000000U, 4000000U, 2000000U, 
 170:Src/system_stm32u5xx.c ****                                       1000000U, 3072000U, 1536000U,1024000U, 768000U, 400000U, 2000
 171:Src/system_stm32u5xx.c **** /**
 172:Src/system_stm32u5xx.c ****   * @}
 173:Src/system_stm32u5xx.c ****   */
 174:Src/system_stm32u5xx.c **** 
 175:Src/system_stm32u5xx.c **** /** @addtogroup STM32U5xx_System_Private_FunctionPrototypes
 176:Src/system_stm32u5xx.c ****   * @{
 177:Src/system_stm32u5xx.c ****   */
 178:Src/system_stm32u5xx.c **** 
 179:Src/system_stm32u5xx.c **** /**
 180:Src/system_stm32u5xx.c ****   * @}
 181:Src/system_stm32u5xx.c ****   */
 182:Src/system_stm32u5xx.c **** 
 183:Src/system_stm32u5xx.c **** /** @addtogroup STM32U5xx_System_Private_Functions
 184:Src/system_stm32u5xx.c ****   * @{
 185:Src/system_stm32u5xx.c ****   */
 186:Src/system_stm32u5xx.c **** 
 187:Src/system_stm32u5xx.c **** /**
 188:Src/system_stm32u5xx.c ****   * @brief  Setup the microcontroller system.
 189:Src/system_stm32u5xx.c ****   * @param  None
 190:Src/system_stm32u5xx.c ****   * @retval None
 191:Src/system_stm32u5xx.c ****   */
 192:Src/system_stm32u5xx.c **** 
 193:Src/system_stm32u5xx.c **** void SystemInit(void)
 194:Src/system_stm32u5xx.c **** {
  30              		.loc 1 194 1 view -0
  31              		.cfi_startproc
  32              		@ args = 0, pretend = 0, frame = 0
  33              		@ frame_needed = 0, uses_anonymous_args = 0
  34              		@ link register save eliminated.
 195:Src/system_stm32u5xx.c ****   /* FPU settings ------------------------------------------------------------*/
ARM GAS  C:\Users\Ya\AppData\Local\Temp\cczgYFPg.s 			page 5


 196:Src/system_stm32u5xx.c ****   #if (__FPU_PRESENT == 1) && (__FPU_USED == 1)
 197:Src/system_stm32u5xx.c ****    SCB->CPACR |= ((3UL << 20U)|(3UL << 22U));  /* set CP10 and CP11 Full Access */
  35              		.loc 1 197 4 view .LVU1
  36              		.loc 1 197 7 is_stmt 0 view .LVU2
  37 0000 0E48     		ldr	r0, .L2
  38 0002 D0F88830 		ldr	r3, [r0, #136]
  39              		.loc 1 197 15 view .LVU3
  40 0006 43F47003 		orr	r3, r3, #15728640
  41 000a C0F88830 		str	r3, [r0, #136]
 198:Src/system_stm32u5xx.c ****   #endif
 199:Src/system_stm32u5xx.c **** 
 200:Src/system_stm32u5xx.c ****   /* Reset the RCC clock configuration to the default reset state ------------*/
 201:Src/system_stm32u5xx.c ****   /* Set MSION bit */
 202:Src/system_stm32u5xx.c ****   RCC->CR = RCC_CR_MSISON;
  42              		.loc 1 202 3 is_stmt 1 view .LVU4
  43              		.loc 1 202 11 is_stmt 0 view .LVU5
  44 000e 0C4B     		ldr	r3, .L2+4
  45 0010 0122     		movs	r2, #1
  46 0012 1A60     		str	r2, [r3]
 203:Src/system_stm32u5xx.c **** 
 204:Src/system_stm32u5xx.c ****   /* Reset CFGR register */
 205:Src/system_stm32u5xx.c ****   RCC->CFGR1 = 0U;
  47              		.loc 1 205 3 is_stmt 1 view .LVU6
  48              		.loc 1 205 14 is_stmt 0 view .LVU7
  49 0014 0022     		movs	r2, #0
  50 0016 DA61     		str	r2, [r3, #28]
 206:Src/system_stm32u5xx.c ****   RCC->CFGR2 = 0U;
  51              		.loc 1 206 3 is_stmt 1 view .LVU8
  52              		.loc 1 206 14 is_stmt 0 view .LVU9
  53 0018 1A62     		str	r2, [r3, #32]
 207:Src/system_stm32u5xx.c ****   RCC->CFGR3 = 0U;
  54              		.loc 1 207 3 is_stmt 1 view .LVU10
  55              		.loc 1 207 14 is_stmt 0 view .LVU11
  56 001a 5A62     		str	r2, [r3, #36]
 208:Src/system_stm32u5xx.c **** 
 209:Src/system_stm32u5xx.c ****   /* Reset HSEON, CSSON , HSION, PLLxON bits */
 210:Src/system_stm32u5xx.c ****   RCC->CR &= ~(RCC_CR_HSEON | RCC_CR_CSSON | RCC_CR_PLL1ON | RCC_CR_PLL2ON | RCC_CR_PLL3ON);
  57              		.loc 1 210 3 is_stmt 1 view .LVU12
  58              		.loc 1 210 6 is_stmt 0 view .LVU13
  59 001c 1968     		ldr	r1, [r3]
  60              		.loc 1 210 11 view .LVU14
  61 001e 21F0A851 		bic	r1, r1, #352321536
  62 0022 21F41021 		bic	r1, r1, #589824
  63 0026 1960     		str	r1, [r3]
 211:Src/system_stm32u5xx.c **** 
 212:Src/system_stm32u5xx.c ****   /* Reset PLLCFGR register */
 213:Src/system_stm32u5xx.c ****   RCC->PLL1CFGR = 0U;
  64              		.loc 1 213 3 is_stmt 1 view .LVU15
  65              		.loc 1 213 17 is_stmt 0 view .LVU16
  66 0028 9A62     		str	r2, [r3, #40]
 214:Src/system_stm32u5xx.c **** 
 215:Src/system_stm32u5xx.c ****   /* Reset HSEBYP bit */
 216:Src/system_stm32u5xx.c ****   RCC->CR &= ~(RCC_CR_HSEBYP);
  67              		.loc 1 216 3 is_stmt 1 view .LVU17
  68              		.loc 1 216 6 is_stmt 0 view .LVU18
  69 002a 1968     		ldr	r1, [r3]
  70              		.loc 1 216 11 view .LVU19
ARM GAS  C:\Users\Ya\AppData\Local\Temp\cczgYFPg.s 			page 6


  71 002c 21F48021 		bic	r1, r1, #262144
  72 0030 1960     		str	r1, [r3]
 217:Src/system_stm32u5xx.c **** 
 218:Src/system_stm32u5xx.c ****   /* Disable all interrupts */
 219:Src/system_stm32u5xx.c ****   RCC->CIER = 0U;
  73              		.loc 1 219 3 is_stmt 1 view .LVU20
  74              		.loc 1 219 13 is_stmt 0 view .LVU21
  75 0032 1A65     		str	r2, [r3, #80]
 220:Src/system_stm32u5xx.c **** 
 221:Src/system_stm32u5xx.c ****   /* Configure the Vector Table location add offset address ------------------*/
 222:Src/system_stm32u5xx.c ****   #ifdef VECT_TAB_SRAM
 223:Src/system_stm32u5xx.c ****     SCB->VTOR = SRAM1_BASE | VECT_TAB_OFFSET; /* Vector Table Relocation in Internal SRAM */
 224:Src/system_stm32u5xx.c ****   #else
 225:Src/system_stm32u5xx.c ****     SCB->VTOR = FLASH_BASE | VECT_TAB_OFFSET; /* Vector Table Relocation in Internal FLASH */
  76              		.loc 1 225 5 is_stmt 1 view .LVU22
  77              		.loc 1 225 15 is_stmt 0 view .LVU23
  78 0034 4FF00063 		mov	r3, #134217728
  79 0038 8360     		str	r3, [r0, #8]
 226:Src/system_stm32u5xx.c ****   #endif
 227:Src/system_stm32u5xx.c **** }
  80              		.loc 1 227 1 view .LVU24
  81 003a 7047     		bx	lr
  82              	.L3:
  83              		.align	2
  84              	.L2:
  85 003c 00ED00E0 		.word	-536810240
  86 0040 000C0246 		.word	1174539264
  87              		.cfi_endproc
  88              	.LFE340:
  90              		.section	.text.SystemCoreClockUpdate,"ax",%progbits
  91              		.align	1
  92              		.global	SystemCoreClockUpdate
  93              		.syntax unified
  94              		.thumb
  95              		.thumb_func
  97              	SystemCoreClockUpdate:
  98              	.LFB341:
 228:Src/system_stm32u5xx.c **** 
 229:Src/system_stm32u5xx.c **** /**
 230:Src/system_stm32u5xx.c ****   * @brief  Update SystemCoreClock variable according to Clock Register Values.
 231:Src/system_stm32u5xx.c ****   *         The SystemCoreClock variable contains the core clock (HCLK), it can
 232:Src/system_stm32u5xx.c ****   *         be used by the user application to setup the SysTick timer or configure
 233:Src/system_stm32u5xx.c ****   *         other parameters.
 234:Src/system_stm32u5xx.c ****   *
 235:Src/system_stm32u5xx.c ****   * @note   Each time the core clock (HCLK) changes, this function must be called
 236:Src/system_stm32u5xx.c ****   *         to update SystemCoreClock variable value. Otherwise, any configuration
 237:Src/system_stm32u5xx.c ****   *         based on this variable will be incorrect.
 238:Src/system_stm32u5xx.c ****   *
 239:Src/system_stm32u5xx.c ****   * @note   - The system frequency computed by this function is not the real
 240:Src/system_stm32u5xx.c ****   *           frequency in the chip. It is calculated based on the predefined
 241:Src/system_stm32u5xx.c ****   *           constant and the selected clock source:
 242:Src/system_stm32u5xx.c ****   *
 243:Src/system_stm32u5xx.c ****   *           - If SYSCLK source is MSI, SystemCoreClock will contain the MSI_VALUE(*)
 244:Src/system_stm32u5xx.c ****   *
 245:Src/system_stm32u5xx.c ****   *           - If SYSCLK source is HSI, SystemCoreClock will contain the HSI_VALUE(**)
 246:Src/system_stm32u5xx.c ****   *
 247:Src/system_stm32u5xx.c ****   *           - If SYSCLK source is HSE, SystemCoreClock will contain the HSE_VALUE(***)
ARM GAS  C:\Users\Ya\AppData\Local\Temp\cczgYFPg.s 			page 7


 248:Src/system_stm32u5xx.c ****   *
 249:Src/system_stm32u5xx.c ****   *           - If SYSCLK source is PLL, SystemCoreClock will contain the HSE_VALUE(***)
 250:Src/system_stm32u5xx.c ****   *             or HSI_VALUE(*) or MSI_VALUE(*) multiplied/divided by the PLL factors.
 251:Src/system_stm32u5xx.c ****   *
 252:Src/system_stm32u5xx.c ****   *         (*) MSI_VALUE is a constant defined in stm32u5xx_hal.h file (default value
 253:Src/system_stm32u5xx.c ****   *             4 MHz) but the real value may vary depending on the variations
 254:Src/system_stm32u5xx.c ****   *             in voltage and temperature.
 255:Src/system_stm32u5xx.c ****   *
 256:Src/system_stm32u5xx.c ****   *         (**) HSI_VALUE is a constant defined in stm32u5xx_hal.h file (default value
 257:Src/system_stm32u5xx.c ****   *              16 MHz) but the real value may vary depending on the variations
 258:Src/system_stm32u5xx.c ****   *              in voltage and temperature.
 259:Src/system_stm32u5xx.c ****   *
 260:Src/system_stm32u5xx.c ****   *         (***) HSE_VALUE is a constant defined in stm32u5xx_hal.h file (default value
 261:Src/system_stm32u5xx.c ****   *              8 MHz), user has to ensure that HSE_VALUE is same as the real
 262:Src/system_stm32u5xx.c ****   *              frequency of the crystal used. Otherwise, this function may
 263:Src/system_stm32u5xx.c ****   *              have wrong result.
 264:Src/system_stm32u5xx.c ****   *
 265:Src/system_stm32u5xx.c ****   *         - The result of this function could be not correct when using fractional
 266:Src/system_stm32u5xx.c ****   *           value for HSE crystal.
 267:Src/system_stm32u5xx.c ****   *
 268:Src/system_stm32u5xx.c ****   * @param  None
 269:Src/system_stm32u5xx.c ****   * @retval None
 270:Src/system_stm32u5xx.c ****   */
 271:Src/system_stm32u5xx.c **** void SystemCoreClockUpdate(void)
 272:Src/system_stm32u5xx.c **** {
  99              		.loc 1 272 1 is_stmt 1 view -0
 100              		.cfi_startproc
 101              		@ args = 0, pretend = 0, frame = 0
 102              		@ frame_needed = 0, uses_anonymous_args = 0
 103              		@ link register save eliminated.
 104 0000 10B4     		push	{r4}
 105              		.cfi_def_cfa_offset 4
 106              		.cfi_offset 4, -4
 273:Src/system_stm32u5xx.c ****   uint32_t pllr, pllsource, pllm , tmp, pllfracen, msirange;
 107              		.loc 1 273 3 view .LVU26
 274:Src/system_stm32u5xx.c ****   float_t fracn1, pllvco;
 108              		.loc 1 274 3 view .LVU27
 275:Src/system_stm32u5xx.c **** 
 276:Src/system_stm32u5xx.c ****   /* Get MSI Range frequency--------------------------------------------------*/
 277:Src/system_stm32u5xx.c ****   if(READ_BIT(RCC->ICSCR1, RCC_ICSCR1_MSIRGSEL) == 0U)
 109              		.loc 1 277 3 view .LVU28
 110              		.loc 1 277 6 is_stmt 0 view .LVU29
 111 0002 494B     		ldr	r3, .L22
 112 0004 9B68     		ldr	r3, [r3, #8]
 113              		.loc 1 277 5 view .LVU30
 114 0006 13F4000F 		tst	r3, #8388608
 115 000a 16D1     		bne	.L5
 278:Src/system_stm32u5xx.c ****   {
 279:Src/system_stm32u5xx.c ****     /* MSISRANGE from RCC_CSR applies */
 280:Src/system_stm32u5xx.c ****     msirange = (RCC->CSR & RCC_CSR_MSISSRANGE) >> RCC_CSR_MSISSRANGE_Pos;
 116              		.loc 1 280 5 is_stmt 1 view .LVU31
 117              		.loc 1 280 20 is_stmt 0 view .LVU32
 118 000c 464B     		ldr	r3, .L22
 119 000e D3F8F430 		ldr	r3, [r3, #244]
 120              		.loc 1 280 14 view .LVU33
 121 0012 C3F30333 		ubfx	r3, r3, #12, #4
 122              	.LVL0:
ARM GAS  C:\Users\Ya\AppData\Local\Temp\cczgYFPg.s 			page 8


 123              	.L6:
 281:Src/system_stm32u5xx.c ****   }
 282:Src/system_stm32u5xx.c ****   else
 283:Src/system_stm32u5xx.c ****   {
 284:Src/system_stm32u5xx.c ****     /* MSIRANGE from RCC_CR applies */
 285:Src/system_stm32u5xx.c ****     msirange = (RCC->ICSCR1 & RCC_ICSCR1_MSISRANGE) >> RCC_ICSCR1_MSISRANGE_Pos;
 286:Src/system_stm32u5xx.c ****   }
 287:Src/system_stm32u5xx.c **** 
 288:Src/system_stm32u5xx.c ****   /*MSI frequency range in HZ*/
 289:Src/system_stm32u5xx.c ****   msirange = MSIRangeTable[msirange];
 124              		.loc 1 289 3 is_stmt 1 view .LVU34
 125              		.loc 1 289 12 is_stmt 0 view .LVU35
 126 0016 454A     		ldr	r2, .L22+4
 127 0018 52F82320 		ldr	r2, [r2, r3, lsl #2]
 128              	.LVL1:
 290:Src/system_stm32u5xx.c **** 
 291:Src/system_stm32u5xx.c ****   /* Get SYSCLK source -------------------------------------------------------*/
 292:Src/system_stm32u5xx.c ****   switch (RCC->CFGR1 & RCC_CFGR1_SWS)
 129              		.loc 1 292 3 is_stmt 1 view .LVU36
 130              		.loc 1 292 14 is_stmt 0 view .LVU37
 131 001c 424B     		ldr	r3, .L22
 132 001e DB69     		ldr	r3, [r3, #28]
 133              		.loc 1 292 22 view .LVU38
 134 0020 03F00C03 		and	r3, r3, #12
 135              		.loc 1 292 3 view .LVU39
 136 0024 0C2B     		cmp	r3, #12
 137 0026 7CD8     		bhi	.L7
 138 0028 DFE803F0 		tbb	[pc, r3]
 139              	.L9:
 140 002c 0B       		.byte	(.L12-.L9)/2
 141 002d 7B       		.byte	(.L7-.L9)/2
 142 002e 7B       		.byte	(.L7-.L9)/2
 143 002f 7B       		.byte	(.L7-.L9)/2
 144 0030 1A       		.byte	(.L11-.L9)/2
 145 0031 7B       		.byte	(.L7-.L9)/2
 146 0032 7B       		.byte	(.L7-.L9)/2
 147 0033 7B       		.byte	(.L7-.L9)/2
 148 0034 1E       		.byte	(.L10-.L9)/2
 149 0035 7B       		.byte	(.L7-.L9)/2
 150 0036 7B       		.byte	(.L7-.L9)/2
 151 0037 7B       		.byte	(.L7-.L9)/2
 152 0038 22       		.byte	(.L8-.L9)/2
 153              	.LVL2:
 154 0039 00       		.p2align 1
 155              	.L5:
 285:Src/system_stm32u5xx.c ****   }
 156              		.loc 1 285 5 is_stmt 1 view .LVU40
 285:Src/system_stm32u5xx.c ****   }
 157              		.loc 1 285 20 is_stmt 0 view .LVU41
 158 003a 3B4B     		ldr	r3, .L22
 159 003c 9B68     		ldr	r3, [r3, #8]
 285:Src/system_stm32u5xx.c ****   }
 160              		.loc 1 285 53 view .LVU42
 161 003e 1B0F     		lsrs	r3, r3, #28
 162              	.LVL3:
 285:Src/system_stm32u5xx.c ****   }
 163              		.loc 1 285 53 view .LVU43
ARM GAS  C:\Users\Ya\AppData\Local\Temp\cczgYFPg.s 			page 9


 164 0040 E9E7     		b	.L6
 165              	.LVL4:
 166              	.L12:
 293:Src/system_stm32u5xx.c ****   {
 294:Src/system_stm32u5xx.c ****   case 0x00:  /* MSI used as system clock source */
 295:Src/system_stm32u5xx.c ****     SystemCoreClock = msirange;
 167              		.loc 1 295 5 is_stmt 1 view .LVU44
 168              		.loc 1 295 21 is_stmt 0 view .LVU45
 169 0042 3B4B     		ldr	r3, .L22+8
 170 0044 1A60     		str	r2, [r3]
 296:Src/system_stm32u5xx.c ****     break;
 171              		.loc 1 296 5 is_stmt 1 view .LVU46
 172              	.LVL5:
 173              	.L13:
 297:Src/system_stm32u5xx.c **** 
 298:Src/system_stm32u5xx.c ****   case 0x04:  /* HSI used as system clock source */
 299:Src/system_stm32u5xx.c ****     SystemCoreClock = HSI_VALUE;
 300:Src/system_stm32u5xx.c ****     break;
 301:Src/system_stm32u5xx.c **** 
 302:Src/system_stm32u5xx.c ****   case 0x08:  /* HSE used as system clock source */
 303:Src/system_stm32u5xx.c ****     SystemCoreClock = HSE_VALUE;
 304:Src/system_stm32u5xx.c ****     break;
 305:Src/system_stm32u5xx.c **** 
 306:Src/system_stm32u5xx.c ****   case 0x0C:  /* PLL used as system clock source */
 307:Src/system_stm32u5xx.c ****     /* PLL_VCO = (HSE_VALUE or HSI_VALUE or MSI_VALUE/ PLLM) * PLLN
 308:Src/system_stm32u5xx.c ****     SYSCLK = PLL_VCO / PLLR
 309:Src/system_stm32u5xx.c ****     */
 310:Src/system_stm32u5xx.c ****     pllsource = (RCC->PLL1CFGR & RCC_PLL1CFGR_PLL1SRC);
 311:Src/system_stm32u5xx.c ****     pllm = ((RCC->PLL1CFGR & RCC_PLL1CFGR_PLL1M)>> RCC_PLL1CFGR_PLL1M_Pos) + 1U;
 312:Src/system_stm32u5xx.c ****     pllfracen = ((RCC->PLL1CFGR & RCC_PLL1CFGR_PLL1FRACEN)>>RCC_PLL1CFGR_PLL1FRACEN_Pos);
 313:Src/system_stm32u5xx.c ****     fracn1 = (float_t)(uint32_t)(pllfracen* ((RCC->PLL1FRACR & RCC_PLL1FRACR_PLL1FRACN)>> RCC_PLL1F
 314:Src/system_stm32u5xx.c **** 
 315:Src/system_stm32u5xx.c ****       switch (pllsource)
 316:Src/system_stm32u5xx.c ****       {
 317:Src/system_stm32u5xx.c ****       case 0x00:  /* No clock sent to PLL*/
 318:Src/system_stm32u5xx.c ****         pllvco = (float_t)0U;
 319:Src/system_stm32u5xx.c ****         break;
 320:Src/system_stm32u5xx.c **** 
 321:Src/system_stm32u5xx.c ****       case 0x02:  /* HSI used as PLL clock source */
 322:Src/system_stm32u5xx.c ****         pllvco = ((float_t)HSI_VALUE / (float_t)pllm);
 323:Src/system_stm32u5xx.c ****         break;
 324:Src/system_stm32u5xx.c **** 
 325:Src/system_stm32u5xx.c ****       case 0x03:  /* HSE used as PLL clock source */
 326:Src/system_stm32u5xx.c ****         pllvco = ((float_t)HSE_VALUE / (float_t)pllm);
 327:Src/system_stm32u5xx.c ****         break;
 328:Src/system_stm32u5xx.c **** 
 329:Src/system_stm32u5xx.c ****       default:    /* MSI used as PLL clock source */
 330:Src/system_stm32u5xx.c ****         pllvco = ((float_t)msirange / (float_t)pllm);
 331:Src/system_stm32u5xx.c ****         break;
 332:Src/system_stm32u5xx.c ****       }
 333:Src/system_stm32u5xx.c **** 
 334:Src/system_stm32u5xx.c ****       pllvco = pllvco * ((float_t)(uint32_t)(RCC->PLL1DIVR & RCC_PLL1DIVR_PLL1N) + (fracn1/(float_t
 335:Src/system_stm32u5xx.c ****       pllr = (((RCC->PLL1DIVR & RCC_PLL1DIVR_PLL1R) >> RCC_PLL1DIVR_PLL1R_Pos) + 1U );
 336:Src/system_stm32u5xx.c ****       SystemCoreClock = (uint32_t)((uint32_t)pllvco/pllr);
 337:Src/system_stm32u5xx.c ****       break;
 338:Src/system_stm32u5xx.c **** 
 339:Src/system_stm32u5xx.c ****   default:
ARM GAS  C:\Users\Ya\AppData\Local\Temp\cczgYFPg.s 			page 10


 340:Src/system_stm32u5xx.c ****     SystemCoreClock = msirange;
 341:Src/system_stm32u5xx.c ****     break;
 342:Src/system_stm32u5xx.c ****   }
 343:Src/system_stm32u5xx.c ****   /* Compute HCLK clock frequency --------------------------------------------*/
 344:Src/system_stm32u5xx.c ****   /* Get HCLK prescaler */
 345:Src/system_stm32u5xx.c ****   tmp = AHBPrescTable[((RCC->CFGR2 & RCC_CFGR2_HPRE) >> RCC_CFGR2_HPRE_Pos)];
 174              		.loc 1 345 3 view .LVU47
 175              		.loc 1 345 28 is_stmt 0 view .LVU48
 176 0046 384B     		ldr	r3, .L22
 177 0048 1B6A     		ldr	r3, [r3, #32]
 178              		.loc 1 345 54 view .LVU49
 179 004a 03F00F03 		and	r3, r3, #15
 180              		.loc 1 345 22 view .LVU50
 181 004e 394A     		ldr	r2, .L22+12
 182 0050 D15C     		ldrb	r1, [r2, r3]	@ zero_extendqisi2
 183              	.LVL6:
 346:Src/system_stm32u5xx.c ****   /* HCLK clock frequency */
 347:Src/system_stm32u5xx.c ****   SystemCoreClock >>= tmp;
 184              		.loc 1 347 3 is_stmt 1 view .LVU51
 185              		.loc 1 347 19 is_stmt 0 view .LVU52
 186 0052 374A     		ldr	r2, .L22+8
 187 0054 1368     		ldr	r3, [r2]
 188 0056 CB40     		lsrs	r3, r3, r1
 189 0058 1360     		str	r3, [r2]
 348:Src/system_stm32u5xx.c **** }
 190              		.loc 1 348 1 view .LVU53
 191 005a 5DF8044B 		ldr	r4, [sp], #4
 192              		.cfi_remember_state
 193              		.cfi_restore 4
 194              		.cfi_def_cfa_offset 0
 195 005e 7047     		bx	lr
 196              	.LVL7:
 197              	.L11:
 198              		.cfi_restore_state
 299:Src/system_stm32u5xx.c ****     break;
 199              		.loc 1 299 5 is_stmt 1 view .LVU54
 299:Src/system_stm32u5xx.c ****     break;
 200              		.loc 1 299 21 is_stmt 0 view .LVU55
 201 0060 334B     		ldr	r3, .L22+8
 202 0062 354A     		ldr	r2, .L22+16
 203              	.LVL8:
 299:Src/system_stm32u5xx.c ****     break;
 204              		.loc 1 299 21 view .LVU56
 205 0064 1A60     		str	r2, [r3]
 300:Src/system_stm32u5xx.c **** 
 206              		.loc 1 300 5 is_stmt 1 view .LVU57
 207 0066 EEE7     		b	.L13
 208              	.LVL9:
 209              	.L10:
 303:Src/system_stm32u5xx.c ****     break;
 210              		.loc 1 303 5 view .LVU58
 303:Src/system_stm32u5xx.c ****     break;
 211              		.loc 1 303 21 is_stmt 0 view .LVU59
 212 0068 314B     		ldr	r3, .L22+8
 213 006a 334A     		ldr	r2, .L22+16
 214              	.LVL10:
 303:Src/system_stm32u5xx.c ****     break;
ARM GAS  C:\Users\Ya\AppData\Local\Temp\cczgYFPg.s 			page 11


 215              		.loc 1 303 21 view .LVU60
 216 006c 1A60     		str	r2, [r3]
 304:Src/system_stm32u5xx.c **** 
 217              		.loc 1 304 5 is_stmt 1 view .LVU61
 218 006e EAE7     		b	.L13
 219              	.LVL11:
 220              	.L8:
 310:Src/system_stm32u5xx.c ****     pllm = ((RCC->PLL1CFGR & RCC_PLL1CFGR_PLL1M)>> RCC_PLL1CFGR_PLL1M_Pos) + 1U;
 221              		.loc 1 310 5 view .LVU62
 310:Src/system_stm32u5xx.c ****     pllm = ((RCC->PLL1CFGR & RCC_PLL1CFGR_PLL1M)>> RCC_PLL1CFGR_PLL1M_Pos) + 1U;
 222              		.loc 1 310 21 is_stmt 0 view .LVU63
 223 0070 2D4C     		ldr	r4, .L22
 224 0072 A06A     		ldr	r0, [r4, #40]
 310:Src/system_stm32u5xx.c ****     pllm = ((RCC->PLL1CFGR & RCC_PLL1CFGR_PLL1M)>> RCC_PLL1CFGR_PLL1M_Pos) + 1U;
 225              		.loc 1 310 15 view .LVU64
 226 0074 00F00300 		and	r0, r0, #3
 227              	.LVL12:
 311:Src/system_stm32u5xx.c ****     pllfracen = ((RCC->PLL1CFGR & RCC_PLL1CFGR_PLL1FRACEN)>>RCC_PLL1CFGR_PLL1FRACEN_Pos);
 228              		.loc 1 311 5 is_stmt 1 view .LVU65
 311:Src/system_stm32u5xx.c ****     pllfracen = ((RCC->PLL1CFGR & RCC_PLL1CFGR_PLL1FRACEN)>>RCC_PLL1CFGR_PLL1FRACEN_Pos);
 229              		.loc 1 311 17 is_stmt 0 view .LVU66
 230 0078 A36A     		ldr	r3, [r4, #40]
 311:Src/system_stm32u5xx.c ****     pllfracen = ((RCC->PLL1CFGR & RCC_PLL1CFGR_PLL1FRACEN)>>RCC_PLL1CFGR_PLL1FRACEN_Pos);
 231              		.loc 1 311 49 view .LVU67
 232 007a C3F30323 		ubfx	r3, r3, #8, #4
 311:Src/system_stm32u5xx.c ****     pllfracen = ((RCC->PLL1CFGR & RCC_PLL1CFGR_PLL1FRACEN)>>RCC_PLL1CFGR_PLL1FRACEN_Pos);
 233              		.loc 1 311 10 view .LVU68
 234 007e 591C     		adds	r1, r3, #1
 235              	.LVL13:
 312:Src/system_stm32u5xx.c ****     fracn1 = (float_t)(uint32_t)(pllfracen* ((RCC->PLL1FRACR & RCC_PLL1FRACR_PLL1FRACN)>> RCC_PLL1F
 236              		.loc 1 312 5 is_stmt 1 view .LVU69
 312:Src/system_stm32u5xx.c ****     fracn1 = (float_t)(uint32_t)(pllfracen* ((RCC->PLL1FRACR & RCC_PLL1FRACR_PLL1FRACN)>> RCC_PLL1F
 237              		.loc 1 312 22 is_stmt 0 view .LVU70
 238 0080 A36A     		ldr	r3, [r4, #40]
 312:Src/system_stm32u5xx.c ****     fracn1 = (float_t)(uint32_t)(pllfracen* ((RCC->PLL1FRACR & RCC_PLL1FRACR_PLL1FRACN)>> RCC_PLL1F
 239              		.loc 1 312 15 view .LVU71
 240 0082 C3F3001C 		ubfx	ip, r3, #4, #1
 241              	.LVL14:
 313:Src/system_stm32u5xx.c **** 
 242              		.loc 1 313 5 is_stmt 1 view .LVU72
 313:Src/system_stm32u5xx.c **** 
 243              		.loc 1 313 50 is_stmt 0 view .LVU73
 244 0086 A36B     		ldr	r3, [r4, #56]
 313:Src/system_stm32u5xx.c **** 
 245              		.loc 1 313 88 view .LVU74
 246 0088 C3F3CC03 		ubfx	r3, r3, #3, #13
 313:Src/system_stm32u5xx.c **** 
 247              		.loc 1 313 23 view .LVU75
 248 008c 0CFB03F3 		mul	r3, ip, r3
 249 0090 07EE103A 		vmov	s14, r3	@ int
 313:Src/system_stm32u5xx.c **** 
 250              		.loc 1 313 12 view .LVU76
 251 0094 B8EE477A 		vcvt.f32.u32	s14, s14
 252              	.LVL15:
 315:Src/system_stm32u5xx.c ****       {
 253              		.loc 1 315 7 is_stmt 1 view .LVU77
 254 0098 0228     		cmp	r0, #2
ARM GAS  C:\Users\Ya\AppData\Local\Temp\cczgYFPg.s 			page 12


 255 009a 0DD0     		beq	.L14
 256 009c 0328     		cmp	r0, #3
 257 009e 14D0     		beq	.L15
 258 00a0 E0B1     		cbz	r0, .L21
 330:Src/system_stm32u5xx.c ****         break;
 259              		.loc 1 330 9 view .LVU78
 330:Src/system_stm32u5xx.c ****         break;
 260              		.loc 1 330 19 is_stmt 0 view .LVU79
 261 00a2 07EE902A 		vmov	s15, r2	@ int
 262 00a6 B8EE676A 		vcvt.f32.u32	s12, s15
 330:Src/system_stm32u5xx.c ****         break;
 263              		.loc 1 330 39 view .LVU80
 264 00aa 07EE901A 		vmov	s15, r1	@ int
 265 00ae F8EE677A 		vcvt.f32.u32	s15, s15
 330:Src/system_stm32u5xx.c ****         break;
 266              		.loc 1 330 16 view .LVU81
 267 00b2 C6EE276A 		vdiv.f32	s13, s12, s15
 268              	.LVL16:
 331:Src/system_stm32u5xx.c ****       }
 269              		.loc 1 331 9 is_stmt 1 view .LVU82
 270 00b6 13E0     		b	.L16
 271              	.LVL17:
 272              	.L14:
 322:Src/system_stm32u5xx.c ****         break;
 273              		.loc 1 322 9 view .LVU83
 322:Src/system_stm32u5xx.c ****         break;
 274              		.loc 1 322 40 is_stmt 0 view .LVU84
 275 00b8 07EE901A 		vmov	s15, r1	@ int
 276 00bc F8EE677A 		vcvt.f32.u32	s15, s15
 322:Src/system_stm32u5xx.c ****         break;
 277              		.loc 1 322 16 view .LVU85
 278 00c0 9FED1E6A 		vldr.32	s12, .L22+20
 279 00c4 C6EE276A 		vdiv.f32	s13, s12, s15
 280              	.LVL18:
 323:Src/system_stm32u5xx.c **** 
 281              		.loc 1 323 9 is_stmt 1 view .LVU86
 282 00c8 0AE0     		b	.L16
 283              	.LVL19:
 284              	.L15:
 326:Src/system_stm32u5xx.c ****         break;
 285              		.loc 1 326 9 view .LVU87
 326:Src/system_stm32u5xx.c ****         break;
 286              		.loc 1 326 40 is_stmt 0 view .LVU88
 287 00ca 07EE901A 		vmov	s15, r1	@ int
 288 00ce F8EE677A 		vcvt.f32.u32	s15, s15
 326:Src/system_stm32u5xx.c ****         break;
 289              		.loc 1 326 16 view .LVU89
 290 00d2 9FED1A6A 		vldr.32	s12, .L22+20
 291 00d6 C6EE276A 		vdiv.f32	s13, s12, s15
 292              	.LVL20:
 327:Src/system_stm32u5xx.c **** 
 293              		.loc 1 327 9 is_stmt 1 view .LVU90
 294 00da 01E0     		b	.L16
 295              	.LVL21:
 296              	.L21:
 327:Src/system_stm32u5xx.c **** 
 297              		.loc 1 327 9 is_stmt 0 view .LVU91
ARM GAS  C:\Users\Ya\AppData\Local\Temp\cczgYFPg.s 			page 13


 298 00dc DFED186A 		vldr.32	s13, .L22+24
 299              	.L16:
 300              	.LVL22:
 334:Src/system_stm32u5xx.c ****       pllr = (((RCC->PLL1DIVR & RCC_PLL1DIVR_PLL1R) >> RCC_PLL1DIVR_PLL1R_Pos) + 1U );
 301              		.loc 1 334 7 is_stmt 1 view .LVU92
 334:Src/system_stm32u5xx.c ****       pllr = (((RCC->PLL1DIVR & RCC_PLL1DIVR_PLL1R) >> RCC_PLL1DIVR_PLL1R_Pos) + 1U );
 302              		.loc 1 334 49 is_stmt 0 view .LVU93
 303 00e0 114A     		ldr	r2, .L22
 304              	.LVL23:
 334:Src/system_stm32u5xx.c ****       pllr = (((RCC->PLL1DIVR & RCC_PLL1DIVR_PLL1R) >> RCC_PLL1DIVR_PLL1R_Pos) + 1U );
 305              		.loc 1 334 49 view .LVU94
 306 00e2 536B     		ldr	r3, [r2, #52]
 334:Src/system_stm32u5xx.c ****       pllr = (((RCC->PLL1DIVR & RCC_PLL1DIVR_PLL1R) >> RCC_PLL1DIVR_PLL1R_Pos) + 1U );
 307              		.loc 1 334 35 view .LVU95
 308 00e4 C3F30803 		ubfx	r3, r3, #0, #9
 309 00e8 07EE903A 		vmov	s15, r3	@ int
 334:Src/system_stm32u5xx.c ****       pllr = (((RCC->PLL1DIVR & RCC_PLL1DIVR_PLL1R) >> RCC_PLL1DIVR_PLL1R_Pos) + 1U );
 310              		.loc 1 334 26 view .LVU96
 311 00ec F8EE677A 		vcvt.f32.u32	s15, s15
 334:Src/system_stm32u5xx.c ****       pllr = (((RCC->PLL1DIVR & RCC_PLL1DIVR_PLL1R) >> RCC_PLL1DIVR_PLL1R_Pos) + 1U );
 312              		.loc 1 334 91 view .LVU97
 313 00f0 9FED146A 		vldr.32	s12, .L22+28
 314 00f4 27EE067A 		vmul.f32	s14, s14, s12
 315              	.LVL24:
 334:Src/system_stm32u5xx.c ****       pllr = (((RCC->PLL1DIVR & RCC_PLL1DIVR_PLL1R) >> RCC_PLL1DIVR_PLL1R_Pos) + 1U );
 316              		.loc 1 334 82 view .LVU98
 317 00f8 77EE877A 		vadd.f32	s15, s15, s14
 334:Src/system_stm32u5xx.c ****       pllr = (((RCC->PLL1DIVR & RCC_PLL1DIVR_PLL1R) >> RCC_PLL1DIVR_PLL1R_Pos) + 1U );
 318              		.loc 1 334 109 view .LVU99
 319 00fc B7EE007A 		vmov.f32	s14, #1.0e+0
 320 0100 77EE877A 		vadd.f32	s15, s15, s14
 334:Src/system_stm32u5xx.c ****       pllr = (((RCC->PLL1DIVR & RCC_PLL1DIVR_PLL1R) >> RCC_PLL1DIVR_PLL1R_Pos) + 1U );
 321              		.loc 1 334 14 view .LVU100
 322 0104 67EEA67A 		vmul.f32	s15, s15, s13
 323              	.LVL25:
 335:Src/system_stm32u5xx.c ****       SystemCoreClock = (uint32_t)((uint32_t)pllvco/pllr);
 324              		.loc 1 335 7 is_stmt 1 view .LVU101
 335:Src/system_stm32u5xx.c ****       SystemCoreClock = (uint32_t)((uint32_t)pllvco/pllr);
 325              		.loc 1 335 20 is_stmt 0 view .LVU102
 326 0108 526B     		ldr	r2, [r2, #52]
 335:Src/system_stm32u5xx.c ****       SystemCoreClock = (uint32_t)((uint32_t)pllvco/pllr);
 327              		.loc 1 335 53 view .LVU103
 328 010a C2F30662 		ubfx	r2, r2, #24, #7
 335:Src/system_stm32u5xx.c ****       SystemCoreClock = (uint32_t)((uint32_t)pllvco/pllr);
 329              		.loc 1 335 12 view .LVU104
 330 010e 0132     		adds	r2, r2, #1
 331              	.LVL26:
 336:Src/system_stm32u5xx.c ****       break;
 332              		.loc 1 336 7 is_stmt 1 view .LVU105
 336:Src/system_stm32u5xx.c ****       break;
 333              		.loc 1 336 36 is_stmt 0 view .LVU106
 334 0110 FCEEE77A 		vcvt.u32.f32	s15, s15
 335              	.LVL27:
 336:Src/system_stm32u5xx.c ****       break;
 336              		.loc 1 336 36 view .LVU107
 337 0114 17EE903A 		vmov	r3, s15	@ int
 336:Src/system_stm32u5xx.c ****       break;
ARM GAS  C:\Users\Ya\AppData\Local\Temp\cczgYFPg.s 			page 14


 338              		.loc 1 336 25 view .LVU108
 339 0118 B3FBF2F3 		udiv	r3, r3, r2
 336:Src/system_stm32u5xx.c ****       break;
 340              		.loc 1 336 23 view .LVU109
 341 011c 044A     		ldr	r2, .L22+8
 342              	.LVL28:
 336:Src/system_stm32u5xx.c ****       break;
 343              		.loc 1 336 23 view .LVU110
 344 011e 1360     		str	r3, [r2]
 337:Src/system_stm32u5xx.c **** 
 345              		.loc 1 337 7 is_stmt 1 view .LVU111
 346 0120 91E7     		b	.L13
 347              	.LVL29:
 348              	.L7:
 340:Src/system_stm32u5xx.c ****     break;
 349              		.loc 1 340 5 view .LVU112
 340:Src/system_stm32u5xx.c ****     break;
 350              		.loc 1 340 21 is_stmt 0 view .LVU113
 351 0122 034B     		ldr	r3, .L22+8
 352 0124 1A60     		str	r2, [r3]
 341:Src/system_stm32u5xx.c ****   }
 353              		.loc 1 341 5 is_stmt 1 view .LVU114
 354 0126 8EE7     		b	.L13
 355              	.L23:
 356              		.align	2
 357              	.L22:
 358 0128 000C0246 		.word	1174539264
 359 012c 00000000 		.word	MSIRangeTable
 360 0130 00000000 		.word	SystemCoreClock
 361 0134 00000000 		.word	AHBPrescTable
 362 0138 0024F400 		.word	16000000
 363 013c 0024744B 		.word	1265902592
 364 0140 00000000 		.word	0
 365 0144 00000039 		.word	956301312
 366              		.cfi_endproc
 367              	.LFE341:
 369              		.global	MSIRangeTable
 370              		.section	.rodata.MSIRangeTable,"a"
 371              		.align	2
 374              	MSIRangeTable:
 375 0000 006CDC02 		.word	48000000
 376 0004 00366E01 		.word	24000000
 377 0008 0024F400 		.word	16000000
 378 000c 001BB700 		.word	12000000
 379 0010 00093D00 		.word	4000000
 380 0014 80841E00 		.word	2000000
 381 0018 60E31600 		.word	1500000
 382 001c 40420F00 		.word	1000000
 383 0020 00E02E00 		.word	3072000
 384 0024 00701700 		.word	1536000
 385 0028 00A00F00 		.word	1024000
 386 002c 00B80B00 		.word	768000
 387 0030 801A0600 		.word	400000
 388 0034 400D0300 		.word	200000
 389 0038 F0490200 		.word	150000
 390 003c A0860100 		.word	100000
 391              		.global	APBPrescTable
ARM GAS  C:\Users\Ya\AppData\Local\Temp\cczgYFPg.s 			page 15


 392              		.section	.rodata.APBPrescTable,"a"
 393              		.align	2
 396              	APBPrescTable:
 397 0000 00000000 		.ascii	"\000\000\000\000\001\002\003\004"
 397      01020304 
 398              		.global	AHBPrescTable
 399              		.section	.rodata.AHBPrescTable,"a"
 400              		.align	2
 403              	AHBPrescTable:
 404 0000 00000000 		.ascii	"\000\000\000\000\000\000\000\000\001\002\003\004\006"
 404      00000000 
 404      01020304 
 404      06
 405 000d 070809   		.ascii	"\007\010\011"
 406              		.global	SystemCoreClock
 407              		.section	.data.SystemCoreClock,"aw"
 408              		.align	2
 411              	SystemCoreClock:
 412 0000 00093D00 		.word	4000000
 413              		.text
 414              	.Letext0:
 415              		.file 2 "c:\\users\\ya\\appdata\\roaming\\code\\user\\globalstorage\\bmd.stm32-for-vscode\\@xpack-
 416              		.file 3 "c:\\users\\ya\\appdata\\roaming\\code\\user\\globalstorage\\bmd.stm32-for-vscode\\@xpack-
 417              		.file 4 "Drivers/CMSIS/Include/core_cm33.h"
 418              		.file 5 "Drivers/CMSIS/Device/ST/STM32U5xx/Include/system_stm32u5xx.h"
 419              		.file 6 "Drivers/CMSIS/Device/ST/STM32U5xx/Include/stm32u575xx.h"
 420              		.file 7 "c:\\users\\ya\\appdata\\roaming\\code\\user\\globalstorage\\bmd.stm32-for-vscode\\@xpack-
ARM GAS  C:\Users\Ya\AppData\Local\Temp\cczgYFPg.s 			page 16


DEFINED SYMBOLS
                            *ABS*:0000000000000000 system_stm32u5xx.c
C:\Users\Ya\AppData\Local\Temp\cczgYFPg.s:22     .text.SystemInit:0000000000000000 $t
C:\Users\Ya\AppData\Local\Temp\cczgYFPg.s:28     .text.SystemInit:0000000000000000 SystemInit
C:\Users\Ya\AppData\Local\Temp\cczgYFPg.s:85     .text.SystemInit:000000000000003c $d
C:\Users\Ya\AppData\Local\Temp\cczgYFPg.s:91     .text.SystemCoreClockUpdate:0000000000000000 $t
C:\Users\Ya\AppData\Local\Temp\cczgYFPg.s:97     .text.SystemCoreClockUpdate:0000000000000000 SystemCoreClockUpdate
C:\Users\Ya\AppData\Local\Temp\cczgYFPg.s:140    .text.SystemCoreClockUpdate:000000000000002c $d
C:\Users\Ya\AppData\Local\Temp\cczgYFPg.s:358    .text.SystemCoreClockUpdate:0000000000000128 $d
C:\Users\Ya\AppData\Local\Temp\cczgYFPg.s:374    .rodata.MSIRangeTable:0000000000000000 MSIRangeTable
C:\Users\Ya\AppData\Local\Temp\cczgYFPg.s:411    .data.SystemCoreClock:0000000000000000 SystemCoreClock
C:\Users\Ya\AppData\Local\Temp\cczgYFPg.s:403    .rodata.AHBPrescTable:0000000000000000 AHBPrescTable
C:\Users\Ya\AppData\Local\Temp\cczgYFPg.s:371    .rodata.MSIRangeTable:0000000000000000 $d
C:\Users\Ya\AppData\Local\Temp\cczgYFPg.s:396    .rodata.APBPrescTable:0000000000000000 APBPrescTable
C:\Users\Ya\AppData\Local\Temp\cczgYFPg.s:393    .rodata.APBPrescTable:0000000000000000 $d
C:\Users\Ya\AppData\Local\Temp\cczgYFPg.s:400    .rodata.AHBPrescTable:0000000000000000 $d
C:\Users\Ya\AppData\Local\Temp\cczgYFPg.s:408    .data.SystemCoreClock:0000000000000000 $d
C:\Users\Ya\AppData\Local\Temp\cczgYFPg.s:154    .text.SystemCoreClockUpdate:0000000000000039 $d
C:\Users\Ya\AppData\Local\Temp\cczgYFPg.s:154    .text.SystemCoreClockUpdate:000000000000003a $t

NO UNDEFINED SYMBOLS
